2024-04-24 16:53:00.646545 INFO::Writing function arguments to log file
2024-04-24 16:53:00.647885 DEBUG::Function arguments
2024-04-24 16:53:00.648637 DEBUG::Output folder: output_pwys
2024-04-24 16:53:00.649396 DEBUG::Min Abundance: 0.000000
2024-04-24 16:53:00.650148 DEBUG::Min Prevalence: 0.100000
2024-04-24 16:53:00.650957 DEBUG::Normalization: NONE
2024-04-24 16:53:00.651825 DEBUG::Transform: LOG
2024-04-24 16:53:00.652535 DEBUG::Analysis method: LM
2024-04-24 16:53:00.653249 DEBUG::Max significance: 0.250000
2024-04-24 16:53:00.653952 DEBUG::Random effects:
2024-04-24 16:53:00.654723 DEBUG::Fixed effects: disease,age,antibiotics_current_use
2024-04-24 16:53:00.655629 DEBUG::Correction method: BH
2024-04-24 16:53:00.656689 DEBUG::Standardize: TRUE
2024-04-24 16:53:00.657468 DEBUG::Cores: 1
2024-04-24 16:53:00.658204 INFO::Verifying options selected are valid
2024-04-24 16:53:00.659444 INFO::Determining format of input files
2024-04-24 16:53:00.660692 INFO::Input format is data samples as rows and metadata samples as rows
2024-04-24 16:53:00.667924 DEBUG::A total of 136 samples were found in both the data and metadata
2024-04-24 16:53:00.668823 DEBUG::Reordering data/metadata to use same sample ordering
2024-04-24 16:53:00.673143 INFO::Formula for fixed effects: expr ~  disease + age + antibiotics_current_use
2024-04-24 16:53:00.674617 INFO::Factor detected for categorial metadata 'disease'. Provide a reference argument or manually set factor ordering to change reference level.
2024-04-24 16:53:00.676021 INFO::Filter data based on min abundance and min prevalence
2024-04-24 16:53:00.677222 INFO::Total samples in data: 136
2024-04-24 16:53:00.678378 INFO::Min samples required with min abundance for a feature not to be filtered: 13.600000
2024-04-24 16:53:00.68451 INFO::Total filtered features: 113
2024-04-24 16:53:00.68607 INFO::Filtered feature names from abundance and prevalence filtering: PWY.5044..purine.nucleotides.degradation.I..plants., PROPFERM.PWY..L.alanine.fermentation.to.propanoate.and.acetate, PWY.6596..adenosine.nucleotides.degradation.I, PWY.5004..superpathway.of.L.citrulline.metabolism, UDPNACETYLGALSYN.PWY..UDP.N.acetyl.D.glucosamine.biosynthesis.II, PWY66.367..ketogenesis, PWY.5392..reductive.TCA.cycle.II, PWY.101..photosynthesis.light.reactions, PWY.7031..protein.N.glycosylation..bacterial., PWY.5265..peptidoglycan.biosynthesis.II..staphylococci., PWY.7268..NAD.NADP.NADH.NADPH.cytosolic.interconversion..yeast., PWY.7165..L.ascorbate.biosynthesis.VI..engineered.pathway., CATECHOL.ORTHO.CLEAVAGE.PWY..catechol.degradation.to..beta..ketoadipate, PWY.5417..catechol.degradation.III..ortho.cleavage.pathway., PWY.5431..aromatic.compounds.degradation.via..beta..ketoadipate, PWY3DJ.35471..L.ascorbate.biosynthesis.IV, PWY.6185..4.methylcatechol.degradation..ortho.cleavage., PWY.7245..superpathway.NAD.NADP...NADH.NADPH.interconversion..yeast., PWY.5181..toluene.degradation.III..aerobic...via.p.cresol., PWY.6562..norspermidine.biosynthesis, PWY.7431..aromatic.biogenic.amine.degradation..bacteria., PWY.6307..L.tryptophan.degradation.X..mammalian..via.tryptamine., PWY.6313..serotonin.degradation, URSIN.PWY..ureide.biosynthesis, LIPASYN.PWY..phospholipases, DHGLUCONATE.PYR.CAT.PWY..glucose.degradation..oxidative., DENITRIFICATION.PWY..nitrate.reduction.I..denitrification., PWY.6662..superpathway.of.quinolone.and.alkylquinolone.biosynthesis, PWY.6660..2.heptyl.3.hydroxy.4.1H..quinolone.biosynthesis, PWY.6182..superpathway.of.salicylate.degradation, P165.PWY..superpathway.of.purines.degradation.in.plants, PWY66.388..fatty.acid..alpha..oxidation.III, TYRFUMCAT.PWY..L.tyrosine.degradation.I, PWY.5101..L.isoleucine.biosynthesis.II, PWY.6167..flavin.biosynthesis.II..archaea., PWY.6748..nitrate.reduction.VII..denitrification., PWY.7039..phosphatidate.metabolism..as.a.signaling.molecule, VALDEG.PWY..L.valine.degradation.I, PWY.5198..factor.420.biosynthesis, PWY.6215..4.chlorobenzoate.degradation, AEROBACTINSYN.PWY..aerobactin.biosynthesis, P562.PWY..myo.inositol.degradation.I, PWY.7409..phospholipid.remodeling..phosphatidylethanolamine..yeast., PWY.4722..creatinine.degradation.II, PWY.3801..sucrose.degradation.II..sucrose.synthase., PWY.7345..superpathway.of.anaerobic.sucrose.degradation, P125.PWY..superpathway.of..R.R..butanediol.biosynthesis, PWY.5994..palmitate.biosynthesis.I..animals.and.fungi., PWY.4321..L.glutamate.degradation.IV, PWY.7528..L.methionine.salvage.cycle.I..bacteria.and.plants., PWY.4361..S.methyl.5.thio..alpha..D.ribose.1.phosphate.degradation, PWY.1541..superpathway.of.taurine.degradation, PWY.5654..2.amino.3.carboxymuconate.semialdehyde.degradation.to.2.oxopentenoate, PWY.6210..2.aminophenol.degradation, PWY.6071..superpathway.of.phenylethylamine.degradation, PWY0.321..phenylacetate.degradation.I..aerobic., PWY.7200..superpathway.of.pyrimidine.deoxyribonucleoside.salvage, PWY.2221..Entner.Doudoroff.pathway.III..semi.phosphorylative., PWY.6992..1.5.anhydrofructose.degradation, PWY.7294..xylose.degradation.IV, PWY.6145..superpathway.of.sialic.acids.and.CMP.sialic.acids.biosynthesis, PWY.5180..toluene.degradation.I..aerobic...via.o.cresol., PWY.5182..toluene.degradation.II..aerobic...via.4.methylcatechol., PWY.5415..catechol.degradation.I..meta.cleavage.pathway., PWY.6785..hydrogen.production.VIII, PWY.5509..adenosylcobalamin.biosynthesis.from.cobyrinate.a.c.diamide.I, PWY.6641..superpathway.of.sulfolactate.degradation, PWY.7527..L.methionine.salvage.cycle.III, PWY.6396..superpathway.of.2.3.butanediol.biosynthesis, PWY.6467..Kdo.transfer.to.lipid.IVA.III..Chlamydia., X7ALPHADEHYDROX.PWY..cholate.degradation..bacteria..anaerobic., PWY.7374..1.4.dihydroxy.6.naphthoate.biosynthesis.I, PWY.6906..chitin.derivatives.degradation, PWY.5514..UDP.N.acetyl.D.galactosamine.biosynthesis.II, PWY.7317..superpathway.of.dTDP.glucose.derived.O.antigen.building.blocks.biosynthesis, PWY.7218..photosynthetic.3.hydroxybutanoate.biosynthesis..engineered., PHOTOALL.PWY..oxygenic.photosynthesis, PWY.6344..L.ornithine.degradation.II..Stickland.reaction., P621.PWY..nylon.6.oligomer.degradation, PWY.5028..L.histidine.degradation.II, CRNFORCAT.PWY..creatinine.degradation.I, PWY.6269..adenosylcobalamin.salvage.from.cobinamide.II, PWY.7389..superpathway.of.anaerobic.energy.metabolism..invertebrates., PWY.7384..anaerobic.energy.metabolism..invertebrates..mitochondrial., PWY.6165..chorismate.biosynthesis.II..archaea., PWY5F9.12..biphenyl.degradation, PWY.5647..2.nitrobenzoate.degradation.I, PWY.6138..CMP.N.acetylneuraminate.biosynthesis.I..eukaryotes., PWY.5910..superpathway.of.geranylgeranyldiphosphate.biosynthesis.I..via.mevalonate., PWY.922..mevalonate.pathway.I, PWY.6435..4.hydroxybenzoate.biosynthesis.V, PWY3O.1109..superpathway.of.4.hydroxybenzoate.biosynthesis..yeast., PWY.5754..4.hydroxybenzoate.biosynthesis.I..eukaryotes., PWY1G.0..mycothiol.biosynthesis, PWY.1501..mandelate.degradation.I, PWY.6107..chlorosalicylate.degradation, PWY.5534..propylene.degradation, PWY.7118..chitin.degradation.to.ethanol, PWY.7290..Escherichia.coli.serotype.O86.O.antigen.biosynthesis, PWY.181..photorespiration, PWY.1622..formaldehyde.assimilation.I..serine.pathway., CODH.PWY..reductive.acetyl.coenzyme.A.pathway, PWY.6349..CDP.archaeol.biosynthesis, PWY.6174..mevalonate.pathway.II..archaea., PWY.7286..7..3.amino.3.carboxypropyl..wyosine.biosynthesis, METHANOGENESIS.PWY..methanogenesis.from.H2.and.CO2, PWY.7391..isoprene.biosynthesis.II..engineered., PWY.5055..nicotinate.degradation.III, PWY.7399..methylphosphonate.degradation.II, P241.PWY..coenzyme.B.biosynthesis, PWY.5178..toluene.degradation.IV..aerobic...via.catechol., PWY.5420..catechol.degradation.II..meta.cleavage.pathway., PWY.5419..catechol.degradation.to.2.oxopent.4.enoate.II
2024-04-24 16:53:00.693836 INFO::Total filtered features with variance filtering: 0
2024-04-24 16:53:00.695272 INFO::Filtered feature names from variance filtering:
2024-04-24 16:53:00.696458 INFO::Running selected normalization method: NONE
2024-04-24 16:53:00.697584 INFO::Applying z-score to standardize continuous metadata
2024-04-24 16:53:00.702653 INFO::Running selected transform method: LOG
2024-04-24 16:53:00.714154 INFO::Running selected analysis method: LM
2024-04-24 16:53:00.715597 INFO::Fitting model to feature number 1, PWY.1042..glycolysis.IV..plant.cytosol.
2024-04-24 16:53:00.719364 INFO::Fitting model to feature number 2, DTDPRHAMSYN.PWY..dTDP.L.rhamnose.biosynthesis.I
2024-04-24 16:53:00.723146 INFO::Fitting model to feature number 3, PWY.5695..urate.biosynthesis.inosine.5..phosphate.degradation
2024-04-24 16:53:00.726874 INFO::Fitting model to feature number 4, PWY.6936..seleno.amino.acid.biosynthesis
2024-04-24 16:53:00.730643 INFO::Fitting model to feature number 5, ILEUSYN.PWY..L.isoleucine.biosynthesis.I..from.threonine.
2024-04-24 16:53:00.7346 INFO::Fitting model to feature number 6, PWY.7111..pyruvate.fermentation.to.isobutanol..engineered.
2024-04-24 16:53:00.738419 INFO::Fitting model to feature number 7, VALSYN.PWY..L.valine.biosynthesis
2024-04-24 16:53:00.742238 INFO::Fitting model to feature number 8, PWY.6609..adenine.and.adenosine.salvage.III
2024-04-24 16:53:00.745993 INFO::Fitting model to feature number 9, PWY.6737..starch.degradation.V
2024-04-24 16:53:00.749912 INFO::Fitting model to feature number 10, PWY.7219..adenosine.ribonucleotides.de.novo.biosynthesis
2024-04-24 16:53:00.754152 INFO::Fitting model to feature number 11, PWY0.1586..peptidoglycan.maturation..meso.diaminopimelate.containing.
2024-04-24 16:53:00.75792 INFO::Fitting model to feature number 12, ASPASN.PWY..superpathway.of.L.aspartate.and.L.asparagine.biosynthesis
2024-04-24 16:53:00.76187 INFO::Fitting model to feature number 13, PWY.5973..cis.vaccenate.biosynthesis
2024-04-24 16:53:00.76622 INFO::Fitting model to feature number 14, PWY.7221..guanosine.ribonucleotides.de.novo.biosynthesis
2024-04-24 16:53:00.770074 INFO::Fitting model to feature number 15, PWY.5686..UMP.biosynthesis
2024-04-24 16:53:00.773803 INFO::Fitting model to feature number 16, X1CMET2.PWY..N10.formyl.tetrahydrofolate.biosynthesis
2024-04-24 16:53:00.777525 INFO::Fitting model to feature number 17, PWY.6122..5.aminoimidazole.ribonucleotide.biosynthesis.II
2024-04-24 16:53:00.781419 INFO::Fitting model to feature number 18, PWY.6277..superpathway.of.5.aminoimidazole.ribonucleotide.biosynthesis
2024-04-24 16:53:00.785263 INFO::Fitting model to feature number 19, PWY.6385..peptidoglycan.biosynthesis.III..mycobacteria.
2024-04-24 16:53:00.789024 INFO::Fitting model to feature number 20, PWY.3841..folate.transformations.II
2024-04-24 16:53:00.792793 INFO::Fitting model to feature number 21, RIBOSYN2.PWY..flavin.biosynthesis.I..bacteria.and.plants.
2024-04-24 16:53:00.796667 INFO::Fitting model to feature number 22, PWY.6387..UDP.N.acetylmuramoyl.pentapeptide.biosynthesis.I..meso.diaminopimelate.containing.
2024-04-24 16:53:00.800792 INFO::Fitting model to feature number 23, THISYNARA.PWY..superpathway.of.thiamin.diphosphate.biosynthesis.III..eukaryotes.
2024-04-24 16:53:00.804654 INFO::Fitting model to feature number 24, PWY.7663..gondoate.biosynthesis..anaerobic.
2024-04-24 16:53:00.808379 INFO::Fitting model to feature number 25, PWY.6386..UDP.N.acetylmuramoyl.pentapeptide.biosynthesis.II..lysine.containing.
2024-04-24 16:53:00.812225 INFO::Fitting model to feature number 26, PWY.6700..queuosine.biosynthesis
2024-04-24 16:53:00.816065 INFO::Fitting model to feature number 27, PEPTIDOGLYCANSYN.PWY..peptidoglycan.biosynthesis.I..meso.diaminopimelate.containing.
2024-04-24 16:53:00.819904 INFO::Fitting model to feature number 28, TRNA.CHARGING.PWY..tRNA.charging
2024-04-24 16:53:00.823672 INFO::Fitting model to feature number 29, PWY.6121..5.aminoimidazole.ribonucleotide.biosynthesis.I
2024-04-24 16:53:00.827354 INFO::Fitting model to feature number 30, HISTSYN.PWY..L.histidine.biosynthesis
2024-04-24 16:53:00.831374 INFO::Fitting model to feature number 31, PWY.7229..superpathway.of.adenosine.nucleotides.de.novo.biosynthesis.I
2024-04-24 16:53:00.835345 INFO::Fitting model to feature number 32, PWY.7199..pyrimidine.deoxyribonucleosides.salvage
2024-04-24 16:53:00.839186 INFO::Fitting model to feature number 33, PANTO.PWY..phosphopantothenate.biosynthesis.I
2024-04-24 16:53:00.842996 INFO::Fitting model to feature number 34, PWY.2942..L.lysine.biosynthesis.III
2024-04-24 16:53:00.84678 INFO::Fitting model to feature number 35, PWY.7237..myo...chiro..and.scillo.inositol.degradation
2024-04-24 16:53:00.850638 INFO::Fitting model to feature number 36, PWY.6168..flavin.biosynthesis.III..fungi.
2024-04-24 16:53:00.854539 INFO::Fitting model to feature number 37, COA.PWY.1..coenzyme.A.biosynthesis.II..mammalian.
2024-04-24 16:53:00.858483 INFO::Fitting model to feature number 38, PWY.5667..CDP.diacylglycerol.biosynthesis.I
2024-04-24 16:53:00.862489 INFO::Fitting model to feature number 39, PWY0.1319..CDP.diacylglycerol.biosynthesis.II
2024-04-24 16:53:00.866262 INFO::Fitting model to feature number 40, PWY.5097..L.lysine.biosynthesis.VI
2024-04-24 16:53:00.871891 INFO::Fitting model to feature number 41, ANAGLYCOLYSIS.PWY..glycolysis.III..from.glucose.
2024-04-24 16:53:00.876916 INFO::Fitting model to feature number 42, PWY.6123..inosine.5..phosphate.biosynthesis.I
2024-04-24 16:53:00.880897 INFO::Fitting model to feature number 43, ARGININE.SYN4.PWY..L.ornithine.de.novo..biosynthesis
2024-04-24 16:53:00.885141 INFO::Fitting model to feature number 44, PWY.6163..chorismate.biosynthesis.from.3.dehydroquinate
2024-04-24 16:53:00.88919 INFO::Fitting model to feature number 45, THRESYN.PWY..superpathway.of.L.threonine.biosynthesis
2024-04-24 16:53:00.893367 INFO::Fitting model to feature number 46, PYRIDNUCSYN.PWY..NAD.biosynthesis.I..from.aspartate.
2024-04-24 16:53:00.897239 INFO::Fitting model to feature number 47, PWY.6124..inosine.5..phosphate.biosynthesis.II
2024-04-24 16:53:00.901316 INFO::Fitting model to feature number 48, PWY.6147..6.hydroxymethyl.dihydropterin.diphosphate.biosynthesis.I
2024-04-24 16:53:00.90552 INFO::Fitting model to feature number 49, PWY.7539..6.hydroxymethyl.dihydropterin.diphosphate.biosynthesis.III..Chlamydia.
2024-04-24 16:53:00.90969 INFO::Fitting model to feature number 50, PWY.6151..S.adenosyl.L.methionine.cycle.I
2024-04-24 16:53:00.913471 INFO::Fitting model to feature number 51, SER.GLYSYN.PWY..superpathway.of.L.serine.and.glycine.biosynthesis.I
2024-04-24 16:53:00.91731 INFO::Fitting model to feature number 52, PWY.6126..superpathway.of.adenosine.nucleotides.de.novo.biosynthesis.II
2024-04-24 16:53:00.921082 INFO::Fitting model to feature number 53, PANTOSYN.PWY..pantothenate.and.coenzyme.A.biosynthesis.I
2024-04-24 16:53:00.925062 INFO::Fitting model to feature number 54, PWY.7228..superpathway.of.guanosine.nucleotides.de.novo.biosynthesis.I
2024-04-24 16:53:00.928784 INFO::Fitting model to feature number 55, COA.PWY..coenzyme.A.biosynthesis.I
2024-04-24 16:53:00.932493 INFO::Fitting model to feature number 56, PWY.4242..pantothenate.and.coenzyme.A.biosynthesis.III
2024-04-24 16:53:00.936331 INFO::Fitting model to feature number 57, PWY.6703..preQ0.biosynthesis
2024-04-24 16:53:00.940089 INFO::Fitting model to feature number 58, THISYN.PWY..superpathway.of.thiamin.diphosphate.biosynthesis.I
2024-04-24 16:53:00.943855 INFO::Fitting model to feature number 59, HISDEG.PWY..L.histidine.degradation.I
2024-04-24 16:53:00.947559 INFO::Fitting model to feature number 60, PWY.5659..GDP.mannose.biosynthesis
2024-04-24 16:53:00.951332 INFO::Fitting model to feature number 61, PWY.5030..L.histidine.degradation.III
2024-04-24 16:53:00.955378 INFO::Fitting model to feature number 62, PWY.5484..glycolysis.II..from.fructose.6.phosphate.
2024-04-24 16:53:00.959125 INFO::Fitting model to feature number 63, PWY.3001..superpathway.of.L.isoleucine.biosynthesis.I
2024-04-24 16:53:00.962875 INFO::Fitting model to feature number 64, PWY.6125..superpathway.of.guanosine.nucleotides.de.novo.biosynthesis.II
2024-04-24 16:53:00.966566 INFO::Fitting model to feature number 65, TRPSYN.PWY..L.tryptophan.biosynthesis
2024-04-24 16:53:00.970517 INFO::Fitting model to feature number 66, GLYCOLYSIS..glycolysis.I..from.glucose.6.phosphate.
2024-04-24 16:53:00.974304 INFO::Fitting model to feature number 67, PWY.724..superpathway.of.L.lysine..L.threonine.and.L.methionine.biosynthesis.II
2024-04-24 16:53:00.977986 INFO::Fitting model to feature number 68, PWY.6897..thiamin.salvage.II
2024-04-24 16:53:00.981694 INFO::Fitting model to feature number 69, BRANCHED.CHAIN.AA.SYN.PWY..superpathway.of.branched.amino.acid.biosynthesis
2024-04-24 16:53:00.985561 INFO::Fitting model to feature number 70, CALVIN.PWY..Calvin.Benson.Bassham.cycle
2024-04-24 16:53:00.989321 INFO::Fitting model to feature number 71, PWY.841..superpathway.of.purine.nucleotides.de.novo.biosynthesis.I
2024-04-24 16:53:00.99314 INFO::Fitting model to feature number 72, COMPLETE.ARO.PWY..superpathway.of.aromatic.amino.acid.biosynthesis
2024-04-24 16:53:00.996798 INFO::Fitting model to feature number 73, PWY.7220..adenosine.deoxyribonucleotides.de.novo.biosynthesis.II
2024-04-24 16:53:01.000613 INFO::Fitting model to feature number 74, PWY.7222..guanosine.deoxyribonucleotides.de.novo.biosynthesis.II
2024-04-24 16:53:01.004461 INFO::Fitting model to feature number 75, DENOVOPURINE2.PWY..superpathway.of.purine.nucleotides.de.novo.biosynthesis.II
2024-04-24 16:53:01.0082 INFO::Fitting model to feature number 76, PWY.7357..thiamin.formation.from.pyrithiamine.and.oxythiamine..yeast.
2024-04-24 16:53:01.011981 INFO::Fitting model to feature number 77, PWY.5103..L.isoleucine.biosynthesis.III
2024-04-24 16:53:01.015674 INFO::Fitting model to feature number 78, ARO.PWY..chorismate.biosynthesis.I
2024-04-24 16:53:01.020745 INFO::Fitting model to feature number 79, PWY.7282..4.amino.2.methyl.5.phosphomethylpyrimidine.biosynthesis..yeast.
2024-04-24 16:53:01.025432 INFO::Fitting model to feature number 80, PWY0.845..superpathway.of.pyridoxal.5..phosphate.biosynthesis.and.salvage
2024-04-24 16:53:01.029229 INFO::Fitting model to feature number 81, ANAEROFRUCAT.PWY..homolactic.fermentation
2024-04-24 16:53:01.033126 INFO::Fitting model to feature number 82, PWY.6892..thiazole.biosynthesis.I..E..coli.
2024-04-24 16:53:01.038311 INFO::Fitting model to feature number 83, RHAMCAT.PWY..L.rhamnose.degradation.I
2024-04-24 16:53:01.042042 INFO::Fitting model to feature number 84, PYRIDOXSYN.PWY..pyridoxal.5..phosphate.biosynthesis.I
2024-04-24 16:53:01.045848 INFO::Fitting model to feature number 85, PWY.1269..CMP.3.deoxy.D.manno.octulosonate.biosynthesis.I
2024-04-24 16:53:01.049731 INFO::Fitting model to feature number 86, PHOSLIPSYN.PWY..superpathway.of.phospholipid.biosynthesis.I..bacteria.
2024-04-24 16:53:01.053529 INFO::Fitting model to feature number 87, CITRULBIO.PWY..L.citrulline.biosynthesis
2024-04-24 16:53:01.057335 INFO::Fitting model to feature number 88, NAGLIPASYN.PWY..lipid.IVA.biosynthesis
2024-04-24 16:53:01.061077 INFO::Fitting model to feature number 89, BIOTIN.BIOSYNTHESIS.PWY..biotin.biosynthesis.I
2024-04-24 16:53:01.064756 INFO::Fitting model to feature number 90, PWY.5154..L.arginine.biosynthesis.III..via.N.acetyl.L.citrulline.
2024-04-24 16:53:01.06867 INFO::Fitting model to feature number 91, FASYN.ELONG.PWY..fatty.acid.elongation....saturated
2024-04-24 16:53:01.072376 INFO::Fitting model to feature number 92, PENTOSE.P.PWY..pentose.phosphate.pathway
2024-04-24 16:53:01.076131 INFO::Fitting model to feature number 93, PWYG.321..mycolate.biosynthesis
2024-04-24 16:53:01.07983 INFO::Fitting model to feature number 94, PWY.6519..8.amino.7.oxononanoate.biosynthesis.I
2024-04-24 16:53:01.083737 INFO::Fitting model to feature number 95, PWY.7664..oleate.biosynthesis.IV..anaerobic.
2024-04-24 16:53:01.087527 INFO::Fitting model to feature number 96, PWY.4981..L.proline.biosynthesis.II..from.arginine.
2024-04-24 16:53:01.091213 INFO::Fitting model to feature number 97, GLYCOGENSYNTH.PWY..glycogen.biosynthesis.I..from.ADP.D.Glucose.
2024-04-24 16:53:01.094966 INFO::Fitting model to feature number 98, PWY.7388..octanoyl..acyl.carrier.protein..biosynthesis..mitochondria..yeast.
2024-04-24 16:53:01.098873 INFO::Fitting model to feature number 99, NONOXIPENT.PWY..pentose.phosphate.pathway..non.oxidative.branch.
2024-04-24 16:53:01.102893 INFO::Fitting model to feature number 100, COBALSYN.PWY..adenosylcobalamin.salvage.from.cobinamide.I
2024-04-24 16:53:01.107113 INFO::Fitting model to feature number 101, PWY.5989..stearate.biosynthesis.II..bacteria.and.plants.
2024-04-24 16:53:01.110888 INFO::Fitting model to feature number 102, PWY.6282..palmitoleate.biosynthesis.I..from..5Z..dodec.5.enoate.
2024-04-24 16:53:01.115954 INFO::Fitting model to feature number 103, PWY0.862...5Z..dodec.5.enoate.biosynthesis
2024-04-24 16:53:01.120528 INFO::Fitting model to feature number 104, PWY.7400..L.arginine.biosynthesis.IV..archaebacteria.
2024-04-24 16:53:01.124279 INFO::Fitting model to feature number 105, ARGSYN.PWY..L.arginine.biosynthesis.I..via.L.ornithine.
2024-04-24 16:53:01.128122 INFO::Fitting model to feature number 106, PWY.4984..urea.cycle
2024-04-24 16:53:01.131977 INFO::Fitting model to feature number 107, FASYN.INITIAL.PWY..superpathway.of.fatty.acid.biosynthesis.initiation..E..coli.
2024-04-24 16:53:01.135782 INFO::Fitting model to feature number 108, PWY4FS.7..phosphatidylglycerol.biosynthesis.I..plastidic.
2024-04-24 16:53:01.139588 INFO::Fitting model to feature number 109, PWY4FS.8..phosphatidylglycerol.biosynthesis.II..non.plastidic.
2024-04-24 16:53:01.143474 INFO::Fitting model to feature number 110, ARGSYNBSUB.PWY..L.arginine.biosynthesis.II..acetyl.cycle.
2024-04-24 16:53:01.14754 INFO::Fitting model to feature number 111, PWY.6317..galactose.degradation.I..Leloir.pathway.
2024-04-24 16:53:01.151546 INFO::Fitting model to feature number 112, PWY66.422..D.galactose.degradation.V..Leloir.pathway.
2024-04-24 16:53:01.155424 INFO::Fitting model to feature number 113, GLUTORN.PWY..L.ornithine.biosynthesis
2024-04-24 16:53:01.159317 INFO::Fitting model to feature number 114, PWY.2941..L.lysine.biosynthesis.II
2024-04-24 16:53:01.163528 INFO::Fitting model to feature number 115, PWY0.1296..purine.ribonucleosides.degradation
2024-04-24 16:53:01.16759 INFO::Fitting model to feature number 116, NAD.BIOSYNTHESIS.II..NAD.salvage.pathway.II
2024-04-24 16:53:01.171605 INFO::Fitting model to feature number 117, HSERMETANA.PWY..L.methionine.biosynthesis.III
2024-04-24 16:53:01.175533 INFO::Fitting model to feature number 118, PWY0.162..superpathway.of.pyrimidine.ribonucleotides.de.novo.biosynthesis
2024-04-24 16:53:01.179772 INFO::Fitting model to feature number 119, PWY.7208..superpathway.of.pyrimidine.nucleobases.salvage
2024-04-24 16:53:01.183749 INFO::Fitting model to feature number 120, TEICHOICACID.PWY..teichoic.acid..poly.glycerol..biosynthesis
2024-04-24 16:53:01.188798 INFO::Fitting model to feature number 121, PWY.6305..putrescine.biosynthesis.IV
2024-04-24 16:53:01.194793 INFO::Fitting model to feature number 122, GLUCONEO.PWY..gluconeogenesis.I
2024-04-24 16:53:01.198742 INFO::Fitting model to feature number 123, PWY.621..sucrose.degradation.III..sucrose.invertase.
2024-04-24 16:53:01.203089 INFO::Fitting model to feature number 124, PWY.6901..superpathway.of.glucose.and.xylose.degradation
2024-04-24 16:53:01.207089 INFO::Fitting model to feature number 125, POLYISOPRENSYN.PWY..polyisoprenoid.biosynthesis..E..coli.
2024-04-24 16:53:01.211313 INFO::Fitting model to feature number 126, PWY.7323..superpathway.of.GDP.mannose.derived.O.antigen.building.blocks.biosynthesis
2024-04-24 16:53:01.215308 INFO::Fitting model to feature number 127, PWY.5941..glycogen.degradation.II..eukaryotic.
2024-04-24 16:53:01.219336 INFO::Fitting model to feature number 128, PWY.6527..stachyose.degradation
2024-04-24 16:53:01.223286 INFO::Fitting model to feature number 129, PWY0.1261..anhydromuropeptides.recycling
2024-04-24 16:53:01.227283 INFO::Fitting model to feature number 130, PWY66.400..glycolysis.VI..metazoan.
2024-04-24 16:53:01.231233 INFO::Fitting model to feature number 131, PWY0.166..superpathway.of.pyrimidine.deoxyribonucleotides.de.novo.biosynthesis..E..coli.
2024-04-24 16:53:01.235212 INFO::Fitting model to feature number 132, GLYCOLYSIS.E.D..superpathway.of.glycolysis.and.Entner.Doudoroff
2024-04-24 16:53:01.239257 INFO::Fitting model to feature number 133, PWY.7187..pyrimidine.deoxyribonucleotides.de.novo.biosynthesis.II
2024-04-24 16:53:01.243368 INFO::Fitting model to feature number 134, PWY.7456..mannan.degradation
2024-04-24 16:53:01.24731 INFO::Fitting model to feature number 135, PWY.7184..pyrimidine.deoxyribonucleotides.de.novo.biosynthesis.I
2024-04-24 16:53:01.251271 INFO::Fitting model to feature number 136, OANTIGEN.PWY..O.antigen.building.blocks.biosynthesis..E..coli.
2024-04-24 16:53:01.255242 INFO::Fitting model to feature number 137, COLANSYN.PWY..colanic.acid.building.blocks.biosynthesis
2024-04-24 16:53:01.259272 INFO::Fitting model to feature number 138, PWY.6545..pyrimidine.deoxyribonucleotides.de.novo.biosynthesis.III
2024-04-24 16:53:01.263262 INFO::Fitting model to feature number 139, PWY.6895..superpathway.of.thiamin.diphosphate.biosynthesis.II
2024-04-24 16:53:01.267208 INFO::Fitting model to feature number 140, PWY.6608..guanosine.nucleotides.degradation.III
2024-04-24 16:53:01.271231 INFO::Fitting model to feature number 141, TCA..TCA.cycle.I..prokaryotic.
2024-04-24 16:53:01.275353 INFO::Fitting model to feature number 142, PWY.6859..all.trans.farnesol.biosynthesis
2024-04-24 16:53:01.279421 INFO::Fitting model to feature number 143, PWY.5100..pyruvate.fermentation.to.acetate.and.lactate.II
2024-04-24 16:53:01.283416 INFO::Fitting model to feature number 144, PWY.6572..chondroitin.sulfate.degradation.I..bacterial.
2024-04-24 16:53:01.287367 INFO::Fitting model to feature number 145, PWY.6471..peptidoglycan.biosynthesis.IV..Enterococcus.faecium.
2024-04-24 16:53:01.291412 INFO::Fitting model to feature number 146, PWY.6470..peptidoglycan.biosynthesis.V...beta..lactam.resistance.
2024-04-24 16:53:01.295404 INFO::Fitting model to feature number 147, PWY.5188..tetrapyrrole.biosynthesis.I..from.glutamate.
2024-04-24 16:53:01.299376 INFO::Fitting model to feature number 148, GLUCUROCAT.PWY..superpathway.of..beta..D.glucuronide.and.D.glucuronate.degradation
2024-04-24 16:53:01.303377 INFO::Fitting model to feature number 149, PWY.6749..CMP.legionaminate.biosynthesis.I
2024-04-24 16:53:01.308527 INFO::Fitting model to feature number 150, P164.PWY..purine.nucleobases.degradation.I..anaerobic.
2024-04-24 16:53:01.312501 INFO::Fitting model to feature number 151, PWY.7198..pyrimidine.deoxyribonucleotides.de.novo.biosynthesis.IV
2024-04-24 16:53:01.318678 INFO::Fitting model to feature number 152, PWY.7211..superpathway.of.pyrimidine.deoxyribonucleotides.de.novo.biosynthesis
2024-04-24 16:53:01.324853 INFO::Fitting model to feature number 153, PWY66.409..superpathway.of.purine.nucleotide.salvage
2024-04-24 16:53:01.33064 INFO::Fitting model to feature number 154, GALACT.GLUCUROCAT.PWY..superpathway.of.hexuronide.and.hexuronate.degradation
2024-04-24 16:53:01.334647 INFO::Fitting model to feature number 155, UDPNAGSYN.PWY..UDP.N.acetyl.D.glucosamine.biosynthesis.I
2024-04-24 16:53:01.340263 INFO::Fitting model to feature number 156, PWY.6353..purine.nucleotides.degradation.II..aerobic.
2024-04-24 16:53:01.345811 INFO::Fitting model to feature number 157, PWY.7197..pyrimidine.deoxyribonucleotide.phosphorylation
2024-04-24 16:53:01.349734 INFO::Fitting model to feature number 158, PWY.7242..D.fructuronate.degradation
2024-04-24 16:53:01.355508 INFO::Fitting model to feature number 159, PWY.7196..superpathway.of.pyrimidine.ribonucleosides.salvage
2024-04-24 16:53:01.361061 INFO::Fitting model to feature number 160, PWY.5690..TCA.cycle.II..plants.and.fungi.
2024-04-24 16:53:01.365001 INFO::Fitting model to feature number 161, PWY.5177..glutaryl.CoA.degradation
2024-04-24 16:53:01.36921 INFO::Fitting model to feature number 162, PWY.6478..GDP.D.glycero..alpha..D.manno.heptose.biosynthesis
2024-04-24 16:53:01.373235 INFO::Fitting model to feature number 163, HEXITOLDEGSUPER.PWY..superpathway.of.hexitol.degradation..bacteria.
2024-04-24 16:53:01.377201 INFO::Fitting model to feature number 164, GALACTUROCAT.PWY..D.galacturonate.degradation.I
2024-04-24 16:53:01.381193 INFO::Fitting model to feature number 165, PWY.5104..L.isoleucine.biosynthesis.IV
2024-04-24 16:53:01.38523 INFO::Fitting model to feature number 166, PWY.5505..L.glutamate.and.L.glutamine.biosynthesis
2024-04-24 16:53:01.389253 INFO::Fitting model to feature number 167, P441.PWY..superpathway.of.N.acetylneuraminate.degradation
2024-04-24 16:53:01.39326 INFO::Fitting model to feature number 168, PWY.6606..guanosine.nucleotides.degradation.II
2024-04-24 16:53:01.397228 INFO::Fitting model to feature number 169, SALVADEHYPOX.PWY..adenosine.nucleotides.degradation.II
2024-04-24 16:53:01.401369 INFO::Fitting model to feature number 170, PWY.5005..biotin.biosynthesis.II
2024-04-24 16:53:01.405407 INFO::Fitting model to feature number 171, PWY.6549..L.glutamine.biosynthesis.III
2024-04-24 16:53:01.409406 INFO::Fitting model to feature number 172, GLCMANNANAUT.PWY..superpathway.of.N.acetylglucosamine..N.acetylmannosamine.and.N.acetylneuraminate.degradation
2024-04-24 16:53:01.413321 INFO::Fitting model to feature number 173, PWY0.1241..ADP.L.glycero..beta..D.manno.heptose.biosynthesis
2024-04-24 16:53:01.417373 INFO::Fitting model to feature number 174, PWY.6507..4.deoxy.L.threo.hex.4.enopyranuronate.degradation
2024-04-24 16:53:01.421391 INFO::Fitting model to feature number 175, GALACTARDEG.PWY..D.galactarate.degradation.I
2024-04-24 16:53:01.425344 INFO::Fitting model to feature number 176, GLUCARGALACTSUPER.PWY..superpathway.of.D.glucarate.and.D.galactarate.degradation
2024-04-24 16:53:01.429289 INFO::Fitting model to feature number 177, PWY.5676..acetyl.CoA.fermentation.to.butanoate.II
2024-04-24 16:53:01.434847 INFO::Fitting model to feature number 178, PWY.5347..superpathway.of.L.methionine.biosynthesis..transsulfuration.
2024-04-24 16:53:01.439121 INFO::Fitting model to feature number 179, PWY.5138..unsaturated..even.numbered.fatty.acid..beta..oxidation
2024-04-24 16:53:01.443094 INFO::Fitting model to feature number 180, MET.SAM.PWY..superpathway.of.S.adenosyl.L.methionine.biosynthesis
2024-04-24 16:53:01.447355 INFO::Fitting model to feature number 181, PWY66.399..gluconeogenesis.III
2024-04-24 16:53:01.455831 INFO::Fitting model to feature number 182, PWY0.1297..superpathway.of.purine.deoxyribonucleosides.degradation
2024-04-24 16:53:01.461612 INFO::Fitting model to feature number 183, METSYN.PWY..L.homoserine.and.L.methionine.biosynthesis
2024-04-24 16:53:01.466627 INFO::Fitting model to feature number 184, PWY.7332..superpathway.of.UDP.N.acetylglucosamine.derived.O.antigen.building.blocks.biosynthesis
2024-04-24 16:53:01.470708 INFO::Fitting model to feature number 185, PWY.6588..pyruvate.fermentation.to.acetone
2024-04-24 16:53:01.474719 INFO::Fitting model to feature number 186, PWY.6891..thiazole.biosynthesis.II..Bacillus.
2024-04-24 16:53:01.478659 INFO::Fitting model to feature number 187, GLUCARDEG.PWY..D.glucarate.degradation.I
2024-04-24 16:53:01.482616 INFO::Fitting model to feature number 188, METH.ACETATE.PWY..methanogenesis.from.acetate
2024-04-24 16:53:01.48689 INFO::Fitting model to feature number 189, PWY.7013..L.1.2.propanediol.degradation
2024-04-24 16:53:01.490783 INFO::Fitting model to feature number 190, PWY.6590..superpathway.of.Clostridium.acetobutylicum.acidogenic.fermentation
2024-04-24 16:53:01.494771 INFO::Fitting model to feature number 191, FAO.PWY..fatty.acid..beta..oxidation.I
2024-04-24 16:53:01.498744 INFO::Fitting model to feature number 192, PWY.6318..L.phenylalanine.degradation.IV..mammalian..via.side.chain.
2024-04-24 16:53:01.502779 INFO::Fitting model to feature number 193, CENTFERM.PWY..pyruvate.fermentation.to.butanoate
2024-04-24 16:53:01.50679 INFO::Fitting model to feature number 194, GOLPDLCAT.PWY..superpathway.of.glycerol.degradation.to.1.3.propanediol
2024-04-24 16:53:01.510876 INFO::Fitting model to feature number 195, PWY.5136..fatty.acid..beta..oxidation.II..peroxisome.
2024-04-24 16:53:01.514897 INFO::Fitting model to feature number 196, PWY66.391..fatty.acid..beta..oxidation.VI..peroxisome.
2024-04-24 16:53:01.519097 INFO::Fitting model to feature number 197, HOMOSER.METSYN.PWY..L.methionine.biosynthesis.I
2024-04-24 16:53:01.523079 INFO::Fitting model to feature number 198, METHGLYUT.PWY..superpathway.of.methylglyoxal.degradation
2024-04-24 16:53:01.527294 INFO::Fitting model to feature number 199, PWY.7288..fatty.acid..beta..oxidation..peroxisome..yeast.
2024-04-24 16:53:01.531384 INFO::Fitting model to feature number 200, PWY.7383..anaerobic.energy.metabolism..invertebrates..cytosol.
2024-04-24 16:53:01.535683 INFO::Fitting model to feature number 201, P162.PWY..L.glutamate.degradation.V..via.hydroxyglutarate.
2024-04-24 16:53:01.539821 INFO::Fitting model to feature number 202, PWY.4041...gamma..glutamyl.cycle
2024-04-24 16:53:01.544006 INFO::Fitting model to feature number 203, P108.PWY..pyruvate.fermentation.to.propanoate.I
2024-04-24 16:53:01.548113 INFO::Fitting model to feature number 204, PWY.5022..4.aminobutanoate.degradation.V
2024-04-24 16:53:01.552286 INFO::Fitting model to feature number 205, GLUDEG.I.PWY..GABA.shunt
2024-04-24 16:53:01.556406 INFO::Fitting model to feature number 206, PWY.5677..succinate.fermentation.to.butanoate
2024-04-24 16:53:01.560616 INFO::Fitting model to feature number 207, P163.PWY..L.lysine.fermentation.to.acetate.and.butanoate
2024-04-24 16:53:01.564703 INFO::Fitting model to feature number 208, PWY.3781..aerobic.respiration.I..cytochrome.c.
2024-04-24 16:53:01.569113 INFO::Fitting model to feature number 209, PWY.5083..NAD.NADH.phosphorylation.and.dephosphorylation
2024-04-24 16:53:01.573252 INFO::Fitting model to feature number 210, DAPLYSINESYN.PWY..L.lysine.biosynthesis.I
2024-04-24 16:53:01.579162 INFO::Fitting model to feature number 211, P461.PWY..hexitol.fermentation.to.lactate..formate..ethanol.and.acetate
2024-04-24 16:53:01.583334 INFO::Fitting model to feature number 212, PWY.1861..formaldehyde.assimilation.II..RuMP.Cycle.
2024-04-24 16:53:01.587542 INFO::Fitting model to feature number 213, PWY.7312..dTDP.D..beta..fucofuranose.biosynthesis
2024-04-24 16:53:01.591764 INFO::Fitting model to feature number 214, PWY.6630..superpathway.of.L.tyrosine.biosynthesis
2024-04-24 16:53:01.595844 INFO::Fitting model to feature number 215, PWY.6595..superpathway.of.guanosine.nucleotides.degradation..plants.
2024-04-24 16:53:01.599986 INFO::Fitting model to feature number 216, ARG.POLYAMINE.SYN..superpathway.of.arginine.and.polyamine.biosynthesis
2024-04-24 16:53:01.604158 INFO::Fitting model to feature number 217, PWY.7003..glycerol.degradation.to.butanol
2024-04-24 16:53:01.609349 INFO::Fitting model to feature number 218, P185.PWY..formaldehyde.assimilation.III..dihydroxyacetone.cycle.
2024-04-24 16:53:01.614535 INFO::Fitting model to feature number 219, POLYAMSYN.PWY..superpathway.of.polyamine.biosynthesis.I
2024-04-24 16:53:01.618681 INFO::Fitting model to feature number 220, PWY0.1298..superpathway.of.pyrimidine.deoxyribonucleosides.degradation
2024-04-24 16:53:01.622914 INFO::Fitting model to feature number 221, LACTOSECAT.PWY..lactose.and.galactose.degradation.I
2024-04-24 16:53:01.626993 INFO::Fitting model to feature number 222, PWY4LZ.257..superpathway.of.fermentation..Chlamydomonas.reinhardtii.
2024-04-24 16:53:01.631085 INFO::Fitting model to feature number 223, P161.PWY..acetylene.degradation
2024-04-24 16:53:01.635233 INFO::Fitting model to feature number 224, RUMP.PWY..formaldehyde.oxidation.I
2024-04-24 16:53:01.639503 INFO::Fitting model to feature number 225, PPGPPMET.PWY..ppGpp.biosynthesis
2024-04-24 16:53:01.643579 INFO::Fitting model to feature number 226, PWY.5304..superpathway.of.sulfur.oxidation..Acidianus.ambivalens.
2024-04-24 16:53:01.647655 INFO::Fitting model to feature number 227, PWY.6531..mannitol.cycle
2024-04-24 16:53:01.651791 INFO::Fitting model to feature number 228, FUC.RHAMCAT.PWY..superpathway.of.fucose.and.rhamnose.degradation
2024-04-24 16:53:01.656139 INFO::Fitting model to feature number 229, PWY.7315..dTDP.N.acetylthomosamine.biosynthesis
2024-04-24 16:53:01.660259 INFO::Fitting model to feature number 230, FUCCAT.PWY..fucose.degradation
2024-04-24 16:53:01.664298 INFO::Fitting model to feature number 231, PWY.7210..pyrimidine.deoxyribonucleotides.biosynthesis.from.CTP
2024-04-24 16:53:01.668467 INFO::Fitting model to feature number 232, FOLSYN.PWY..superpathway.of.tetrahydrofolate.biosynthesis.and.salvage
2024-04-24 16:53:01.672673 INFO::Fitting model to feature number 233, PWY.6612..superpathway.of.tetrahydrofolate.biosynthesis
2024-04-24 16:53:01.676764 INFO::Fitting model to feature number 234, PWY0.1061..superpathway.of.L.alanine.biosynthesis
2024-04-24 16:53:01.680824 INFO::Fitting model to feature number 235, PWY.5189..tetrapyrrole.biosynthesis.II..from.glycine.
2024-04-24 16:53:01.68492 INFO::Fitting model to feature number 236, PWY.6876..isopropanol.biosynthesis
2024-04-24 16:53:01.689214 INFO::Fitting model to feature number 237, PWY0.781..aspartate.superpathway
2024-04-24 16:53:01.693291 INFO::Fitting model to feature number 238, P4.PWY..superpathway.of.L.lysine..L.threonine.and.L.methionine.biosynthesis.I
2024-04-24 16:53:01.697381 INFO::Fitting model to feature number 239, PWY0.1479..tRNA.processing
2024-04-24 16:53:01.701443 INFO::Fitting model to feature number 240, GLYCOLYSIS.TCA.GLYOX.BYPASS..superpathway.of.glycolysis..pyruvate.dehydrogenase..TCA..and.glyoxylate.bypass
2024-04-24 16:53:01.705578 INFO::Fitting model to feature number 241, PYRIDNUCSAL.PWY..NAD.salvage.pathway.I
2024-04-24 16:53:01.709607 INFO::Fitting model to feature number 242, GLYCOCAT.PWY..glycogen.degradation.I..bacterial.
2024-04-24 16:53:01.713645 INFO::Fitting model to feature number 243, PWY.5723..Rubisco.shunt
2024-04-24 16:53:01.717925 INFO::Fitting model to feature number 244, TCA.GLYOX.BYPASS..superpathway.of.glyoxylate.bypass.and.TCA
2024-04-24 16:53:01.722071 INFO::Fitting model to feature number 245, PWY.7385..1.3.propanediol.biosynthesis..engineered.
2024-04-24 16:53:01.726121 INFO::Fitting model to feature number 246, PWY.7254..TCA.cycle.VII..acetate.producers.
2024-04-24 16:53:01.730132 INFO::Fitting model to feature number 247, GLYOXYLATE.BYPASS..glyoxylate.cycle
2024-04-24 16:53:01.735027 INFO::Fitting model to feature number 248, PWY.6731..starch.degradation.III
2024-04-24 16:53:01.739361 INFO::Fitting model to feature number 249, PWY.7328..superpathway.of.UDP.glucose.derived.O.antigen.building.blocks.biosynthesis
2024-04-24 16:53:01.743588 INFO::Fitting model to feature number 250, POLYAMINSYN3.PWY..superpathway.of.polyamine.biosynthesis.II
2024-04-24 16:53:01.747591 INFO::Fitting model to feature number 251, PWY.2723..trehalose.degradation.V
2024-04-24 16:53:01.751902 INFO::Fitting model to feature number 252, GLUCOSE1PMETAB.PWY..glucose.and.glucose.1.phosphate.degradation
2024-04-24 16:53:01.75606 INFO::Fitting model to feature number 253, PWY.5384..sucrose.degradation.IV..sucrose.phosphorylase.
2024-04-24 16:53:01.760224 INFO::Fitting model to feature number 254, PWY.7046..4.coumarate.degradation..anaerobic.
2024-04-24 16:53:01.76456 INFO::Fitting model to feature number 255, PWY66.389..phytol.degradation
2024-04-24 16:53:01.772625 INFO::Fitting model to feature number 256, PWY.5971..palmitate.biosynthesis.II..bacteria.and.plants.
2024-04-24 16:53:01.77822 INFO::Fitting model to feature number 257, PWY.6629..superpathway.of.L.tryptophan.biosynthesis
2024-04-24 16:53:01.782492 INFO::Fitting model to feature number 258, PWY.5345..superpathway.of.L.methionine.biosynthesis..by.sulfhydrylation.
2024-04-24 16:53:01.78669 INFO::Fitting model to feature number 259, SULFATE.CYS.PWY..superpathway.of.sulfate.assimilation.and.cysteine.biosynthesis
2024-04-24 16:53:01.79082 INFO::Fitting model to feature number 260, PWY.5838..superpathway.of.menaquinol.8.biosynthesis.I
2024-04-24 16:53:01.79491 INFO::Fitting model to feature number 261, PRPP.PWY..superpathway.of.histidine..purine..and.pyrimidine.biosynthesis
2024-04-24 16:53:01.800123 INFO::Fitting model to feature number 262, PWY.5845..superpathway.of.menaquinol.9.biosynthesis
2024-04-24 16:53:01.804326 INFO::Fitting model to feature number 263, PWY.6113..superpathway.of.mycolate.biosynthesis
2024-04-24 16:53:01.808424 INFO::Fitting model to feature number 264, PWY.5897..superpathway.of.menaquinol.11.biosynthesis
2024-04-24 16:53:01.812461 INFO::Fitting model to feature number 265, PWY.5898..superpathway.of.menaquinol.12.biosynthesis
2024-04-24 16:53:01.816862 INFO::Fitting model to feature number 266, PWY.5899..superpathway.of.menaquinol.13.biosynthesis
2024-04-24 16:53:01.820961 INFO::Fitting model to feature number 267, PWY.7117..C4.photosynthetic.carbon.assimilation.cycle..PEPCK.type
2024-04-24 16:53:01.825043 INFO::Fitting model to feature number 268, PWY.6969..TCA.cycle.V..2.oxoglutarate.ferredoxin.oxidoreductase.
2024-04-24 16:53:01.829211 INFO::Fitting model to feature number 269, PWY.6628..superpathway.of.L.phenylalanine.biosynthesis
2024-04-24 16:53:01.83529 INFO::Fitting model to feature number 270, PWY.5861..superpathway.of.demethylmenaquinol.8.biosynthesis
2024-04-24 16:53:01.839376 INFO::Fitting model to feature number 271, PWY.5862..superpathway.of.demethylmenaquinol.9.biosynthesis
2024-04-24 16:53:01.843518 INFO::Fitting model to feature number 272, FERMENTATION.PWY..mixed.acid.fermentation
2024-04-24 16:53:01.84781 INFO::Fitting model to feature number 273, PWY.241..C4.photosynthetic.carbon.assimilation.cycle..NADP.ME.type
2024-04-24 16:53:01.851956 INFO::Fitting model to feature number 274, SO4ASSIM.PWY..sulfate.reduction.I..assimilatory.
2024-04-24 16:53:01.856045 INFO::Fitting model to feature number 275, KETOGLUCONMET.PWY..ketogluconate.metabolism
2024-04-24 16:53:01.860085 INFO::Fitting model to feature number 276, PWY.5840..superpathway.of.menaquinol.7.biosynthesis
2024-04-24 16:53:01.864208 INFO::Fitting model to feature number 277, PWY.5850..superpathway.of.menaquinol.6.biosynthesis.I
2024-04-24 16:53:01.868366 INFO::Fitting model to feature number 278, PWY.5896..superpathway.of.menaquinol.10.biosynthesis
2024-04-24 16:53:01.872476 INFO::Fitting model to feature number 279, P105.PWY..TCA.cycle.IV..2.oxoglutarate.decarboxylase.
2024-04-24 16:53:01.877263 INFO::Fitting model to feature number 280, PWY.5913..TCA.cycle.VI..obligate.autotrophs.
2024-04-24 16:53:01.881677 INFO::Fitting model to feature number 281, PWY.561..superpathway.of.glyoxylate.cycle.and.fatty.acid.degradation
2024-04-24 16:53:01.886936 INFO::Fitting model to feature number 282, PWY.4702..phytate.degradation.I
2024-04-24 16:53:01.89122 INFO::Fitting model to feature number 283, PWY.6803..phosphatidylcholine.acyl.editing
2024-04-24 16:53:01.895669 INFO::Fitting model to feature number 284, PWY.7115..C4.photosynthetic.carbon.assimilation.cycle..NAD.ME.type
2024-04-24 16:53:01.900374 INFO::Fitting model to feature number 285, PWY.5918..superpathay.of.heme.biosynthesis.from.glutamate
2024-04-24 16:53:01.9046 INFO::Fitting model to feature number 286, PWY.7234..inosine.5..phosphate.biosynthesis.III
2024-04-24 16:53:01.908727 INFO::Fitting model to feature number 287, PWY.6285..superpathway.of.fatty.acids.biosynthesis..E..coli.
2024-04-24 16:53:01.914906 INFO::Fitting model to feature number 288, PWY.5860..superpathway.of.demethylmenaquinol.6.biosynthesis.I
2024-04-24 16:53:01.919044 INFO::Fitting model to feature number 289, PWY.5863..superpathway.of.phylloquinol.biosynthesis
2024-04-24 16:53:01.924394 INFO::Fitting model to feature number 290, HEME.BIOSYNTHESIS.II..heme.biosynthesis.I..aerobic.
2024-04-24 16:53:01.930377 INFO::Fitting model to feature number 291, PWY.821..superpathway.of.sulfur.amino.acid.biosynthesis..Saccharomyces.cerevisiae.
2024-04-24 16:53:01.934516 INFO::Fitting model to feature number 292, PWY.5675..nitrate.reduction.V..assimilatory.
2024-04-24 16:53:01.940039 INFO::Fitting model to feature number 293, PWY.5791..1.4.dihydroxy.2.naphthoate.biosynthesis.II..plants.
2024-04-24 16:53:01.944434 INFO::Fitting model to feature number 294, PWY.5837..1.4.dihydroxy.2.naphthoate.biosynthesis.I
2024-04-24 16:53:01.948527 INFO::Fitting model to feature number 295, PWY.5920..superpathway.of.heme.biosynthesis.from.glycine
2024-04-24 16:53:01.952867 INFO::Fitting model to feature number 296, PWY.7204..pyridoxal.5..phosphate.salvage.II..plants.
2024-04-24 16:53:01.957353 INFO::Fitting model to feature number 297, ENTBACSYN.PWY..enterobactin.biosynthesis
2024-04-24 16:53:01.963694 INFO::Fitting model to feature number 298, PWY0.1415..superpathway.of.heme.biosynthesis.from.uroporphyrinogen.III
2024-04-24 16:53:01.968435 INFO::Fitting model to feature number 299, HEMESYN2.PWY..heme.biosynthesis.II..anaerobic.
2024-04-24 16:53:01.972818 INFO::Fitting model to feature number 300, PWY.6284..superpathway.of.unsaturated.fatty.acids.biosynthesis..E..coli.
2024-04-24 16:53:01.977403 INFO::Fitting model to feature number 301, P42.PWY..incomplete.reductive.TCA.cycle
2024-04-24 16:53:01.981553 INFO::Fitting model to feature number 302, PWY.5656..mannosylglycerate.biosynthesis.I
2024-04-24 16:53:01.98576 INFO::Fitting model to feature number 303, PWY.5173..superpathway.of.acetyl.CoA.biosynthesis
2024-04-24 16:53:01.989896 INFO::Fitting model to feature number 304, ECASYN.PWY..enterobacterial.common.antigen.biosynthesis
2024-04-24 16:53:01.994024 INFO::Fitting model to feature number 305, AST.PWY..L.arginine.degradation.II..AST.pathway.
2024-04-24 16:53:01.998182 INFO::Fitting model to feature number 306, PWY3O.355..stearate.biosynthesis.III..fungi.
2024-04-24 16:53:02.003059 INFO::Fitting model to feature number 307, PWY0.42..2.methylcitrate.cycle.I
2024-04-24 16:53:02.008758 INFO::Fitting model to feature number 308, PWY.7094..fatty.acid.salvage
2024-04-24 16:53:02.013682 INFO::Fitting model to feature number 309, PWY.5747..2.methylcitrate.cycle.II
2024-04-24 16:53:02.017861 INFO::Fitting model to feature number 310, PWY.5367..petroselinate.biosynthesis
2024-04-24 16:53:02.022211 INFO::Fitting model to feature number 311, PWY0.1533..methylphosphonate.degradation.I
2024-04-24 16:53:02.026343 INFO::Fitting model to feature number 312, PWY.6823..molybdenum.cofactor.biosynthesis
2024-04-24 16:53:02.030398 INFO::Fitting model to feature number 313, PWY.5705..allantoin.degradation.to.glyoxylate.III
2024-04-24 16:53:02.034622 INFO::Fitting model to feature number 314, LPSSYN.PWY..superpathway.of.lipopolysaccharide.biosynthesis
2024-04-24 16:53:02.038914 INFO::Fitting model to feature number 315, REDCITCYC..TCA.cycle.VIII..helicobacter.
2024-04-24 16:53:02.042989 INFO::Fitting model to feature number 316, GLYCOL.GLYOXDEG.PWY..superpathway.of.glycol.metabolism.and.degradation
2024-04-24 16:53:02.047049 INFO::Fitting model to feature number 317, P122.PWY..heterolactic.fermentation
2024-04-24 16:53:02.051304 INFO::Fitting model to feature number 318, KDO.NAGLIPASYN.PWY..superpathway.of..Kdo.2.lipid.A.biosynthesis
2024-04-24 16:53:02.055509 INFO::Fitting model to feature number 319, PWY.7446..sulfoglycolysis
2024-04-24 16:53:02.059643 INFO::Fitting model to feature number 320, PWY490.3..nitrate.reduction.VI..assimilatory.
2024-04-24 16:53:02.063747 INFO::Fitting model to feature number 321, PWY.7209..superpathway.of.pyrimidine.ribonucleosides.degradation
2024-04-24 16:53:02.067974 INFO::Fitting model to feature number 322, UBISYN.PWY..superpathway.of.ubiquinol.8.biosynthesis..prokaryotic.
2024-04-24 16:53:02.072172 INFO::Fitting model to feature number 323, PWY0.41..allantoin.degradation.IV..anaerobic.
2024-04-24 16:53:02.076285 INFO::Fitting model to feature number 324, PWY.5855..ubiquinol.7.biosynthesis..prokaryotic.
2024-04-24 16:53:02.080379 INFO::Fitting model to feature number 325, PWY.5856..ubiquinol.9.biosynthesis..prokaryotic.
2024-04-24 16:53:02.084686 INFO::Fitting model to feature number 326, PWY.5857..ubiquinol.10.biosynthesis..prokaryotic.
2024-04-24 16:53:02.088773 INFO::Fitting model to feature number 327, PWY.6708..ubiquinol.8.biosynthesis..prokaryotic.
2024-04-24 16:53:02.093241 INFO::Fitting model to feature number 328, PWY.5692..allantoin.degradation.to.glyoxylate.II
2024-04-24 16:53:02.099448 INFO::Fitting model to feature number 329, URDEGR.PWY..superpathway.of.allantoin.degradation.in.plants
2024-04-24 16:53:02.103984 INFO::Fitting model to feature number 330, PWY0.1338..polymyxin.resistance
2024-04-24 16:53:02.108187 INFO::Fitting model to feature number 331, P221.PWY..octane.oxidation
2024-04-24 16:53:02.112267 INFO::Fitting model to feature number 332, THREOCAT.PWY..superpathway.of.L.threonine.metabolism
2024-04-24 16:53:02.116579 INFO::Fitting model to feature number 333, NONMEVIPP.PWY..methylerythritol.phosphate.pathway.I
2024-04-24 16:53:02.120889 INFO::Fitting model to feature number 334, PWY.7560..methylerythritol.phosphate.pathway.II
2024-04-24 16:53:02.124952 INFO::Fitting model to feature number 335, PWY.5121..superpathway.of.geranylgeranyl.diphosphate.biosynthesis.II..via.MEP.
2024-04-24 16:53:02.129279 INFO::Fitting model to feature number 336, PWY.7392..taxadiene.biosynthesis..engineered.
2024-04-24 16:53:02.133663 INFO::Fitting model to feature number 337, PWY.6143..CMP.pseudaminate.biosynthesis
2024-04-24 16:53:02.137803 INFO::Fitting model to feature number 338, PWY.6270..isoprene.biosynthesis.I
2024-04-24 16:53:02.141941 INFO::Fitting model to feature number 339, ALLANTOINDEG.PWY..superpathway.of.allantoin.degradation.in.yeast
2024-04-24 16:53:02.146096 INFO::Fitting model to feature number 340, PWY.6263..superpathway.of.menaquinol.8.biosynthesis.II
2024-04-24 16:53:02.150293 INFO::Fitting model to feature number 341, PWY.7371..1.4.dihydroxy.6.naphthoate.biosynthesis.II
2024-04-24 16:53:02.154423 INFO::Fitting model to feature number 342, ARGORNPROST.PWY..arginine..ornithine.and.proline.interconversion
2024-04-24 16:53:02.158528 INFO::Fitting model to feature number 343, PWY66.398..TCA.cycle.III..animals.
2024-04-24 16:53:02.162651 INFO::Fitting model to feature number 344, PWY.5464..superpathway.of.cytosolic.glycolysis..plants...pyruvate.dehydrogenase.and.TCA.cycle
2024-04-24 16:53:02.167202 INFO::Fitting model to feature number 345, ORNDEG.PWY..superpathway.of.ornithine.degradation
2024-04-24 16:53:02.171682 INFO::Fitting model to feature number 346, P23.PWY..reductive.TCA.cycle.I
2024-04-24 16:53:02.175789 INFO::Fitting model to feature number 347, PWY0.1277..3.phenylpropanoate.and.3..3.hydroxyphenyl.propanoate.degradation
2024-04-24 16:53:02.180095 INFO::Fitting model to feature number 348, ARGDEG.PWY..superpathway.of.L.arginine..putrescine..and.4.aminobutanoate.degradation
2024-04-24 16:53:02.185275 INFO::Fitting model to feature number 349, ORNARGDEG.PWY..superpathway.of.L.arginine.and.L.ornithine.degradation
2024-04-24 16:53:02.189421 INFO::Fitting model to feature number 350, HCAMHPDEG.PWY..3.phenylpropanoate.and.3..3.hydroxyphenyl.propanoate.degradation.to.2.oxopent.4.enoate
2024-04-24 16:53:02.193589 INFO::Fitting model to feature number 351, PWY.6690..cinnamate.and.3.hydroxycinnamate.degradation.to.2.oxopent.4.enoate
2024-04-24 16:53:02.197816 INFO::Fitting model to feature number 352, PROTOCATECHUATE.ORTHO.CLEAVAGE.PWY..protocatechuate.degradation.II..ortho.cleavage.pathway.
2024-04-24 16:53:02.202158 INFO::Fitting model to feature number 353, P124.PWY..Bifidobacterium.shunt
2024-04-24 16:53:02.206297 INFO::Fitting model to feature number 354, PWY.622..starch.biosynthesis
2024-04-24 16:53:02.210428 INFO::Fitting model to feature number 355, PWY.7269..NAD.NADP.NADH.NADPH.mitochondrial.interconversion..yeast.
2024-04-24 16:53:02.214596 INFO::Fitting model to feature number 356, PWY.7316..dTDP.N.acetylviosamine.biosynthesis
2024-04-24 16:53:02.218711 INFO::Fitting model to feature number 357, PWY.7279..aerobic.respiration.II..cytochrome.c...yeast.
2024-04-24 16:53:02.222882 INFO::Fitting model to feature number 358, PWY.6837..fatty.acid.beta.oxidation.V..unsaturated..odd.number..di.isomerase.dependent.
2024-04-24 16:53:02.227058 INFO::Fitting model to feature number 359, X3.HYDROXYPHENYLACETATE.DEGRADATION.PWY..4.hydroxyphenylacetate.degradation
2024-04-24 16:53:02.231475 INFO::Fitting model to feature number 360, PWY.6953..dTDP.3.acetamido.3.6.dideoxy..alpha..D.galactose.biosynthesis
2024-04-24 16:53:02.23577 INFO::Fitting model to feature number 361, PWY.7616..methanol.oxidation.to.carbon.dioxide
2024-04-24 16:53:02.239918 INFO::Fitting model to feature number 362, PWY.5088..L.glutamate.degradation.VIII..to.propanoate.
2024-04-24 16:53:02.244137 INFO::Fitting model to feature number 363, PWY0.881..superpathway.of.fatty.acid.biosynthesis.I..E..coli.
2024-04-24 16:53:02.335233 INFO::Counting total values for each feature
2024-04-24 16:53:02.369686 INFO::Writing filtered data to file output_pwys/features/filtered_data.tsv
2024-04-24 16:53:02.476603 INFO::Writing filtered, normalized data to file output_pwys/features/filtered_data_norm.tsv
2024-04-24 16:53:02.584158 INFO::Writing filtered, normalized, transformed data to file output_pwys/features/filtered_data_norm_transformed.tsv
2024-04-24 16:53:02.718813 INFO::Writing residuals to file output_pwys/fits/residuals.rds
2024-04-24 16:53:02.741654 INFO::Writing fitted values to file output_pwys/fits/fitted.rds
2024-04-24 16:53:02.757173 INFO::Writing all results to file (ordered by increasing q-values): output_pwys/all_results.tsv
2024-04-24 16:53:02.778736 INFO::Writing the significant results (those which are less than or equal to the threshold of 0.250000 ) to file (ordered by increasing q-values): output_pwys/significant_results.tsv
2024-04-24 16:53:02.780778 INFO::Writing heatmap of significant results to file: output_pwys/heatmap.pdf
2024-04-24 16:53:02.786998 INFO::Writing association plots (one for each significant association) to output folder: output_pwys
2024-04-24 16:53:02.791749 INFO::Plotting associations from most to least significant, grouped by metadata
2024-04-24 16:53:02.793164 INFO::Plotting data for metadata number 1, antibiotics_current_use
2024-04-24 16:53:02.795106 INFO::Creating boxplot for categorical data, antibiotics_current_use vs POLYAMINSYN3.PWY..superpathway.of.polyamine.biosynthesis.II
