2024-04-24 14:23:08.717241 INFO::Writing function arguments to log file
2024-04-24 14:23:08.734613 DEBUG::Function arguments
2024-04-24 14:23:08.747515 DEBUG::Output folder: output_species
2024-04-24 14:23:08.748335 DEBUG::Min Abundance: 0.000000
2024-04-24 14:23:08.749107 DEBUG::Min Prevalence: 0.100000
2024-04-24 14:23:08.749864 DEBUG::Normalization: NONE
2024-04-24 14:23:08.75064 DEBUG::Transform: LOG
2024-04-24 14:23:08.75117 DEBUG::Analysis method: LM
2024-04-24 14:23:08.751676 DEBUG::Max significance: 0.250000
2024-04-24 14:23:08.75218 DEBUG::Random effects:
2024-04-24 14:23:08.752721 DEBUG::Fixed effects: disease,age,antibiotics_current_use
2024-04-24 14:23:08.753185 DEBUG::Correction method: BH
2024-04-24 14:23:08.753688 DEBUG::Standardize: TRUE
2024-04-24 14:23:08.754259 DEBUG::Cores: 1
2024-04-24 14:23:08.7547 INFO::Verifying options selected are valid
2024-04-24 14:23:08.817766 INFO::Determining format of input files
2024-04-24 14:23:08.81859 INFO::Input format is data samples as rows and metadata samples as rows
2024-04-24 14:23:08.822817 DEBUG::A total of 136 samples were found in both the data and metadata
2024-04-24 14:23:08.823362 DEBUG::Reordering data/metadata to use same sample ordering
2024-04-24 14:23:08.83632 INFO::Formula for fixed effects: expr ~  disease + age + antibiotics_current_use
2024-04-24 14:23:08.839031 INFO::Factor detected for categorial metadata 'disease'. Provide a reference argument or manually set factor ordering to change reference level.
2024-04-24 14:23:08.840498 INFO::Filter data based on min abundance and min prevalence
2024-04-24 14:23:08.841131 INFO::Total samples in data: 136
2024-04-24 14:23:08.841757 INFO::Min samples required with min abundance for a feature not to be filtered: 13.600000
2024-04-24 14:23:08.851066 INFO::Total filtered features: 452
2024-04-24 14:23:08.852687 INFO::Filtered feature names from abundance and prevalence filtering: Clostridiales.bacterium.1_7_47FAA, Enterocloster.asparagiformis, Gordonibacter.pamelaeae, Firmicutes.bacterium.CAG.424, Adlercreutzia.equolifaciens, Anaerotruncus.sp..CAG.528, Parabacteroides.johnsonii, Erysipelothrix.larvae, Proteus.mirabilis, Bacteroides.sp..43_108, Blautia.producta, Tyzzerella.nexilis, Ruminococcus.obeum.CAG.39, X.Clostridium..scindens, Blautia.hydrogenotrophica, Lachnoclostridium.sp..An181, Candidatus.Stoquefichus.sp..KLE1796, Gemmiger.sp..An87, Lachnoclostridium.sp..An138, Harryflintia.acetispora, Streptococcus.thermophilus, Prevotella.buccae, Dorea.sp..CAG.317, Proteus.vulgaris, Proteus.hauseri, X.Clostridium..spiroforme, Blautia.hansenii, Eubacterium.sp..OM08.24, Parabacteroides.sp..CAG.409, Desulfovibrio.piger, Clostridium.sp..CAG.242, Pseudoflavonifractor.sp..An184, Clostridiales.bacterium.CHKCI006, Pseudoflavonifractor.sp..An85, Christensenella.minuta, Bifidobacterium.catenulatum, Slackia.isoflavoniconvertens, Alistipes.inops, Haemophilus.pittmaniae, Amedibacillus.dolichus, Eubacterium.dolichum.CAG.375, Turicibacter.sanguinis, Lactobacillus.delbrueckii, Aeriscardovia.aeriphila, Firmicutes.bacterium.CAG.145, Klebsiella.quasipneumoniae, Cutibacterium.granulosum, Methanobrevibacter.smithii, Porphyromonas.asaccharolytica, Clostridium.perfringens, Clostridium.paraputrificum, Limosilactobacillus.fermentum, Prevotella.sp..CAG.279, Fusobacterium.ulcerans, Bifidobacterium.breve, Prevotella.sp..CAG.891, Lactococcus.piscium, Klebsiella.oxytoca, Citrobacter.freundii, Citrobacter.braakii, Bifidobacterium.animalis, Citrobacter.youngae, Lactobacillus.acidophilus, Anaeroglobus.geminatus, Bifidobacterium.dentium, Clostridium.neonatale, Clostridioides.difficile, Enterococcus.faecium, Morganella.morganii, Streptococcus.oralis, Klebsiella.michiganensis, Clostridium.sp..chh4.2, Bacteroides.nordii, Klebsiella.aerogenes, Leclercia.adecarboxylata, Enterobacter.mori, Kluyvera.ascorbata, Pseudoflavonifractor.capillosus, Ruminococcaceae.bacterium.D5, Raoultella.planticola, Roseburia.sp..CAG.303, Alloscardovia.omnicolens, Eubacterium.sp..CAG.180, Eubacterium.sp..CAG.274, Cutibacterium.acnes, Dialister.sp..CAG.357, Bacteroides.oleiciplenus, Coprobacter.secundus, Kocuria.palustris, Acinetobacter.lwoffii, Micrococcus.lylae, Pararheinheimera.mesophila, Desulfovibrionaceae.bacterium, Massilimicrobiota.timonensis, Fretibacterium.fastidiosum, Streptococcus.vestibularis, Clostridium.sp..CAG.411, Megamonas.funiformis, Megamonas.hypermegale, Megamonas.funiformis.CAG.377, Streptococcus.gordonii, Coprobacillus.cateniformis, Prevotella.colorans, Prevotella.buccalis, Anaerofustis.stercorihominis, Latilactobacillus.sakei, Clostridium.disporicum, Ruminococcus.sp..CAG.330, Streptococcus.agalactiae, Aggregatibacter.segnis, Fusobacterium.nucleatum, Bifidobacterium.pseudolongum, Allisonella.histaminiformans, Prevotella.bivia, Clostridium.sp..CAG.590, Ruminococcus.callidus, Holdemanella.biformis, Escherichia.marmotae, Terrisporobacter.othiniensis, Porphyromonas.somerae, Prevotella.salivae, Citrobacter.amalonaticus, Ligilactobacillus.salivarius, Megasphaera.micronuciformis, Neisseria.sp..oral.taxon.014, Anaerostipes.caccae, Blautia.argi, Escherichia.albertii, Prevotella.disiens, Porphyromonas.uenonis, Peptococcus.niger, Bacteroides.sp..CAG.144, Eubacterium.sp..An11, Blautia.coccoides, Oxalobacter.formigenes, Tractidigestivibacter.scatoligenes, Dialister.pneumosintes, Megasphaera.sp..DISK.18, Clostridium.sp..CAG.167, Hafnia.paralvei, Alistipes.onderdonkii, Coprobacter.sp., Corynebacterium.matruchotii, Bacteroides.stercorirosoris, Staphylococcus.epidermidis, Parabacteroides.goldsteinii, Roseburia.sp..CAG.182, Oscillibacter.sp..PC13, Firmicutes.bacterium.CAG.110, Prevotella.sp..885, Parvimonas.micra, Peptostreptococcus.stomatis, Moraxella.osloensis, Enhydrobacter.aerosaccus, Micrococcus.luteus, Micrococcus.aloeverae, Dialister.micraerophilus, Campylobacter.concisus, Megasphaera.sp..MJR8396C, Cloacibacillus.porcorum, Desulfovibrio.fairfieldensis, Phascolarctobacterium.sp..CAG.266, Rikenella.microfusus, Roseburia.sp..CAG.309, Flavonifractor.sp..An10, Victivallis.vadensis, Firmicutes.bacterium.CAG.95, Enorma.massiliensis, Citrobacter.pasteurii, Streptococcus.salivarius.CAG.79, Veillonella.seminalis, Enterococcus.faecalis, Streptococcus.mitis, Butyricicoccus.pullicaecorum, Prevotella.corporis, Lachnoclostridium.sp..An131, Lachnoclostridium.sp..An118, X.Clostridium..methylpentosum, Haemophilus.parahaemolyticus, Neisseria.flavescens, Veillonella.rogosae, Neisseria.subflava, Sharpea.azabuensis, Anaerofilum.sp..An201, Romboutsia.ilealis, Fusobacterium.periodonticum, Lachnoclostridium.sp..An14, Flavonifractor.sp..An100, Clostridium.sp..CAG.253, Arthrospira.platensis, Lactobacillus.amylovorus, Limosilactobacillus.oris, Streptococcus.lutetiensis, Weissella.cibaria, Rothia.mucilaginosa, Streptococcus.pasteurianus, Prevotella.melaninogenica, Prevotella.jejuni, Veillonella.tobetsuensis, Streptococcus.sp..M334, Actinomyces.sp..ICM47, Streptococcus.sp..A12, Clostridium.sp..CAG.678, Candidatus.Methanomassiliicoccus.intestinalis, Candidatus.Gastranaerophilales.bacterium, Prevotella.denticola, Leuconostoc.lactis, Prevotella.oris, Prevotella.dentalis, X.Eubacterium..infirmum, Shuttleworthia.satelles, Prevotella.nigrescens, Enterococcus.hirae, Adlercreutzia.caecimuris, Citrobacter.portucalensis, Raoultella.ornithinolytica, Dysgonomonas.mossii, Firmicutes.bacterium.CAG.646, Streptococcus.gallolyticus, Christensenella.hongkongensis, Lactobacillus.paragasseri, Lactobacillus.gasseri, Peptostreptococcus.anaerobius, Acinetobacter.ursingii, Lactococcus.lactis, Odoribacter.laneus, Haemophilus.sputorum, Peptoniphilus.harei, Pediococcus.acidilactici, Fusobacterium.gonidiaformans, Fusobacterium.equinum, Leuconostoc.garlicum, Campylobacter.showae, Aeromonas.hydrophila, Aeromonas.dhakensis, Prevotella.stercorea, Phascolarctobacterium.succinatutens, Prevotella.sp..AM42.24, Blastocystis.sp..subtype.1, Bifidobacterium.angulatum, Prevotella.timonensis, Butyrivibrio.crossotus, Limosilactobacillus.vaginalis, Ligilactobacillus.ruminis, Weissella.confusa, Streptococcus.mutans, Clostridium.celatum, Streptococcus.australis, Streptococcus.sanguinis, Schaalia.turicensis, Peptoniphilus.duerdenii, Clostridium.baratii, Streptococcus.sp..F0442, Prevotella.sp..CAG.520, Cronobacter.sakazakii, Actinomyces.urogenitalis, Actinomyces.graevenitzii, Parvimonas.sp..oral.taxon.110, Eikenella.corrodens, Parvimonas.sp..oral.taxon.393, Anaerococcus.vaginalis, Gemella.asaccharolytica, Lachnospiraceae.bacterium.2_1_46FAA, Veillonella.sp..CAG.933, Lacticaseibacillus.rhamnosus, Campylobacter.upsaliensis, Lachnospiraceae.bacterium.oral.taxon.096, Campylobacter.gracilis, Gemmiger.sp..An50, Scardovia.wiggsiae, Limosilactobacillus.reuteri, Enterococcus.avium, Enterococcus.thailandicus, Paucilactobacillus.vaccinostercus, Enterococcus.casseliflavus, Bifidobacterium.pullorum, Actinomyces.sp..oral.taxon.180, Enterococcus.sp..3H8_DIV0648, Enterococcus.gallinarum, Varibaculum.cambriense, Veillonella.rodentium, Lactobacillus.crispatus, Lawsonella.clevelandensis, Porphyromonas.sp..HMSC065F10, Citrobacter.werkmanii, Lactobacillus.johnsonii, Sarcina.ventriculi, Streptococcus.macedonicus, Klebsiella.variicola.CAG.634, Phytobacter.palmae, Enterococcus.raffinosus, Prevotella.amnii, Catenibacterium.mitsuokai, Saccharomyces.cerevisiae, Eubacterium.limosum, Staphylococcus.hominis, Alloprevotella.tannerae, Haemophilus.paraphrohaemolyticus, X.Eubacterium..brachy, Ruminococcus.sp..CAG.403, Fannyhessea.vaginae, Cronobacter.malonaticus, Streptococcus.infantis, Actinomyces.sp..oral.taxon.181, Clostridium.butyricum, Abiotrophia.sp..HMSC24B09, Gemella.haemolysans, Firmicutes.bacterium.CAG.170, Solobacterium.moorei, Pseudomonas.guguanensis, Lactobacillus.jensenii, Clostridium.cadaveris, Aggregatibacter.sp..oral.taxon.458, Anaerocolumna.aminovalerica, Clostridium.sporogenes, Clostridium.botulinum, Campylobacter.hominis, Murimonas.intestini, Clostridium.sp..CAG.964, Pediococcus.pentosaceus, Corynebacterium.amycolatum, Parvimonas.sp..KA00067, Bacteroidales.bacterium.KA00251, Fusobacterium.mortiferum, Lacrimispora.celerecrescens, Butyrivibrio.sp..CAG.318, Cellulosilyticum.lentocellum, Eubacteriaceae.bacterium.CHKCI005, Eubacterium.coprostanoligenes, Firmicutes.bacterium.CAG.238, Dysgonomonas.gadei, Bacteroides.fluxus, Bacteroides.sp..D2, Citrobacter.farmeri, Gemella.sanguinis, Sanguibacteroides.justesenii, Porphyromonas.endodontalis, Streptococcus.peroris, Actinomyces.sp..HPA0247, Lactiplantibacillus.plantarum, Limosilactobacillus.mucosae, Providencia.alcalifaciens, Robinsoniella.sp..RHS, Fructilactobacillus.sanfranciscensis, Prevotella.sp..CAG.1185, Peptoniphilus.lacrimalis, Gemella.morbillorum, Frigoribacterium.sp..Leaf8, Clostridium.sp..MSTE9, X.Clostridium..hylemonae, Treponema.lecithinolyticum, Faecalicoccus.pleomorphus, Flavonifractor.sp..An306, Prevotella.oralis, Peptoniphilus.sp..BV3C26, Brachyspira.pilosicoli, Bacteroides.sp..OM08.11, Proteus.penneri, Corynebacterium.kroppenstedtii, Faecalitalea.cylindroides, Wohlfahrtiimonas.chitiniclastica, Bacteroides.clarus, Acidaminococcus.sp..CAG.542, Peptoniphilus.coxii, Alistipes.timonensis, Clostridium.sp..D5, Prevotella.bergensis, Ruminococcus.sp..CAG.563, Kluyvera.cryocrescens, Ezakiella.coagulans, X.Bacteroides..pectinophilus, Bacteroides.sp..CAG.661, Bacteroides.sp..CAG.598, Comamonas.kerstersii, Firmicutes.bacterium.CAG.534, Clostridium.sp..CAG.413, Schaalia.odontolytica, Streptococcus.cristatus, Actinomyces.sp..HMSC035G02, Lancefieldella.rimae, Streptococcus.milleri, Finegoldia.magna, Lancefieldella.parvula, Prevotella.oulorum, Dellaglioa.algida, Lactonifactor.longoviformis, Hafnia.alvei, Neisseria.cinerea, Corynebacterium.oculi, Ruminococcus.sp..CAG.488, Corynebacterium.accolens, Prevotella.sp..S7.1.8, Campylobacter.ureolyticus, Atopobium.deltae, Gleimia.europaea, Mitsuokella.jalaludinii, Mitsuokella.multacida, Peptoniphilus.sp..HMSC062D09, Anaerococcus.lactolyticus, Granulicatella.adiacens, Anaerosporobacter.mobilis, Clostridium.sp..7_2_43FAA, Kosakonia.sacchari, Staphylococcus.aureus, Ligilactobacillus.animalis, Weissella.viridescens, Dysgonomonas.sp..37.18, Serratia.liquefaciens, Streptococcus.sp..HPH0090, Anaerostipes.sp..494a, Lactococcus.petauri, Obesumbacterium.proteus, Fusobacterium.sp..oral.taxon.370, X.Butyribacterium..methylotrophicum, Phocaeicola.sartorii, Bacteroides.sp..CAG.530, Megasphaera.elsdenii, Prevotella.sp..CAG.1092, Fusobacterium.sp..CAG.439, Anaeromassilibacillus.sp..An172, Aggregatibacter.aphrophilus, Aerococcus.urinaeequi, Pseudomonas.fragi, Thermoleophilum.album, Bacteroides.sp..CAG.633, Serratia.marcescens, Actinotignum.timonense, Fusobacterium.naviforme, Haemophilus.influenzae, Prevotella.intermedia, Bacteroidetes.oral.taxon.274, Citrobacter.europaeus, Bifidobacterium.asteroides, Enterococcus.durans, Enterococcus.pseudoavium, Microvirgula.aerodenitrificans, Yersinia.frederiksenii, Faecalicatena.orotica, Enterococcus.asini, Paenibacillus.macerans, Bavariicoccus.seileri, Kluyvera.georgiana, Prevotella.histicola, Prevotella.pallens, Chlamydia.ibidis, Enterococcus.mundtii, Anaerostipes.sp..992a, Actinobaculum.sp..oral.taxon.183, Lachnoclostridium.sp..An298, Haemophilus.haemolyticus, Enterococcus.dispar, Atopobium.minutum
2024-04-24 14:23:08.858592 INFO::Total filtered features with variance filtering: 0
2024-04-24 14:23:08.859354 INFO::Filtered feature names from variance filtering:
2024-04-24 14:23:08.859942 INFO::Running selected normalization method: NONE
2024-04-24 14:23:08.86063 INFO::Applying z-score to standardize continuous metadata
2024-04-24 14:23:08.872885 INFO::Running selected transform method: LOG
2024-04-24 14:23:08.878215 INFO::Running selected analysis method: LM
2024-04-24 14:23:08.890433 INFO::Fitting model to feature number 1, Phocaeicola.vulgatus
2024-04-24 14:23:08.906199 INFO::Fitting model to feature number 2, Bacteroides.uniformis
2024-04-24 14:23:08.909665 INFO::Fitting model to feature number 3, Bacteroides.thetaiotaomicron
2024-04-24 14:23:08.913083 INFO::Fitting model to feature number 4, Faecalibacterium.prausnitzii
2024-04-24 14:23:08.916303 INFO::Fitting model to feature number 5, Roseburia.faecis
2024-04-24 14:23:08.91965 INFO::Fitting model to feature number 6, Bacteroides.caccae
2024-04-24 14:23:08.923001 INFO::Fitting model to feature number 7, Enterocloster.clostridioformis
2024-04-24 14:23:08.926579 INFO::Fitting model to feature number 8, Bacteroides.fragilis
2024-04-24 14:23:08.929789 INFO::Fitting model to feature number 9, Fusicatenibacter.saccharivorans
2024-04-24 14:23:08.93308 INFO::Fitting model to feature number 10, Flavonifractor.plautii
2024-04-24 14:23:08.936582 INFO::Fitting model to feature number 11, Dialister.invisus
2024-04-24 14:23:08.940478 INFO::Fitting model to feature number 12, Ruminococcus.bicirculans
2024-04-24 14:23:08.944538 INFO::Fitting model to feature number 13, Blautia.sp..CAG.257
2024-04-24 14:23:08.947722 INFO::Fitting model to feature number 14, X.Ruminococcus..gnavus
2024-04-24 14:23:08.951098 INFO::Fitting model to feature number 15, Dorea.longicatena
2024-04-24 14:23:08.954443 INFO::Fitting model to feature number 16, Anaerobutyricum.hallii
2024-04-24 14:23:08.957714 INFO::Fitting model to feature number 17, Enterocloster.bolteae
2024-04-24 14:23:08.960766 INFO::Fitting model to feature number 18, Eubacterium.sp..CAG.38
2024-04-24 14:23:08.963781 INFO::Fitting model to feature number 19, Lacrimispora.saccharolytica
2024-04-24 14:23:08.966913 INFO::Fitting model to feature number 20, Intestinimonas.butyriciproducens
2024-04-24 14:23:08.97055 INFO::Fitting model to feature number 21, Anaerostipes.hadrus
2024-04-24 14:23:08.974161 INFO::Fitting model to feature number 22, Anaerotignum.lactatifermentans
2024-04-24 14:23:08.977315 INFO::Fitting model to feature number 23, Ruthenibacterium.lactatiformans
2024-04-24 14:23:08.9805 INFO::Fitting model to feature number 24, Lawsonibacter.asaccharolyticus
2024-04-24 14:23:08.984005 INFO::Fitting model to feature number 25, Clostridium.bolteae.CAG.59
2024-04-24 14:23:08.987361 INFO::Fitting model to feature number 26, X.Clostridium..symbiosum
2024-04-24 14:23:08.990647 INFO::Fitting model to feature number 27, Anaerotruncus.colihominis
2024-04-24 14:23:08.993949 INFO::Fitting model to feature number 28, Agathobaculum.butyriciproducens
2024-04-24 14:23:08.997268 INFO::Fitting model to feature number 29, Escherichia.coli
2024-04-24 14:23:09.000592 INFO::Fitting model to feature number 30, Eisenbergiella.massiliensis
2024-04-24 14:23:09.00358 INFO::Fitting model to feature number 31, Enterocloster.citroniae
2024-04-24 14:23:09.00699 INFO::Fitting model to feature number 32, Bacteroides.stercoris
2024-04-24 14:23:09.010245 INFO::Fitting model to feature number 33, Monoglobus.pectinilyticus
2024-04-24 14:23:09.013243 INFO::Fitting model to feature number 34, Alistipes.putredinis
2024-04-24 14:23:09.016604 INFO::Fitting model to feature number 35, Parabacteroides.distasonis
2024-04-24 14:23:09.019822 INFO::Fitting model to feature number 36, Roseburia.hominis
2024-04-24 14:23:09.022845 INFO::Fitting model to feature number 37, Bifidobacterium.longum
2024-04-24 14:23:09.026239 INFO::Fitting model to feature number 38, X.Eubacterium..siraeum
2024-04-24 14:23:09.029603 INFO::Fitting model to feature number 39, Parabacteroides.merdae
2024-04-24 14:23:09.033302 INFO::Fitting model to feature number 40, Roseburia.inulinivorans
2024-04-24 14:23:09.036488 INFO::Fitting model to feature number 41, Bacteroides.cellulosilyticus
2024-04-24 14:23:09.03983 INFO::Fitting model to feature number 42, Bacteroides.ovatus
2024-04-24 14:23:09.043183 INFO::Fitting model to feature number 43, Blautia.wexlerae
2024-04-24 14:23:09.047028 INFO::Fitting model to feature number 44, Bifidobacterium.adolescentis
2024-04-24 14:23:09.050316 INFO::Fitting model to feature number 45, Lachnospira.eligens
2024-04-24 14:23:09.053338 INFO::Fitting model to feature number 46, X.Clostridium..leptum
2024-04-24 14:23:09.05664 INFO::Fitting model to feature number 47, Eggerthella.lenta
2024-04-24 14:23:09.059641 INFO::Fitting model to feature number 48, Bacteroides.xylanisolvens
2024-04-24 14:23:09.062715 INFO::Fitting model to feature number 49, Phocaeicola.dorei
2024-04-24 14:23:09.065854 INFO::Fitting model to feature number 50, Enterocloster.lavalensis
2024-04-24 14:23:09.069077 INFO::Fitting model to feature number 51, X.Eubacterium..rectale
2024-04-24 14:23:09.07254 INFO::Fitting model to feature number 52, Akkermansia.muciniphila
2024-04-24 14:23:09.076214 INFO::Fitting model to feature number 53, Acidaminococcus.intestini
2024-04-24 14:23:09.079998 INFO::Fitting model to feature number 54, X.Ruminococcus..torques
2024-04-24 14:23:09.083356 INFO::Fitting model to feature number 55, Bacteroides.salyersiae
2024-04-24 14:23:09.087357 INFO::Fitting model to feature number 56, Sellimonas.intestinalis
2024-04-24 14:23:09.090473 INFO::Fitting model to feature number 57, Bacteroides.faecis
2024-04-24 14:23:09.0937 INFO::Fitting model to feature number 58, Roseburia.intestinalis
2024-04-24 14:23:09.097476 INFO::Fitting model to feature number 59, Collinsella.aerofaciens
2024-04-24 14:23:09.10063 INFO::Fitting model to feature number 60, Bacteroides.intestinalis
2024-04-24 14:23:09.103963 INFO::Fitting model to feature number 61, Bacteroides.faecis.CAG.32
2024-04-24 14:23:09.107177 INFO::Fitting model to feature number 62, X.Ruminococcus..lactaris
2024-04-24 14:23:09.110133 INFO::Fitting model to feature number 63, Prevotella.copri
2024-04-24 14:23:09.113909 INFO::Fitting model to feature number 64, Eisenbergiella.tayi
2024-04-24 14:23:09.116978 INFO::Fitting model to feature number 65, Klebsiella.pneumoniae
2024-04-24 14:23:09.121115 INFO::Fitting model to feature number 66, Intestinibacter.bartlettii
2024-04-24 14:23:09.125097 INFO::Fitting model to feature number 67, Erysipelatoclostridium.ramosum
2024-04-24 14:23:09.129048 INFO::Fitting model to feature number 68, Barnesiella.intestinihominis
2024-04-24 14:23:09.133951 INFO::Fitting model to feature number 69, Blautia.obeum
2024-04-24 14:23:09.138184 INFO::Fitting model to feature number 70, Bacteroides.finegoldii
2024-04-24 14:23:09.141436 INFO::Fitting model to feature number 71, Parasutterella.excrementihominis
2024-04-24 14:23:09.145066 INFO::Fitting model to feature number 72, Phascolarctobacterium.faecium
2024-04-24 14:23:09.148529 INFO::Fitting model to feature number 73, Lachnospira.pectinoschiza
2024-04-24 14:23:09.152722 INFO::Fitting model to feature number 74, Clostridium.sp..CAG.58
2024-04-24 14:23:09.155999 INFO::Fitting model to feature number 75, Bilophila.wadsworthia
2024-04-24 14:23:09.159412 INFO::Fitting model to feature number 76, Turicimonas.muris
2024-04-24 14:23:09.162614 INFO::Fitting model to feature number 77, Proteobacteria.bacterium.CAG.139
2024-04-24 14:23:09.165867 INFO::Fitting model to feature number 78, Anaeromassilibacillus.sp..An250
2024-04-24 14:23:09.169961 INFO::Fitting model to feature number 79, Hungatella.hathewayi
2024-04-24 14:23:09.173072 INFO::Fitting model to feature number 80, Alistipes.finegoldii
2024-04-24 14:23:09.177477 INFO::Fitting model to feature number 81, Ruminococcus.bromii
2024-04-24 14:23:09.18116 INFO::Fitting model to feature number 82, Odoribacter.splanchnicus
2024-04-24 14:23:09.185833 INFO::Fitting model to feature number 83, Butyricimonas.virosa
2024-04-24 14:23:09.188945 INFO::Fitting model to feature number 84, Oscillibacter.sp..CAG.241
2024-04-24 14:23:09.192499 INFO::Fitting model to feature number 85, Alistipes.indistinctus
2024-04-24 14:23:09.195656 INFO::Fitting model to feature number 86, Coprococcus.comes
2024-04-24 14:23:09.199376 INFO::Fitting model to feature number 87, Gemmiger.formicilis
2024-04-24 14:23:09.204292 INFO::Fitting model to feature number 88, Holdemania.filiformis
2024-04-24 14:23:09.207972 INFO::Fitting model to feature number 89, Firmicutes.bacterium.CAG.83
2024-04-24 14:23:09.211127 INFO::Fitting model to feature number 90, Dorea.formicigenerans
2024-04-24 14:23:09.214416 INFO::Fitting model to feature number 91, Collinsella.intestinalis
2024-04-24 14:23:09.217493 INFO::Fitting model to feature number 92, Oscillibacter.sp..57_20
2024-04-24 14:23:09.220695 INFO::Fitting model to feature number 93, Firmicutes.bacterium.CAG.94
2024-04-24 14:23:09.225211 INFO::Fitting model to feature number 94, Dielma.fastidiosa
2024-04-24 14:23:09.229676 INFO::Fitting model to feature number 95, Roseburia.sp..CAG.471
2024-04-24 14:23:09.233103 INFO::Fitting model to feature number 96, X.Clostridium..innocuum
2024-04-24 14:23:09.236306 INFO::Fitting model to feature number 97, Haemophilus.parainfluenzae
2024-04-24 14:23:09.240021 INFO::Fitting model to feature number 98, Veillonella.dispar
2024-04-24 14:23:09.243356 INFO::Fitting model to feature number 99, Veillonella.parvula
2024-04-24 14:23:09.246553 INFO::Fitting model to feature number 100, Veillonella.infantium
2024-04-24 14:23:09.249602 INFO::Fitting model to feature number 101, Streptococcus.salivarius
2024-04-24 14:23:09.252704 INFO::Fitting model to feature number 102, Enterocloster.aldenensis
2024-04-24 14:23:09.256284 INFO::Fitting model to feature number 103, Veillonella.atypica
2024-04-24 14:23:09.259872 INFO::Fitting model to feature number 104, Phocaeicola.plebeius
2024-04-24 14:23:09.263227 INFO::Fitting model to feature number 105, Paraprevotella.xylaniphila
2024-04-24 14:23:09.266424 INFO::Fitting model to feature number 106, Bacteroides.eggerthii
2024-04-24 14:23:09.269575 INFO::Fitting model to feature number 107, Alistipes.shahii
2024-04-24 14:23:09.272698 INFO::Fitting model to feature number 108, Butyricimonas.synergistica
2024-04-24 14:23:09.276669 INFO::Fitting model to feature number 109, Haemophilus.sp..HMSC71H05
2024-04-24 14:23:09.281056 INFO::Fitting model to feature number 110, Eubacterium.ramulus
2024-04-24 14:23:09.284356 INFO::Fitting model to feature number 111, Coprobacter.fastidiosus
2024-04-24 14:23:09.288448 INFO::Fitting model to feature number 112, Lactobacillus.rogosae
2024-04-24 14:23:09.292068 INFO::Fitting model to feature number 113, Phocaeicola.massiliensis
2024-04-24 14:23:09.295184 INFO::Fitting model to feature number 114, Streptococcus.parasanguinis
2024-04-24 14:23:09.298243 INFO::Fitting model to feature number 115, Ruminococcaceae.bacterium.D16
2024-04-24 14:23:09.301418 INFO::Fitting model to feature number 116, Veillonella.sp..T11011.6
2024-04-24 14:23:09.304539 INFO::Fitting model to feature number 117, Klebsiella.variicola
2024-04-24 14:23:09.307852 INFO::Fitting model to feature number 118, Bacteroides.galacturonicus
2024-04-24 14:23:09.311495 INFO::Fitting model to feature number 119, Clostridium.sp..CAG.299
2024-04-24 14:23:09.314907 INFO::Fitting model to feature number 120, Eubacterium.ventriosum
2024-04-24 14:23:09.318298 INFO::Fitting model to feature number 121, Bifidobacterium.bifidum
2024-04-24 14:23:09.321739 INFO::Fitting model to feature number 122, Bifidobacterium.pseudocatenulatum
2024-04-24 14:23:09.325374 INFO::Fitting model to feature number 123, Coprococcus.eutactus
2024-04-24 14:23:09.330566 INFO::Fitting model to feature number 124, Eubacterium.sp..CAG.251
2024-04-24 14:23:09.334066 INFO::Fitting model to feature number 125, Phocaeicola.coprocola
2024-04-24 14:23:09.337762 INFO::Fitting model to feature number 126, Paraprevotella.clara
2024-04-24 14:23:09.341242 INFO::Fitting model to feature number 127, Coprococcus.catus
2024-04-24 14:23:09.369317 INFO::Counting total values for each feature
2024-04-24 14:23:09.388661 INFO::Writing filtered data to file output_species/features/filtered_data.tsv
2024-04-24 14:23:09.403052 INFO::Writing filtered, normalized data to file output_species/features/filtered_data_norm.tsv
2024-04-24 14:23:09.417221 INFO::Writing filtered, normalized, transformed data to file output_species/features/filtered_data_norm_transformed.tsv
2024-04-24 14:23:09.449979 INFO::Writing residuals to file output_species/fits/residuals.rds
2024-04-24 14:23:09.458019 INFO::Writing fitted values to file output_species/fits/fitted.rds
2024-04-24 14:23:09.464487 INFO::Writing all results to file (ordered by increasing q-values): output_species/all_results.tsv
2024-04-24 14:23:09.470407 INFO::Writing the significant results (those which are less than or equal to the threshold of 0.250000 ) to file (ordered by increasing q-values): output_species/significant_results.tsv
2024-04-24 14:23:09.472031 INFO::Writing heatmap of significant results to file: output_species/heatmap.pdf
2024-04-24 14:23:09.68122 INFO::Writing association plots (one for each significant association) to output folder: output_species
2024-04-24 14:23:09.685795 INFO::Plotting associations from most to least significant, grouped by metadata
2024-04-24 14:23:09.68727 INFO::Plotting data for metadata number 1, age
2024-04-24 14:23:09.690113 INFO::Creating scatter plot for continuous data, age vs Alistipes.indistinctus
2024-04-24 14:23:10.164299 INFO::Creating scatter plot for continuous data, age vs Ruminococcus.bicirculans
2024-04-24 14:23:10.503044 INFO::Creating scatter plot for continuous data, age vs Lacrimispora.saccharolytica
2024-04-24 14:23:10.816766 INFO::Creating scatter plot for continuous data, age vs Ruminococcus.bromii
2024-04-24 14:23:11.455621 INFO::Creating scatter plot for continuous data, age vs Bifidobacterium.pseudocatenulatum
2024-04-24 14:23:11.635538 INFO::Creating scatter plot for continuous data, age vs X.Ruminococcus..gnavus
2024-04-24 14:23:11.875025 INFO::Creating scatter plot for continuous data, age vs Lachnospira.eligens
2024-04-24 14:23:12.074667 INFO::Creating scatter plot for continuous data, age vs Haemophilus.parainfluenzae
2024-04-24 14:23:12.264049 INFO::Creating scatter plot for continuous data, age vs Butyricimonas.virosa
2024-04-24 14:23:12.43256 INFO::Creating scatter plot for continuous data, age vs Lawsonibacter.asaccharolyticus
2024-04-24 14:23:12.625827 INFO::Creating scatter plot for continuous data, age vs X.Eubacterium..siraeum
2024-04-24 14:23:12.777542 INFO::Creating scatter plot for continuous data, age vs Butyricimonas.synergistica
2024-04-24 14:23:12.946456 INFO::Creating scatter plot for continuous data, age vs Monoglobus.pectinilyticus
2024-04-24 14:23:13.110288 INFO::Creating scatter plot for continuous data, age vs Veillonella.atypica
2024-04-24 14:23:14.809729 INFO::Plotting data for metadata number 2, disease
2024-04-24 14:23:14.811237 INFO::Creating boxplot for categorical data, disease vs Alistipes.putredinis
2024-04-24 14:23:15.037411 INFO::Creating boxplot for categorical data, disease vs Gemmiger.formicilis
2024-04-24 14:23:15.200621 INFO::Creating boxplot for categorical data, disease vs X.Ruminococcus..torques
2024-04-24 14:23:15.537502 INFO::Creating boxplot for categorical data, disease vs Ruminococcus.bicirculans
2024-04-24 14:23:15.719773 INFO::Creating boxplot for categorical data, disease vs Sellimonas.intestinalis
2024-04-24 14:23:16.1321 INFO::Creating boxplot for categorical data, disease vs X.Clostridium..leptum
2024-04-24 14:23:16.400392 INFO::Creating boxplot for categorical data, disease vs Alistipes.shahii
2024-04-24 14:23:18.128615 INFO::Plotting data for metadata number 3, antibiotics_current_use
2024-04-24 14:23:18.130464 INFO::Creating boxplot for categorical data, antibiotics_current_use vs Coprobacter.fastidiosus
2024-04-24 14:23:18.322639 INFO::Creating boxplot for categorical data, antibiotics_current_use vs X.Eubacterium..rectale
2024-04-24 14:23:18.494283 INFO::Creating boxplot for categorical data, antibiotics_current_use vs Agathobaculum.butyriciproducens
