This is XeTeX, Version 3.14159265-2.6-0.999992 (MiKTeX 20.12) (preloaded format=xelatex 2020.12.30)  22 FEB 2021 15:36
entering extended mode
**./MiaBook.tex
(MiaBook.tex
LaTeX2e <2020-10-01> patch level 2
L3 programming layer <2020-12-07> xparse <2020-03-03> ("C:\Program Files\MiKTeX
\tex/latex/base\book.cls"
Document Class: book 2020/04/10 v1.4m Standard LaTeX document class
("C:\Program Files\MiKTeX\tex/latex/base\bk10.clo"
File: bk10.clo 2020/04/10 v1.4m Standard LaTeX file (size option)
)
\c@part=\count173
\c@chapter=\count174
\c@section=\count175
\c@subsection=\count176
\c@subsubsection=\count177
\c@paragraph=\count178
\c@subparagraph=\count179
\c@figure=\count180
\c@table=\count181
\abovecaptionskip=\skip47
\belowcaptionskip=\skip48
\bibindent=\dimen138
) ("C:\Program Files\MiKTeX\tex/latex/lm\lmodern.sty"
Package: lmodern 2009/10/30 v1.6 Latin Modern Fonts
LaTeX Font Info:    Overwriting symbol font `operators' in version `normal'
(Font)                  OT1/cmr/m/n --> OT1/lmr/m/n on input line 22.
LaTeX Font Info:    Overwriting symbol font `letters' in version `normal'
(Font)                  OML/cmm/m/it --> OML/lmm/m/it on input line 23.
LaTeX Font Info:    Overwriting symbol font `symbols' in version `normal'
(Font)                  OMS/cmsy/m/n --> OMS/lmsy/m/n on input line 24.
LaTeX Font Info:    Overwriting symbol font `largesymbols' in version `normal'
(Font)                  OMX/cmex/m/n --> OMX/lmex/m/n on input line 25.
LaTeX Font Info:    Overwriting symbol font `operators' in version `bold'
(Font)                  OT1/cmr/bx/n --> OT1/lmr/bx/n on input line 26.
LaTeX Font Info:    Overwriting symbol font `letters' in version `bold'
(Font)                  OML/cmm/b/it --> OML/lmm/b/it on input line 27.
LaTeX Font Info:    Overwriting symbol font `symbols' in version `bold'
(Font)                  OMS/cmsy/b/n --> OMS/lmsy/b/n on input line 28.
LaTeX Font Info:    Overwriting symbol font `largesymbols' in version `bold'
(Font)                  OMX/cmex/m/n --> OMX/lmex/m/n on input line 29.
LaTeX Font Info:    Overwriting math alphabet `\mathbf' in version `normal'
(Font)                  OT1/cmr/bx/n --> OT1/lmr/bx/n on input line 31.
LaTeX Font Info:    Overwriting math alphabet `\mathsf' in version `normal'
(Font)                  OT1/cmss/m/n --> OT1/lmss/m/n on input line 32.
LaTeX Font Info:    Overwriting math alphabet `\mathit' in version `normal'
(Font)                  OT1/cmr/m/it --> OT1/lmr/m/it on input line 33.
LaTeX Font Info:    Overwriting math alphabet `\mathtt' in version `normal'
(Font)                  OT1/cmtt/m/n --> OT1/lmtt/m/n on input line 34.
LaTeX Font Info:    Overwriting math alphabet `\mathbf' in version `bold'
(Font)                  OT1/cmr/bx/n --> OT1/lmr/bx/n on input line 35.
LaTeX Font Info:    Overwriting math alphabet `\mathsf' in version `bold'
(Font)                  OT1/cmss/bx/n --> OT1/lmss/bx/n on input line 36.
LaTeX Font Info:    Overwriting math alphabet `\mathit' in version `bold'
(Font)                  OT1/cmr/bx/it --> OT1/lmr/bx/it on input line 37.
LaTeX Font Info:    Overwriting math alphabet `\mathtt' in version `bold'
(Font)                  OT1/cmtt/m/n --> OT1/lmtt/m/n on input line 38.
) ("C:\Program Files\MiKTeX\tex/latex/amsfonts\amssymb.sty"
Package: amssymb 2013/01/14 v3.01 AMS font symbols
("C:\Program Files\MiKTeX\tex/latex/amsfonts\amsfonts.sty"
Package: amsfonts 2013/01/14 v3.01 Basic AMSFonts support
\@emptytoks=\toks15
\symAMSa=\mathgroup4
\symAMSb=\mathgroup5
LaTeX Font Info:    Redeclaring math symbol \hbar on input line 98.
LaTeX Font Info:    Overwriting math alphabet `\mathfrak' in version `bold'
(Font)                  U/euf/m/n --> U/euf/b/n on input line 106.
)) ("C:\Program Files\MiKTeX\tex/latex/amsmath\amsmath.sty"
Package: amsmath 2020/09/23 v2.17i AMS math features
\@mathmargin=\skip49
For additional information on amsmath, use the `?' option.
("C:\Program Files\MiKTeX\tex/latex/amsmath\amstext.sty"
Package: amstext 2000/06/29 v2.01 AMS text
("C:\Program Files\MiKTeX\tex/latex/amsmath\amsgen.sty"
File: amsgen.sty 1999/11/30 v2.0 generic functions
\@emptytoks=\toks16
\ex@=\dimen139
)) ("C:\Program Files\MiKTeX\tex/latex/amsmath\amsbsy.sty"
Package: amsbsy 1999/11/29 v1.2d Bold Symbols
\pmbraise@=\dimen140
) ("C:\Program Files\MiKTeX\tex/latex/amsmath\amsopn.sty"
Package: amsopn 2016/03/08 v2.02 operator names
)
\inf@bad=\count182
LaTeX Info: Redefining \frac on input line 234.
\uproot@=\count183
\leftroot@=\count184
LaTeX Info: Redefining \overline on input line 399.
\classnum@=\count185
\DOTSCASE@=\count186
LaTeX Info: Redefining \ldots on input line 496.
LaTeX Info: Redefining \dots on input line 499.
LaTeX Info: Redefining \cdots on input line 620.
\Mathstrutbox@=\box47
\strutbox@=\box48
\big@size=\dimen141
LaTeX Font Info:    Redeclaring font encoding OML on input line 743.
LaTeX Font Info:    Redeclaring font encoding OMS on input line 744.
\macc@depth=\count187
\c@MaxMatrixCols=\count188
\dotsspace@=\muskip16
\c@parentequation=\count189
\dspbrk@lvl=\count190
\tag@help=\toks17
\row@=\count191
\column@=\count192
\maxfields@=\count193
\andhelp@=\toks18
\eqnshift@=\dimen142
\alignsep@=\dimen143
\tagshift@=\dimen144
\tagwidth@=\dimen145
\totwidth@=\dimen146
\lineht@=\dimen147
\@envbody=\toks19
\multlinegap=\skip50
\multlinetaggap=\skip51
\mathdisplay@stack=\toks20
LaTeX Info: Redefining \[ on input line 2923.
LaTeX Info: Redefining \] on input line 2924.
) ("C:\Program Files\MiKTeX\tex/generic/iftex\ifxetex.sty"
Package: ifxetex 2019/10/25 v0.7 ifxetex legacy package. Use iftex instead.
("C:\Program Files\MiKTeX\tex/generic/iftex\iftex.sty"
Package: iftex 2020/03/06 v1.0d TeX engine tests
)) ("C:\Program Files\MiKTeX\tex/generic/iftex\ifluatex.sty"
Package: ifluatex 2019/10/25 v1.5 ifluatex legacy package. Use iftex instead.
) (C:\Users\sudar\AppData\Roaming\MiKTeX\tex/latex/unicode-math\unicode-math.st
y ("C:\Program Files\MiKTeX\tex/latex/l3kernel\expl3.sty"
Package: expl3 2020-12-07 L3 programming layer (loader) 
("C:\Program Files\MiKTeX\tex/latex/l3backend\l3backend-xetex.def"
File: l3backend-xetex.def 2020-09-24 L3 backend support: XeTeX
\g__graphics_track_int=\count194
\l__pdf_internal_box=\box49
\g__pdf_backend_object_int=\count195
\g__pdf_backend_annotation_int=\count196
))
Package: unicode-math 2020/01/31 v0.8q Unicode maths in XeLaTeX and LuaLaTeX

(C:\Users\sudar\AppData\Roaming\MiKTeX\tex/latex/unicode-math\unicode-math-xete
x.sty
Package: unicode-math-xetex 2020/01/31 v0.8q Unicode maths in XeLaTeX and LuaLa
TeX
("C:\Program Files\MiKTeX\tex/latex/l3packages/xparse\xparse.sty"
Package: xparse 2020-10-27 L3 Experimental document command parser
("C:\Program Files\MiKTeX\tex/latex/l3packages/xparse\xparse-generic.tex")) ("C
:\Program Files\MiKTeX\tex/latex/l3packages/l3keys2e\l3keys2e.sty"
Package: l3keys2e 2020-10-27 LaTeX2e option processing using LaTeX3 keys
) ("C:\Program Files\MiKTeX\tex/latex/fontspec\fontspec.sty"
Package: fontspec 2020/02/21 v2.7i Font selection for XeLaTeX and LuaLaTeX
("C:\Program Files\MiKTeX\tex/latex/fontspec\fontspec-xetex.sty"
Package: fontspec-xetex 2020/02/21 v2.7i Font selection for XeLaTeX and LuaLaTe
X
\l__fontspec_script_int=\count197
\l__fontspec_language_int=\count198
\l__fontspec_strnum_int=\count199
\l__fontspec_tmp_int=\count266
\l__fontspec_tmpa_int=\count267
\l__fontspec_tmpb_int=\count268
\l__fontspec_tmpc_int=\count269
\l__fontspec_em_int=\count270
\l__fontspec_emdef_int=\count271
\l__fontspec_strong_int=\count272
\l__fontspec_strongdef_int=\count273
\l__fontspec_tmpa_dim=\dimen148
\l__fontspec_tmpb_dim=\dimen149
\l__fontspec_tmpc_dim=\dimen150
("C:\Program Files\MiKTeX\tex/latex/base\fontenc.sty"
Package: fontenc 2020/08/10 v2.0s Standard LaTeX package
) ("C:\Program Files\MiKTeX\tex/latex/fontspec\fontspec.cfg"))) ("C:\Program Fi
les\MiKTeX\tex/latex/base\fix-cm.sty"
Package: fix-cm 2015/01/14 v1.1t fixes to LaTeX
("C:\Program Files\MiKTeX\tex/latex/base\ts1enc.def"
File: ts1enc.def 2001/06/05 v3.0e (jk/car/fm) Standard LaTeX file
LaTeX Font Info:    Redeclaring font encoding TS1 on input line 47.
))
\g__um_fam_int=\count274
\g__um_fonts_used_int=\count275
\l__um_primecount_int=\count276
\g__um_primekern_muskip=\muskip17

(C:\Users\sudar\AppData\Roaming\MiKTeX\tex/latex/unicode-math\unicode-math-tabl
e.tex))) (C:\Users\sudar\AppData\Roaming\MiKTeX\tex/latex/upquote\upquote.sty
Package: upquote 2012/04/19 v1.3 upright-quote and grave-accent glyphs in verba
tim
("C:\Program Files\MiKTeX\tex/latex/base\textcomp.sty"
Package: textcomp 2020/02/02 v2.0n Standard LaTeX package
)) (C:\Users\sudar\AppData\Roaming\MiKTeX\tex/latex/microtype\microtype.sty
Package: microtype 2020/12/07 v2.8 Micro-typographical refinements (RS)
("C:\Program Files\MiKTeX\tex/latex/graphics\keyval.sty"
Package: keyval 2014/10/28 v1.15 key=value parser (DPC)
\KV@toks@=\toks21
)
\MT@toks=\toks22
\MT@count=\count277
LaTeX Info: Redefining \textls on input line 788.
\MT@outer@kern=\dimen151
LaTeX Info: Redefining \textmicrotypecontext on input line 1358.
\MT@listname@count=\count278
(C:\Users\sudar\AppData\Roaming\MiKTeX\tex/latex/microtype\microtype-xetex.def
File: microtype-xetex.def 2020/12/07 v2.8 Definitions specific to xetex (RS)
LaTeX Info: Redefining \lsstyle on input line 254.
)
Package microtype Info: Loading configuration file microtype.cfg.
(C:\Users\sudar\AppData\Roaming\MiKTeX\tex/latex/microtype\microtype.cfg
File: microtype.cfg 2020/12/07 v2.8 microtype main configuration file (RS)
)) (C:\Users\sudar\AppData\Roaming\MiKTeX\tex/latex/parskip\parskip.sty
Package: parskip 2020-06-15 v2.0f non-zero parskip adjustments
(C:\Users\sudar\AppData\Roaming\MiKTeX\tex/latex/kvoptions\kvoptions.sty
Package: kvoptions 2020-10-07 v3.14 Key value format for package options (HO)
(C:\Users\sudar\AppData\Roaming\MiKTeX\tex/generic/ltxcmds\ltxcmds.sty
Package: ltxcmds 2020-05-10 v1.25 LaTeX kernel commands for general use (HO)
) (C:\Users\sudar\AppData\Roaming\MiKTeX\tex/generic/kvsetkeys\kvsetkeys.sty
Package: kvsetkeys 2019/12/15 v1.18 Key value parser (HO)
)) ("C:\Program Files\MiKTeX\tex/latex/etoolbox\etoolbox.sty"
Package: etoolbox 2020/10/05 v2.5k e-TeX tools for LaTeX (JAW)
\etb@tempcnta=\count279
)) ("C:\Program Files\MiKTeX\tex/latex/xcolor\xcolor.sty"
Package: xcolor 2016/05/11 v2.12 LaTeX color extensions (UK)
("C:\Program Files\MiKTeX\tex/latex/graphics-cfg\color.cfg"
File: color.cfg 2016/01/02 v1.6 sample color configuration
)
Package xcolor Info: Driver file: xetex.def on input line 225.
("C:\Program Files\MiKTeX\tex/latex/graphics-def\xetex.def"
File: xetex.def 2020/08/26 v5.0i Graphics/color driver for xetex
)
Package xcolor Info: Model `cmy' substituted by `cmy0' on input line 1348.
Package xcolor Info: Model `RGB' extended on input line 1364.
Package xcolor Info: Model `HTML' substituted by `rgb' on input line 1366.
Package xcolor Info: Model `Hsb' substituted by `hsb' on input line 1367.
Package xcolor Info: Model `tHsb' substituted by `hsb' on input line 1368.
Package xcolor Info: Model `HSB' substituted by `hsb' on input line 1369.
Package xcolor Info: Model `Gray' substituted by `gray' on input line 1370.
Package xcolor Info: Model `wave' substituted by `hsb' on input line 1371.
) (C:\Users\sudar\AppData\Roaming\MiKTeX\tex/latex/xurl\xurl.sty
Package: xurl 2020/01/24 v 0.09 modify URL breaks
("C:\Program Files\MiKTeX\tex/latex/url\url.sty"
\Urlmuskip=\muskip18
Package: url 2013/09/16  ver 3.4  Verb mode for urls, etc.
)) (C:\Users\sudar\AppData\Roaming\MiKTeX\tex/latex/bookmark\bookmark.sty
Package: bookmark 2020-11-06 v1.29 PDF bookmarks (HO)
("C:\Program Files\MiKTeX\tex/latex/hyperref\hyperref.sty"
Package: hyperref 2020-05-15 v7.00e Hypertext links for LaTeX
("C:\Program Files\MiKTeX\tex/generic/pdftexcmds\pdftexcmds.sty"
Package: pdftexcmds 2020-06-27 v0.33 Utility functions of pdfTeX for LuaTeX (HO
)
(C:\Users\sudar\AppData\Roaming\MiKTeX\tex/generic/infwarerr\infwarerr.sty
Package: infwarerr 2019/12/03 v1.5 Providing info/warning/error messages (HO)
)
Package pdftexcmds Info: \pdf@primitive is available.
Package pdftexcmds Info: \pdf@ifprimitive is available.
Package pdftexcmds Info: \pdfdraftmode not found.
)
(C:\Users\sudar\AppData\Roaming\MiKTeX\tex/generic/kvdefinekeys\kvdefinekeys.st
y
Package: kvdefinekeys 2019-12-19 v1.6 Define keys (HO)
) (C:\Users\sudar\AppData\Roaming\MiKTeX\tex/generic/pdfescape\pdfescape.sty
Package: pdfescape 2019/12/09 v1.15 Implements pdfTeX's escape features (HO)
) (C:\Users\sudar\AppData\Roaming\MiKTeX\tex/latex/hycolor\hycolor.sty
Package: hycolor 2020-01-27 v1.10 Color options for hyperref/bookmark (HO)
) (C:\Users\sudar\AppData\Roaming\MiKTeX\tex/latex/letltxmacro\letltxmacro.sty
Package: letltxmacro 2019/12/03 v1.6 Let assignment for LaTeX macros (HO)
) (C:\Users\sudar\AppData\Roaming\MiKTeX\tex/latex/auxhook\auxhook.sty
Package: auxhook 2019-12-17 v1.6 Hooks for auxiliary files (HO)
)
\@linkdim=\dimen152
\Hy@linkcounter=\count280
\Hy@pagecounter=\count281
("C:\Program Files\MiKTeX\tex/latex/hyperref\pd1enc.def"
File: pd1enc.def 2020-05-15 v7.00e Hyperref: PDFDocEncoding definition (HO)
) (C:\Users\sudar\AppData\Roaming\MiKTeX\tex/generic/intcalc\intcalc.sty
Package: intcalc 2019/12/15 v1.3 Expandable calculations with integers (HO)
) (C:\Users\sudar\AppData\Roaming\MiKTeX\tex/generic/etexcmds\etexcmds.sty
Package: etexcmds 2019/12/15 v1.7 Avoid name clashes with e-TeX commands (HO)
)
\Hy@SavedSpaceFactor=\count282
Package hyperref Info: Option `unicode' set `true' on input line 4338.
("C:\Program Files\MiKTeX\tex/latex/hyperref\puenc.def"
File: puenc.def 2020-05-15 v7.00e Hyperref: PDF Unicode definition (HO)
)
Package hyperref Info: Hyper figures OFF on input line 4464.
Package hyperref Info: Link nesting OFF on input line 4469.
Package hyperref Info: Hyper index ON on input line 4472.
Package hyperref Info: Plain pages OFF on input line 4479.
Package hyperref Info: Backreferencing OFF on input line 4484.
Package hyperref Info: Implicit mode ON; LaTeX internals redefined.
Package hyperref Info: Bookmarks ON on input line 4717.
\c@Hy@tempcnt=\count283
LaTeX Info: Redefining \url on input line 5076.
\XeTeXLinkMargin=\dimen153
(C:\Users\sudar\AppData\Roaming\MiKTeX\tex/generic/bitset\bitset.sty
Package: bitset 2019/12/09 v1.3 Handle bit-vector datatype (HO)
(C:\Users\sudar\AppData\Roaming\MiKTeX\tex/generic/bigintcalc\bigintcalc.sty
Package: bigintcalc 2019/12/15 v1.5 Expandable calculations on big integers (HO
)
))
\Fld@menulength=\count284
\Field@Width=\dimen154
\Fld@charsize=\dimen155
Package hyperref Info: Hyper figures OFF on input line 6347.
Package hyperref Info: Link nesting OFF on input line 6352.
Package hyperref Info: Hyper index ON on input line 6355.
Package hyperref Info: backreferencing OFF on input line 6362.
Package hyperref Info: Link coloring OFF on input line 6367.
Package hyperref Info: Link coloring with OCG OFF on input line 6372.
Package hyperref Info: PDF/A mode OFF on input line 6377.
LaTeX Info: Redefining \ref on input line 6417.
LaTeX Info: Redefining \pageref on input line 6421.
("C:\Program Files\MiKTeX\tex/latex/base\atbegshi-ltx.sty"
Package: atbegshi-ltx 2020/08/17 v1.0a Emulation of the original atbegshi packa
ge
with kernel methods
)
\Hy@abspage=\count285
\c@Item=\count286
\c@Hfootnote=\count287
)
Package hyperref Info: Driver (autodetected): hxetex.
("C:\Program Files\MiKTeX\tex/latex/hyperref\hxetex.def"
File: hxetex.def 2020-05-15 v7.00e Hyperref driver for XeTeX
(C:\Users\sudar\AppData\Roaming\MiKTeX\tex/generic/stringenc\stringenc.sty
Package: stringenc 2019/11/29 v1.12 Convert strings between diff. encodings (HO
)
)
\pdfm@box=\box50
\c@Hy@AnnotLevel=\count288
\HyField@AnnotCount=\count289
\Fld@listcount=\count290
\c@bookmark@seq@number=\count291

(C:\Users\sudar\AppData\Roaming\MiKTeX\tex/latex/rerunfilecheck\rerunfilecheck.
sty
Package: rerunfilecheck 2019/12/05 v1.9 Rerun checks for auxiliary files (HO)
("C:\Program Files\MiKTeX\tex/latex/base\atveryend-ltx.sty"
Package: atveryend-ltx 2020/08/19 v1.0a Emulation of the original atvery packag
e
with kernel methods
)
(C:\Users\sudar\AppData\Roaming\MiKTeX\tex/generic/uniquecounter\uniquecounter.
sty
Package: uniquecounter 2019/12/15 v1.4 Provide unlimited unique counter (HO)
)
Package uniquecounter Info: New unique counter `rerunfilecheck' on input line 2
86.
)
\Hy@SectionHShift=\skip52
) (C:\Users\sudar\AppData\Roaming\MiKTeX\tex/latex/bookmark\bkm-dvipdfm.def
File: bkm-dvipdfm.def 2020-11-06 v1.29 bookmark driver for dvipdfm (HO)
\BKM@id=\count292
)) (C:\Users\sudar\AppData\Roaming\MiKTeX\tex/latex/fancyvrb\fancyvrb.sty
Package: fancyvrb 2020/05/03 v3.6 verbatim text (tvz,hv)
\FV@CodeLineNo=\count293
\FV@InFile=\read2
\FV@TabBox=\box51
\c@FancyVerbLine=\count294
\FV@StepNumber=\count295
\FV@OutFile=\write3
) (C:\Users\sudar\AppData\Roaming\MiKTeX\tex/latex/framed\framed.sty
Package: framed 2011/10/22 v 0.96: framed or shaded text with page breaks
\OuterFrameSep=\skip53
\fb@frw=\dimen156
\fb@frh=\dimen157
\FrameRule=\dimen158
\FrameSep=\dimen159
) ("C:\Program Files\MiKTeX\tex/latex/tools\longtable.sty"
Package: longtable 2020/01/07 v4.13 Multi-page Table package (DPC)
\LTleft=\skip54
\LTright=\skip55
\LTpre=\skip56
\LTpost=\skip57
\LTchunksize=\count296
\LTcapwidth=\dimen160
\LT@head=\box52
\LT@firsthead=\box53
\LT@foot=\box54
\LT@lastfoot=\box55
\LT@cols=\count297
\LT@rows=\count298
\c@LT@tables=\count299
\c@LT@chunks=\count300
\LT@p@ftn=\toks23
) (C:\Users\sudar\AppData\Roaming\MiKTeX\tex/latex/booktabs\booktabs.sty
Package: booktabs 2020/01/12 v1.61803398 Publication quality tables
\heavyrulewidth=\dimen161
\lightrulewidth=\dimen162
\cmidrulewidth=\dimen163
\belowrulesep=\dimen164
\belowbottomsep=\dimen165
\aboverulesep=\dimen166
\abovetopsep=\dimen167
\cmidrulesep=\dimen168
\cmidrulekern=\dimen169
\defaultaddspace=\dimen170
\@cmidla=\count301
\@cmidlb=\count302
\@aboverulesep=\dimen171
\@belowrulesep=\dimen172
\@thisruleclass=\count303
\@lastruleclass=\count304
\@thisrulewidth=\dimen173
)
(C:\Users\sudar\AppData\Roaming\MiKTeX\tex/latex/footnotehyper\footnotehyper.st
y
Package: footnotehyper 2019/11/07 v1.1a hyperref aware footnote.sty (JFB)
\FNH@notes=\box56
\FNH@width=\dimen174
) ("C:\Program Files\MiKTeX\tex/latex/graphics\graphicx.sty"
Package: graphicx 2020/09/09 v1.2b Enhanced LaTeX Graphics (DPC,SPQR)
("C:\Program Files\MiKTeX\tex/latex/graphics\graphics.sty"
Package: graphics 2020/08/30 v1.4c Standard LaTeX Graphics (DPC,SPQR)
("C:\Program Files\MiKTeX\tex/latex/graphics\trig.sty"
Package: trig 2016/01/03 v1.10 sin cos tan (DPC)
) ("C:\Program Files\MiKTeX\tex/latex/graphics-cfg\graphics.cfg"
File: graphics.cfg 2016/06/04 v1.11 sample graphics configuration
)
Package graphics Info: Driver file: xetex.def on input line 105.
)
\Gin@req@height=\dimen175
\Gin@req@width=\dimen176
) (C:\Users\sudar\AppData\Roaming\MiKTeX\tex/latex/grffile\grffile.sty
Package: grffile 2019/11/11 v2.1 Extended file name support for graphics (legac
y)
Package grffile Info: This package is an empty stub for compatibility on input 
line 40.
) (C:\Users\sudar\AppData\Roaming\MiKTeX\tex/latex/natbib\natbib.sty
Package: natbib 2010/09/13 8.31b (PWD, AO)
\bibhang=\skip58
\bibsep=\skip59
LaTeX Info: Redefining \cite on input line 694.
\c@NAT@ctr=\count305
) (MiaBook.aux)
\openout1 = `MiaBook.aux'.

LaTeX Font Info:    Checking defaults for OML/cmm/m/it on input line 117.
LaTeX Font Info:    ... okay on input line 117.
LaTeX Font Info:    Checking defaults for OMS/cmsy/m/n on input line 117.
LaTeX Font Info:    ... okay on input line 117.
LaTeX Font Info:    Checking defaults for OT1/cmr/m/n on input line 117.
LaTeX Font Info:    ... okay on input line 117.
LaTeX Font Info:    Checking defaults for T1/cmr/m/n on input line 117.
LaTeX Font Info:    ... okay on input line 117.
LaTeX Font Info:    Checking defaults for TS1/cmr/m/n on input line 117.
LaTeX Font Info:    ... okay on input line 117.
LaTeX Font Info:    Checking defaults for TU/lmr/m/n on input line 117.
LaTeX Font Info:    ... okay on input line 117.
LaTeX Font Info:    Checking defaults for OMX/cmex/m/n on input line 117.
LaTeX Font Info:    ... okay on input line 117.
LaTeX Font Info:    Checking defaults for U/cmr/m/n on input line 117.
LaTeX Font Info:    ... okay on input line 117.
LaTeX Font Info:    Checking defaults for PD1/pdf/m/n on input line 117.
LaTeX Font Info:    ... okay on input line 117.
LaTeX Font Info:    Checking defaults for PU/pdf/m/n on input line 117.
LaTeX Font Info:    ... okay on input line 117.
LaTeX Font Info:    Overwriting math alphabet `\mathrm' in version `normal'
(Font)                  OT1/lmr/m/n --> TU/lmr/m/n on input line 117.
LaTeX Font Info:    Overwriting math alphabet `\mathit' in version `normal'
(Font)                  OT1/lmr/m/it --> TU/lmr/m/it on input line 117.
LaTeX Font Info:    Overwriting math alphabet `\mathbf' in version `normal'
(Font)                  OT1/lmr/bx/n --> TU/lmr/bx/n on input line 117.
LaTeX Font Info:    Overwriting math alphabet `\mathsf' in version `normal'
(Font)                  OT1/lmss/m/n --> TU/lmss/m/n on input line 117.
LaTeX Font Info:    Overwriting math alphabet `\mathsf' in version `bold'
(Font)                  OT1/lmss/bx/n --> TU/lmss/bx/n on input line 117.
LaTeX Font Info:    Overwriting math alphabet `\mathtt' in version `normal'
(Font)                  OT1/lmtt/m/n --> TU/lmtt/m/n on input line 117.
LaTeX Font Info:    Overwriting math alphabet `\mathtt' in version `bold'
(Font)                  OT1/lmtt/m/n --> TU/lmtt/bx/n on input line 117.

Package fontspec Info: latinmodern-math scale = 0.9999964596882403.


Package fontspec Info: latinmodern-math scale = 0.9999964596882403.


Package fontspec Info: latinmodern-math scale = 0.9999964596882403.


Package fontspec Info: Font family 'latinmodern-math.otf(0)' created for font
(fontspec)             'latinmodern-math.otf' with options
(fontspec)             [Scale=MatchLowercase,BoldItalicFont={},ItalicFont={},Sm
allCapsFont={},Script=Math,BoldFont={latinmodern-math.otf}].
(fontspec)              
(fontspec)              This font family consists of the following NFSS
(fontspec)             series/shapes:
(fontspec)              
(fontspec)             - 'normal' (m/n) with NFSS spec.:
(fontspec)             <->s*[0.9999964596882403]"[latinmodern-math.otf]/OT:scri
pt=math;language=dflt;"
(fontspec)             - 'small caps'  (m/sc) with NFSS spec.: 
(fontspec)             - 'bold' (b/n) with NFSS spec.:
(fontspec)             <->s*[0.9999964596882403]"[latinmodern-math.otf]/OT:scri
pt=math;language=dflt;"
(fontspec)             - 'bold small caps'  (b/sc) with NFSS spec.: 

LaTeX Font Info:    Font shape `TU/latinmodern-math.otf(0)/m/n' will be
(Font)              scaled to size 10.0pt on input line 117.

Package fontspec Info: latinmodern-math scale = 0.9999964596882403.


Package fontspec Info: latinmodern-math scale = 0.9999964596882403.


Package fontspec Info: latinmodern-math scale = 0.9999964596882403.


Package fontspec Info: latinmodern-math scale = 0.9999964596882403.


Package fontspec Info: latinmodern-math scale = 0.9999964596882403.


Package fontspec Info: Font family 'latinmodern-math.otf(1)' created for font
(fontspec)             'latinmodern-math.otf' with options
(fontspec)             [Scale=MatchLowercase,BoldItalicFont={},ItalicFont={},Sm
allCapsFont={},Script=Math,SizeFeatures={{Size=8.5-},{Size=6-8.5,Font=latinmode
rn-math.otf,Style=MathScript},{Size=-6,Font=latinmodern-math.otf,Style=MathScri
ptScript}},BoldFont={latinmodern-math.otf}].
(fontspec)              
(fontspec)              This font family consists of the following NFSS
(fontspec)             series/shapes:
(fontspec)              
(fontspec)             - 'normal' (m/n) with NFSS spec.:
(fontspec)             <8.5->s*[0.9999964596882403]"[latinmodern-math.otf]/OT:s
cript=math;language=dflt;"<6-8.5>s*[0.9999964596882403]"[latinmodern-math.otf]/
OT:script=math;language=dflt;+ssty=0;"<-6>s*[0.9999964596882403]"[latinmodern-m
ath.otf]/OT:script=math;language=dflt;+ssty=1;"
(fontspec)             - 'small caps'  (m/sc) with NFSS spec.: 
(fontspec)             - 'bold' (b/n) with NFSS spec.:
(fontspec)             <->s*[0.9999964596882403]"[latinmodern-math.otf]/OT:scri
pt=math;language=dflt;"
(fontspec)             - 'bold small caps'  (b/sc) with NFSS spec.: 

LaTeX Font Info:    Font shape `TU/latinmodern-math.otf(1)/m/n' will be
(Font)              scaled to size 10.0pt on input line 117.
LaTeX Font Info:    Encoding `OT1' has changed to `TU' for symbol font
(Font)              `operators' in the math version `normal' on input line 117.

LaTeX Font Info:    Overwriting symbol font `operators' in version `normal'
(Font)                  OT1/lmr/m/n --> TU/latinmodern-math.otf(1)/m/n on input
 line 117.
LaTeX Font Info:    Encoding `OT1' has changed to `TU' for symbol font
(Font)              `operators' in the math version `bold' on input line 117.
LaTeX Font Info:    Overwriting symbol font `operators' in version `bold'
(Font)                  OT1/lmr/bx/n --> TU/latinmodern-math.otf(1)/b/n on inpu
t line 117.

Package fontspec Info: latinmodern-math scale = 0.9999964596882403.


Package fontspec Info: latinmodern-math scale = 1.000096459334209.


Package fontspec Info: latinmodern-math scale = 0.9999964596882403.


Package fontspec Info: latinmodern-math scale = 1.000096459334209.


Package fontspec Info: latinmodern-math scale = 0.9999964596882403.


Package fontspec Info: latinmodern-math scale = 1.000096459334209.


Package fontspec Info: latinmodern-math scale = 0.9999964596882403.


Package fontspec Info: latinmodern-math scale = 1.000096459334209.


Package fontspec Info: latinmodern-math scale = 0.9999964596882403.


Package fontspec Info: latinmodern-math scale = 1.000096459334209.


Package fontspec Info: Font family 'latinmodern-math.otf(2)' created for font
(fontspec)             'latinmodern-math.otf' with options
(fontspec)             [Scale=MatchLowercase,BoldItalicFont={},ItalicFont={},Sm
allCapsFont={},Script=Math,SizeFeatures={{Size=8.5-},{Size=6-8.5,Font=latinmode
rn-math.otf,Style=MathScript},{Size=-6,Font=latinmodern-math.otf,Style=MathScri
ptScript}},BoldFont={latinmodern-math.otf},ScaleAgain=1.0001,FontAdjustment={\f
ontdimen
(fontspec)             8\font =6.77pt\relax \fontdimen 9\font =3.94pt\relax
(fontspec)             \fontdimen 10\font =4.44pt\relax \fontdimen 11\font
(fontspec)             =6.86pt\relax \fontdimen 12\font =3.45pt\relax
(fontspec)             \fontdimen 13\font =3.63pt\relax \fontdimen 14\font
(fontspec)             =3.63pt\relax \fontdimen 15\font =2.89pt\relax
(fontspec)             \fontdimen 16\font =2.47pt\relax \fontdimen 17\font
(fontspec)             =2.47pt\relax \fontdimen 18\font =2.5pt\relax
(fontspec)             \fontdimen 19\font =2.0pt\relax \fontdimen 22\font
(fontspec)             =2.5pt\relax \fontdimen 20\font =0pt\relax \fontdimen
(fontspec)             21\font =0pt\relax }].
(fontspec)              
(fontspec)              This font family consists of the following NFSS
(fontspec)             series/shapes:
(fontspec)              
(fontspec)             - 'normal' (m/n) with NFSS spec.:
(fontspec)             <8.5->s*[1.000096459334209]"[latinmodern-math.otf]/OT:sc
ript=math;language=dflt;"<6-8.5>s*[1.000096459334209]"[latinmodern-math.otf]/OT
:script=math;language=dflt;+ssty=0;"<-6>s*[1.000096459334209]"[latinmodern-math
.otf]/OT:script=math;language=dflt;+ssty=1;"
(fontspec)             - 'small caps'  (m/sc) with NFSS spec.: 
(fontspec)             and font adjustment code:
(fontspec)             \fontdimen 8\font =6.77pt\relax \fontdimen 9\font
(fontspec)             =3.94pt\relax \fontdimen 10\font =4.44pt\relax
(fontspec)             \fontdimen 11\font =6.86pt\relax \fontdimen 12\font
(fontspec)             =3.45pt\relax \fontdimen 13\font =3.63pt\relax
(fontspec)             \fontdimen 14\font =3.63pt\relax \fontdimen 15\font
(fontspec)             =2.89pt\relax \fontdimen 16\font =2.47pt\relax
(fontspec)             \fontdimen 17\font =2.47pt\relax \fontdimen 18\font
(fontspec)             =2.5pt\relax \fontdimen 19\font =2.0pt\relax \fontdimen
(fontspec)             22\font =2.5pt\relax \fontdimen 20\font =0pt\relax
(fontspec)             \fontdimen 21\font =0pt\relax 
(fontspec)             - 'bold' (b/n) with NFSS spec.:
(fontspec)             <->s*[1.000096459334209]"[latinmodern-math.otf]/OT:scrip
t=math;language=dflt;"
(fontspec)             - 'bold small caps'  (b/sc) with NFSS spec.: 
(fontspec)             and font adjustment code:
(fontspec)             \fontdimen 8\font =6.77pt\relax \fontdimen 9\font
(fontspec)             =3.94pt\relax \fontdimen 10\font =4.44pt\relax
(fontspec)             \fontdimen 11\font =6.86pt\relax \fontdimen 12\font
(fontspec)             =3.45pt\relax \fontdimen 13\font =3.63pt\relax
(fontspec)             \fontdimen 14\font =3.63pt\relax \fontdimen 15\font
(fontspec)             =2.89pt\relax \fontdimen 16\font =2.47pt\relax
(fontspec)             \fontdimen 17\font =2.47pt\relax \fontdimen 18\font
(fontspec)             =2.5pt\relax \fontdimen 19\font =2.0pt\relax \fontdimen
(fontspec)             22\font =2.5pt\relax \fontdimen 20\font =0pt\relax
(fontspec)             \fontdimen 21\font =0pt\relax 

LaTeX Font Info:    Encoding `OMS' has changed to `TU' for symbol font
(Font)              `symbols' in the math version `normal' on input line 117.
LaTeX Font Info:    Overwriting symbol font `symbols' in version `normal'
(Font)                  OMS/lmsy/m/n --> TU/latinmodern-math.otf(2)/m/n on inpu
t line 117.
LaTeX Font Info:    Encoding `OMS' has changed to `TU' for symbol font
(Font)              `symbols' in the math version `bold' on input line 117.
LaTeX Font Info:    Overwriting symbol font `symbols' in version `bold'
(Font)                  OMS/lmsy/b/n --> TU/latinmodern-math.otf(2)/b/n on inpu
t line 117.

Package fontspec Info: latinmodern-math scale = 0.9999964596882403.


Package fontspec Info: latinmodern-math scale = 0.9998964600422715.


Package fontspec Info: latinmodern-math scale = 0.9999964596882403.


Package fontspec Info: latinmodern-math scale = 0.9998964600422715.


Package fontspec Info: latinmodern-math scale = 0.9999964596882403.


Package fontspec Info: latinmodern-math scale = 0.9998964600422715.


Package fontspec Info: latinmodern-math scale = 0.9999964596882403.


Package fontspec Info: latinmodern-math scale = 0.9998964600422715.


Package fontspec Info: latinmodern-math scale = 0.9999964596882403.


Package fontspec Info: latinmodern-math scale = 0.9998964600422715.


Package fontspec Info: Font family 'latinmodern-math.otf(3)' created for font
(fontspec)             'latinmodern-math.otf' with options
(fontspec)             [Scale=MatchLowercase,BoldItalicFont={},ItalicFont={},Sm
allCapsFont={},Script=Math,SizeFeatures={{Size=8.5-},{Size=6-8.5,Font=latinmode
rn-math.otf,Style=MathScript},{Size=-6,Font=latinmodern-math.otf,Style=MathScri
ptScript}},BoldFont={latinmodern-math.otf},ScaleAgain=0.9999,FontAdjustment={\f
ontdimen
(fontspec)             8\font =0.4pt\relax \fontdimen 9\font =2.0pt\relax
(fontspec)             \fontdimen 10\font =1.67pt\relax \fontdimen 11\font
(fontspec)             =1.11pt\relax \fontdimen 12\font =6.0pt\relax
(fontspec)             \fontdimen 13\font =0pt\relax }].
(fontspec)              
(fontspec)              This font family consists of the following NFSS
(fontspec)             series/shapes:
(fontspec)              
(fontspec)             - 'normal' (m/n) with NFSS spec.:
(fontspec)             <8.5->s*[0.9998964600422715]"[latinmodern-math.otf]/OT:s
cript=math;language=dflt;"<6-8.5>s*[0.9998964600422715]"[latinmodern-math.otf]/
OT:script=math;language=dflt;+ssty=0;"<-6>s*[0.9998964600422715]"[latinmodern-m
ath.otf]/OT:script=math;language=dflt;+ssty=1;"
(fontspec)             - 'small caps'  (m/sc) with NFSS spec.: 
(fontspec)             and font adjustment code:
(fontspec)             \fontdimen 8\font =0.4pt\relax \fontdimen 9\font
(fontspec)             =2.0pt\relax \fontdimen 10\font =1.67pt\relax
(fontspec)             \fontdimen 11\font =1.11pt\relax \fontdimen 12\font
(fontspec)             =6.0pt\relax \fontdimen 13\font =0pt\relax 
(fontspec)             - 'bold' (b/n) with NFSS spec.:
(fontspec)             <->s*[0.9998964600422715]"[latinmodern-math.otf]/OT:scri
pt=math;language=dflt;"
(fontspec)             - 'bold small caps'  (b/sc) with NFSS spec.: 
(fontspec)             and font adjustment code:
(fontspec)             \fontdimen 8\font =0.4pt\relax \fontdimen 9\font
(fontspec)             =2.0pt\relax \fontdimen 10\font =1.67pt\relax
(fontspec)             \fontdimen 11\font =1.11pt\relax \fontdimen 12\font
(fontspec)             =6.0pt\relax \fontdimen 13\font =0pt\relax 

LaTeX Font Info:    Encoding `OMX' has changed to `TU' for symbol font
(Font)              `largesymbols' in the math version `normal' on input line 1
17.
LaTeX Font Info:    Overwriting symbol font `largesymbols' in version `normal'
(Font)                  OMX/lmex/m/n --> TU/latinmodern-math.otf(3)/m/n on inpu
t line 117.
LaTeX Font Info:    Encoding `OMX' has changed to `TU' for symbol font
(Font)              `largesymbols' in the math version `bold' on input line 117
.
LaTeX Font Info:    Overwriting symbol font `largesymbols' in version `bold'
(Font)                  OMX/lmex/m/n --> TU/latinmodern-math.otf(3)/b/n on inpu
t line 117.
LaTeX Info: Redefining \microtypecontext on input line 117.
Package microtype Info: Character protrusion enabled (level 2).
Package microtype Info: Using protrusion set `basicmath'.
Package microtype Info: No adjustment of tracking.
Package microtype Info: No adjustment of spacing.
Package microtype Info: No adjustment of kerning.

(C:\Users\sudar\AppData\Roaming\MiKTeX\tex/latex/microtype\mt-LatinModernRoman.
cfg
File: mt-LatinModernRoman.cfg 2013/03/13 v1.0 microtype config. file: Latin Mod
ern Roman (RS)
)
Package hyperref Info: Link coloring OFF on input line 117.
("C:\Program Files\MiKTeX\tex/latex/hyperref\nameref.sty"
Package: nameref 2019/09/16 v2.46 Cross-referencing by name of section
(C:\Users\sudar\AppData\Roaming\MiKTeX\tex/latex/refcount\refcount.sty
Package: refcount 2019/12/15 v3.6 Data extraction from label references (HO)
)
(C:\Users\sudar\AppData\Roaming\MiKTeX\tex/generic/gettitlestring\gettitlestrin
g.sty
Package: gettitlestring 2019/12/15 v1.6 Cleanup title references (HO)
)
\c@section@level=\count306
)
LaTeX Info: Redefining \ref on input line 117.
LaTeX Info: Redefining \pageref on input line 117.
LaTeX Info: Redefining \nameref on input line 117.
LaTeX Font Info:    Font shape `TU/latinmodern-math.otf(1)/m/n' will be
(Font)              scaled to size 12.0pt on input line 119.
LaTeX Font Info:    Font shape `TU/latinmodern-math.otf(1)/m/n' will be
(Font)              scaled to size 8.0pt on input line 119.
LaTeX Font Info:    Font shape `TU/latinmodern-math.otf(1)/m/n' will be
(Font)              scaled to size 6.0pt on input line 119.
LaTeX Font Info:    Trying to load font information for OML+lmm on input line 1
19.
("C:\Program Files\MiKTeX\tex/latex/lm\omllmm.fd"
File: omllmm.fd 2009/10/30 v1.6 Font defs for Latin Modern
)
LaTeX Font Info:    Font shape `TU/latinmodern-math.otf(2)/m/n' will be
(Font)              scaled to size 12.0011pt on input line 119.
LaTeX Font Info:    Font shape `TU/latinmodern-math.otf(2)/m/n' will be
(Font)              scaled to size 8.00073pt on input line 119.
LaTeX Font Info:    Font shape `TU/latinmodern-math.otf(2)/m/n' will be
(Font)              scaled to size 6.00055pt on input line 119.
LaTeX Font Info:    Font shape `TU/latinmodern-math.otf(3)/m/n' will be
(Font)              scaled to size 11.99872pt on input line 119.
LaTeX Font Info:    Font shape `TU/latinmodern-math.otf(3)/m/n' will be
(Font)              scaled to size 7.99915pt on input line 119.
LaTeX Font Info:    Font shape `TU/latinmodern-math.otf(3)/m/n' will be
(Font)              scaled to size 5.99936pt on input line 119.
LaTeX Font Info:    Trying to load font information for U+msa on input line 119
.
("C:\Program Files\MiKTeX\tex/latex/amsfonts\umsa.fd"
File: umsa.fd 2013/01/14 v3.01 AMS symbols A
) (C:\Users\sudar\AppData\Roaming\MiKTeX\tex/latex/microtype\mt-msa.cfg
File: mt-msa.cfg 2006/02/04 v1.1 microtype config. file: AMS symbols (a) (RS)
)
LaTeX Font Info:    Trying to load font information for U+msb on input line 119
.
("C:\Program Files\MiKTeX\tex/latex/amsfonts\umsb.fd"
File: umsb.fd 2013/01/14 v3.01 AMS symbols B
) (C:\Users\sudar\AppData\Roaming\MiKTeX\tex/latex/microtype\mt-msb.cfg
File: mt-msb.cfg 2005/06/01 v1.0 microtype config. file: AMS symbols (b) (RS)
) [1


] [2

] (MiaBook.toc
LaTeX Font Info:    Font shape `TU/latinmodern-math.otf(1)/m/n' will be
(Font)              scaled to size 7.0pt on input line 4.
LaTeX Font Info:    Font shape `TU/latinmodern-math.otf(1)/m/n' will be
(Font)              scaled to size 5.0pt on input line 4.
LaTeX Font Info:    Font shape `TU/latinmodern-math.otf(2)/m/n' will be
(Font)              scaled to size 10.00092pt on input line 4.
LaTeX Font Info:    Font shape `TU/latinmodern-math.otf(2)/m/n' will be
(Font)              scaled to size 7.00064pt on input line 4.
LaTeX Font Info:    Font shape `TU/latinmodern-math.otf(2)/m/n' will be
(Font)              scaled to size 5.00046pt on input line 4.
LaTeX Font Info:    Font shape `TU/latinmodern-math.otf(3)/m/n' will be
(Font)              scaled to size 9.99893pt on input line 4.
LaTeX Font Info:    Font shape `TU/latinmodern-math.otf(3)/m/n' will be
(Font)              scaled to size 6.99925pt on input line 4.
LaTeX Font Info:    Font shape `TU/latinmodern-math.otf(3)/m/n' will be
(Font)              scaled to size 4.99947pt on input line 4.
[3])
\tf@toc=\write4
\openout4 = `MiaBook.toc'.

[4] [5

] [6

] [7] [8]
Chapter 1.
LaTeX Font Info:    Font shape `TU/lmtt/bx/n' in size <10> not available
(Font)              Font shape `TU/lmtt/b/n' tried instead on input line 188.

Underfull \hbox (badness 10000) in paragraph at lines 199--201

 []

[9

]
Underfull \hbox (badness 1789) in paragraph at lines 211--215
\TU/lmr/m/n/10 The widely used \TU/lmtt/m/n/10 phyloseq \TU/lmr/m/n/10 package 
and class were around before the
 []


Underfull \hbox (badness 1442) in paragraph at lines 211--215
\TU/lmr/m/n/10 and the derived []\TU/lmtt/m/n/10 TreeSummarizedExperiment[] \TU
/lmr/m/n/10 class. Many methods for
 []


Overfull \hbox (19.22502pt too wide) in paragraph at lines 219--225
[]\TU/lmtt/m/n/10 assays \TU/lmr/m/n/10 : This slot is similar to \TU/lmtt/m/n/
10 otu_table \TU/lmr/m/n/10 in \TU/lmtt/m/n/10 phyloseq\TU/lmr/m/n/10 . In a \T
U/lmtt/m/n/10 SummarizedExperiment
 []


Overfull \hbox (134.61pt too wide) in paragraph at lines 242--245
\TU/lmr/m/n/10 ported in \TU/lmtt/m/n/10 TreeSummarizedExperiment \TU/lmr/m/n/1
0 format. See \TU/lmtt/m/n/10 help(mia::makeTreeSummarizedExperimentFromqiime2)

 []

[10] [11]
Overfull \hbox (17.25pt too wide) in paragraph at lines 428--428
[]\TU/lmtt/m/n/10 ##         X.SampleID   Primer Final_Barcode Barcode_truncate
d_plus_T[] 
 []

[12]
Overfull \hbox (17.25pt too wide) in paragraph at lines 428--428
[]\TU/lmtt/m/n/10 ##           <factor> <factor>      <factor>                 
<factor>[] 
 []


Overfull \hbox (17.25pt too wide) in paragraph at lines 428--428
[]\TU/lmtt/m/n/10 ## CL3        CL3      ILBC_01        AACGCA                 
  TGCGTT[] 
 []


Overfull \hbox (17.25pt too wide) in paragraph at lines 428--428
[]\TU/lmtt/m/n/10 ## CC1        CC1      ILBC_02        AACTCG                 
  CGAGTT[] 
 []


Overfull \hbox (17.25pt too wide) in paragraph at lines 428--428
[]\TU/lmtt/m/n/10 ## SV1        SV1      ILBC_03        AACTGT                 
  ACAGTT[] 
 []


Overfull \hbox (17.25pt too wide) in paragraph at lines 428--428
[]\TU/lmtt/m/n/10 ## M31Fcsw    M31Fcsw  ILBC_04        AAGAGA                 
  TCTCTT[] 
 []


Overfull \hbox (17.25pt too wide) in paragraph at lines 428--428
[]\TU/lmtt/m/n/10 ## M11Fcsw    M11Fcsw  ILBC_05        AAGCTG                 
  CAGCTT[] 
 []


Overfull \hbox (17.25pt too wide) in paragraph at lines 428--428
[]\TU/lmtt/m/n/10 ## ...            ...      ...           ...                 
     ...[] 
 []


Overfull \hbox (17.25pt too wide) in paragraph at lines 428--428
[]\TU/lmtt/m/n/10 ## TS28         TS28   ILBC_25        ACCAGA                 
  TCTGGT[] 
 []


Overfull \hbox (17.25pt too wide) in paragraph at lines 428--428
[]\TU/lmtt/m/n/10 ## TS29         TS29   ILBC_26        ACCAGC                 
  GCTGGT[] 
 []


Overfull \hbox (17.25pt too wide) in paragraph at lines 428--428
[]\TU/lmtt/m/n/10 ## Even1        Even1  ILBC_27        ACCGCA                 
  TGCGGT[] 
 []


Overfull \hbox (17.25pt too wide) in paragraph at lines 428--428
[]\TU/lmtt/m/n/10 ## Even2        Even2  ILBC_28        ACCTCG                 
  CGAGGT[] 
 []


Overfull \hbox (17.25pt too wide) in paragraph at lines 428--428
[]\TU/lmtt/m/n/10 ## Even3        Even3  ILBC_29        ACCTGT                 
  ACAGGT[] 
 []

[13]
Overfull \hbox (48.75pt too wide) in paragraph at lines 470--470
[]\TU/lmtt/m/n/10 ##            Kingdom        Phylum        Class        Order
        Family[] 
 []


Overfull \hbox (48.75pt too wide) in paragraph at lines 470--470
[]\TU/lmtt/m/n/10 ##        <character>   <character>  <character>  <character>
   <character>[] 
 []


Overfull \hbox (48.75pt too wide) in paragraph at lines 470--470
[]\TU/lmtt/m/n/10 ## 549322     Archaea Crenarchaeota Thermoprotei           NA
            NA[] 
 []


Overfull \hbox (48.75pt too wide) in paragraph at lines 470--470
[]\TU/lmtt/m/n/10 ## 522457     Archaea Crenarchaeota Thermoprotei           NA
            NA[] 
 []


Overfull \hbox (48.75pt too wide) in paragraph at lines 470--470
[]\TU/lmtt/m/n/10 ## 951        Archaea Crenarchaeota Thermoprotei Sulfolobales
 Sulfolobaceae[] 
 []


Overfull \hbox (48.75pt too wide) in paragraph at lines 470--470
[]\TU/lmtt/m/n/10 ## 244423     Archaea Crenarchaeota        Sd-NA           NA
            NA[] 
 []


Overfull \hbox (48.75pt too wide) in paragraph at lines 470--470
[]\TU/lmtt/m/n/10 ## 586076     Archaea Crenarchaeota        Sd-NA           NA
            NA[] 
 []


Overfull \hbox (48.75pt too wide) in paragraph at lines 470--470
[]\TU/lmtt/m/n/10 ## ...            ...           ...          ...          ...
           ...[] 
 []


Overfull \hbox (48.75pt too wide) in paragraph at lines 470--470
[]\TU/lmtt/m/n/10 ## 278222    Bacteria           SR1           NA           NA
            NA[] 
 []


Overfull \hbox (48.75pt too wide) in paragraph at lines 470--470
[]\TU/lmtt/m/n/10 ## 463590    Bacteria           SR1           NA           NA
            NA[] 
 []


Overfull \hbox (48.75pt too wide) in paragraph at lines 470--470
[]\TU/lmtt/m/n/10 ## 535321    Bacteria           SR1           NA           NA
            NA[] 
 []


Overfull \hbox (48.75pt too wide) in paragraph at lines 470--470
[]\TU/lmtt/m/n/10 ## 200359    Bacteria           SR1           NA           NA
            NA[] 
 []


Overfull \hbox (48.75pt too wide) in paragraph at lines 470--470
[]\TU/lmtt/m/n/10 ## 271582    Bacteria           SR1           NA           NA
            NA[] 
 []

[14]
Overfull \hbox (1.5pt too wide) in paragraph at lines 522--522
[]\TU/lmtt/m/n/10 ##           nodeLab   nodeNum nodeLab_alias    isLeaf   whic
hTree[] 
 []


Overfull \hbox (1.5pt too wide) in paragraph at lines 522--522
[]\TU/lmtt/m/n/10 ##       <character> <integer>   <character> <logical> <chara
cter>[] 
 []


Overfull \hbox (1.5pt too wide) in paragraph at lines 522--522
[]\TU/lmtt/m/n/10 ## 1          549322         1       alias_1      TRUE       
phylo[] 
 []


Overfull \hbox (1.5pt too wide) in paragraph at lines 522--522
[]\TU/lmtt/m/n/10 ## 2          522457         2       alias_2      TRUE       
phylo[] 
 []


Overfull \hbox (1.5pt too wide) in paragraph at lines 522--522
[]\TU/lmtt/m/n/10 ## 3             951         3       alias_3      TRUE       
phylo[] 
 []


Overfull \hbox (1.5pt too wide) in paragraph at lines 522--522
[]\TU/lmtt/m/n/10 ## 4          244423         4       alias_4      TRUE       
phylo[] 
 []


Overfull \hbox (1.5pt too wide) in paragraph at lines 522--522
[]\TU/lmtt/m/n/10 ## 5          586076         5       alias_5      TRUE       
phylo[] 
 []


Overfull \hbox (1.5pt too wide) in paragraph at lines 522--522
[]\TU/lmtt/m/n/10 ## ...           ...       ...           ...       ...       
  ...[] 
 []


Overfull \hbox (1.5pt too wide) in paragraph at lines 522--522
[]\TU/lmtt/m/n/10 ## 19212      278222     19212   alias_19212      TRUE       
phylo[] 
 []


Overfull \hbox (1.5pt too wide) in paragraph at lines 522--522
[]\TU/lmtt/m/n/10 ## 19213      463590     19213   alias_19213      TRUE       
phylo[] 
 []


Overfull \hbox (1.5pt too wide) in paragraph at lines 522--522
[]\TU/lmtt/m/n/10 ## 19214      535321     19214   alias_19214      TRUE       
phylo[] 
 []


Overfull \hbox (1.5pt too wide) in paragraph at lines 522--522
[]\TU/lmtt/m/n/10 ## 19215      200359     19215   alias_19215      TRUE       
phylo[] 
 []


Overfull \hbox (1.5pt too wide) in paragraph at lines 522--522
[]\TU/lmtt/m/n/10 ## 19216      271582     19216   alias_19216      TRUE       
phylo[] 
 []


Overfull \hbox (59.25pt too wide) in paragraph at lines 571--571
[]\TU/lmtt/m/n/10 ##    FeatureID SampleID relabundance Kingdom Phylum Class Or
der Family Genus[] 
 []


Overfull \hbox (59.25pt too wide) in paragraph at lines 571--571
[]\TU/lmtt/m/n/10 ##    <fct>     <fct>           <dbl> <chr>   <chr>  <chr> <c
hr> <chr>  <chr>[] 
 []


Overfull \hbox (54.0pt too wide) in paragraph at lines 571--571
[]\TU/lmtt/m/n/10 ##  1 549322    CL3                 0 Archaea Crena~ Ther~ <N
A>  <NA>   <NA>[] 
 []

[15]
Overfull \hbox (54.0pt too wide) in paragraph at lines 571--571
[]\TU/lmtt/m/n/10 ##  2 549322    CC1                 0 Archaea Crena~ Ther~ <N
A>  <NA>   <NA>[] 
 []


Overfull \hbox (54.0pt too wide) in paragraph at lines 571--571
[]\TU/lmtt/m/n/10 ##  3 549322    SV1                 0 Archaea Crena~ Ther~ <N
A>  <NA>   <NA>[] 
 []


Overfull \hbox (54.0pt too wide) in paragraph at lines 571--571
[]\TU/lmtt/m/n/10 ##  4 549322    M31Fcsw             0 Archaea Crena~ Ther~ <N
A>  <NA>   <NA>[] 
 []


Overfull \hbox (54.0pt too wide) in paragraph at lines 571--571
[]\TU/lmtt/m/n/10 ##  5 549322    M11Fcsw             0 Archaea Crena~ Ther~ <N
A>  <NA>   <NA>[] 
 []


Overfull \hbox (54.0pt too wide) in paragraph at lines 571--571
[]\TU/lmtt/m/n/10 ##  6 549322    M31Plmr             0 Archaea Crena~ Ther~ <N
A>  <NA>   <NA>[] 
 []


Overfull \hbox (54.0pt too wide) in paragraph at lines 571--571
[]\TU/lmtt/m/n/10 ##  7 549322    M11Plmr             0 Archaea Crena~ Ther~ <N
A>  <NA>   <NA>[] 
 []


Overfull \hbox (54.0pt too wide) in paragraph at lines 571--571
[]\TU/lmtt/m/n/10 ##  8 549322    F21Plmr             0 Archaea Crena~ Ther~ <N
A>  <NA>   <NA>[] 
 []


Overfull \hbox (54.0pt too wide) in paragraph at lines 571--571
[]\TU/lmtt/m/n/10 ##  9 549322    M31Tong             0 Archaea Crena~ Ther~ <N
A>  <NA>   <NA>[] 
 []


Overfull \hbox (54.0pt too wide) in paragraph at lines 571--571
[]\TU/lmtt/m/n/10 ## 10 549322    M11Tong             0 Archaea Crena~ Ther~ <N
A>  <NA>   <NA>[] 
 []


Overfull \hbox (17.25pt too wide) in paragraph at lines 571--571
[]\TU/lmtt/m/n/10 ## # ... with 499,606 more rows, and 8 more variables: Specie
s <chr>,[] 
 []


Overfull \hbox (43.5pt too wide) in paragraph at lines 662--662
[]\TU/lmtt/m/n/10 [1] LC_COLLATE=English_Netherlands.1252  LC_CTYPE=English_Net
herlands.1252[] 
 []


Overfull \hbox (33.0pt too wide) in paragraph at lines 662--662
[]\TU/lmtt/m/n/10 [1] parallel  stats4    stats     graphics  grDevices utils  
   datasets[] 
 []


Overfull \hbox (12.0pt too wide) in paragraph at lines 662--662
[] \TU/lmtt/m/n/10 [1] mia_0.98.31                     TreeSummarizedExperiment
_1.99.9[] 
 []

[16] [17] [18] [19

] [20]
Chapter 2.

Overfull \hbox (43.5pt too wide) in paragraph at lines 716--716
[]\TU/lmtt/m/n/10 [1] LC_COLLATE=English_Netherlands.1252  LC_CTYPE=English_Net
herlands.1252[] 
 []


Overfull \hbox (12.0pt too wide) in paragraph at lines 716--716
[]\TU/lmtt/m/n/10 [1] stats     graphics  grDevices utils     datasets  methods
   base[] 
 []

[21

] [22]
Chapter 3.

Underfull \vbox (badness 3354) has occurred while \output is active []

[23

]
Overfull \hbox (54.0pt too wide) in paragraph at lines 802--802
[]\TU/lmtt/m/n/10 ## [1] "Kingdom" "Phylum"  "Class"   "Order"   "Family"  "Gen
us"   "Species"[] 
 []


Overfull \hbox (48.75pt too wide) in paragraph at lines 840--840
[]\TU/lmtt/m/n/10 ##            Kingdom        Phylum        Class        Order
        Family[] 
 []


Overfull \hbox (48.75pt too wide) in paragraph at lines 840--840
[]\TU/lmtt/m/n/10 ##        <character>   <character>  <character>  <character>
   <character>[] 
 []


Overfull \hbox (48.75pt too wide) in paragraph at lines 840--840
[]\TU/lmtt/m/n/10 ## 549322     Archaea Crenarchaeota Thermoprotei           NA
            NA[] 
 []


Overfull \hbox (48.75pt too wide) in paragraph at lines 840--840
[]\TU/lmtt/m/n/10 ## 522457     Archaea Crenarchaeota Thermoprotei           NA
            NA[] 
 []


Overfull \hbox (48.75pt too wide) in paragraph at lines 840--840
[]\TU/lmtt/m/n/10 ## 951        Archaea Crenarchaeota Thermoprotei Sulfolobales
 Sulfolobaceae[] 
 []


Overfull \hbox (48.75pt too wide) in paragraph at lines 840--840
[]\TU/lmtt/m/n/10 ## 244423     Archaea Crenarchaeota        Sd-NA           NA
            NA[] 
 []


Overfull \hbox (48.75pt too wide) in paragraph at lines 840--840
[]\TU/lmtt/m/n/10 ## 586076     Archaea Crenarchaeota        Sd-NA           NA
            NA[] 
 []


Overfull \hbox (48.75pt too wide) in paragraph at lines 840--840
[]\TU/lmtt/m/n/10 ## ...            ...           ...          ...          ...
           ...[] 
 []


Overfull \hbox (48.75pt too wide) in paragraph at lines 840--840
[]\TU/lmtt/m/n/10 ## 278222    Bacteria           SR1           NA           NA
            NA[] 
 []


Overfull \hbox (48.75pt too wide) in paragraph at lines 840--840
[]\TU/lmtt/m/n/10 ## 463590    Bacteria           SR1           NA           NA
            NA[] 
 []


Overfull \hbox (48.75pt too wide) in paragraph at lines 840--840
[]\TU/lmtt/m/n/10 ## 535321    Bacteria           SR1           NA           NA
            NA[] 
 []


Overfull \hbox (48.75pt too wide) in paragraph at lines 840--840
[]\TU/lmtt/m/n/10 ## 200359    Bacteria           SR1           NA           NA
            NA[] 
 []


Overfull \hbox (48.75pt too wide) in paragraph at lines 840--840
[]\TU/lmtt/m/n/10 ## 271582    Bacteria           SR1           NA           NA
            NA[] 
 []

[24]
Overfull \hbox (75.0pt too wide) in paragraph at lines 909--909
[]\TU/lmtt/m/n/10 ## [1] "Crenarchaeota"    "Crenarchaeota_1"  "Crenarchaeota_2
"  "Actinobacteria"[] 
 []

[25]
Overfull \hbox (59.25pt too wide) in paragraph at lines 936--936
[]\TU/lmtt/m/n/10 ## [1] "Phylum:Crenarchaeota"  "Phylum:Crenarchaeota"  "Phylu
m:Crenarchaeota"[] 
 []


Overfull \hbox (54.0pt too wide) in paragraph at lines 936--936
[]\TU/lmtt/m/n/10 ## [4] "Phylum:Actinobacteria" "Phylum:Actinobacteria" "Phylu
m:Spirochaetes"[] 
 []


Overfull \hbox (35.20001pt too wide) in paragraph at lines 938--941
[]\TU/lmr/m/n/10 To apply the loop resolving function \TU/lmtt/m/n/10 resolveLo
op \TU/lmr/m/n/10 from the \TU/lmtt/m/n/10 TreeSummarizedExperiment
 []


Overfull \hbox (521.25pt too wide) in paragraph at lines 964--964
[]\TU/lmtt/m/n/10 ##   Species:Cenarchaeumsymbiosum, Species:pIVWA5, Species:Ca
ndidatusNitrososphaeragargensis, Species:SCA1145, Species:SCA1170, Species:Sulf
olobusacidocaldarius, ...[] 
 []


Overfull \hbox (190.5pt too wide) in paragraph at lines 964--964
[]\TU/lmtt/m/n/10 ##   root:ALL, Kingdom:Archaea, Phylum:Crenarchaeota, Class:C
2, Class:Sd-NA, Class:Thaumarchaeota, ...[] 
 []


Overfull \hbox (33.0pt too wide) in paragraph at lines 989--989
[]\TU/lmtt/m/n/10 ## rownames(19216): Class:Thermoprotei Class:Thermoprotei ...
 Phylum:SR1[] 
 []

[26]
Underfull \hbox (badness 3735) in paragraph at lines 991--993
[]\TU/lmr/m/n/10 The implementation is based on the the \TU/lmtt/m/n/10 toTree 
\TU/lmr/m/n/10 function from the
 []

[27]
Overfull \hbox (80.25pt too wide) in paragraph at lines 1065--1065
[]\TU/lmtt/m/n/10 ##                            CL3       CC1 SV1 M31Fcsw M11Fc
sw M31Plmr   M11Plmr[] 
 []


Overfull \hbox (80.25pt too wide) in paragraph at lines 1065--1065
[]\TU/lmtt/m/n/10 ## Class:Thermoprotei   0.0000000 0.000e+00   0       0      
 0       0 0.000e+00[] 
 []


Overfull \hbox (80.25pt too wide) in paragraph at lines 1065--1065
[]\TU/lmtt/m/n/10 ## Family:Sulfolobaceae 0.0000000 0.000e+00   0       0      
 0       0 2.305e-06[] 
 []


Overfull \hbox (80.25pt too wide) in paragraph at lines 1065--1065
[]\TU/lmtt/m/n/10 ## Class:Sd-NA          0.0000000 0.000e+00   0       0      
 0       0 0.000e+00[] 
 []


Overfull \hbox (80.25pt too wide) in paragraph at lines 1065--1065
[]\TU/lmtt/m/n/10 ## Order:NRP-J          0.0001991 2.070e-04   0       0      
 0       0 6.914e-06[] 
 []


Overfull \hbox (80.25pt too wide) in paragraph at lines 1065--1065
[]\TU/lmtt/m/n/10 ## Family:SAGMA-X       0.0000000 6.165e-06   0       0      
 0       0 0.000e+00[] 
 []


Overfull \hbox (6.75pt too wide) in paragraph at lines 1080--1080
[]\TU/lmtt/m/n/10 ##                      CL3 CC1 SV1 M31Fcsw M11Fcsw M31Plmr M
11Plmr[] 
 []


Overfull \hbox (6.75pt too wide) in paragraph at lines 1080--1080
[]\TU/lmtt/m/n/10 ## Class:Thermoprotei     0   0   0       0       0       0  
     0[] 
 []


Overfull \hbox (6.75pt too wide) in paragraph at lines 1080--1080
[]\TU/lmtt/m/n/10 ## Family:Sulfolobaceae   0   0   0       0       0       0  
     1[] 
 []


Overfull \hbox (6.75pt too wide) in paragraph at lines 1080--1080
[]\TU/lmtt/m/n/10 ## Class:Sd-NA            0   0   0       0       0       0  
     0[] 
 []


Overfull \hbox (6.75pt too wide) in paragraph at lines 1080--1080
[]\TU/lmtt/m/n/10 ## Order:NRP-J          172 235   0       0       0       0  
     3[] 
 []


Overfull \hbox (6.75pt too wide) in paragraph at lines 1080--1080
[]\TU/lmtt/m/n/10 ## Family:SAGMA-X         0   7   0       0       0       0  
     0[] 
 []


Overfull \hbox (12.0pt too wide) in paragraph at lines 1115--1115
[]\TU/lmtt/m/n/10 ##               Class:Thermoprotei               Class:Therm
oprotei[] 
 []


Overfull \hbox (12.0pt too wide) in paragraph at lines 1115--1115
[]\TU/lmtt/m/n/10 ##                                0                          
      0[] 
 []


Overfull \hbox (12.0pt too wide) in paragraph at lines 1115--1115
[]\TU/lmtt/m/n/10 ## Species:Sulfolobusacidocaldarius                      Clas
s:Sd-NA[] 
 []


Overfull \hbox (12.0pt too wide) in paragraph at lines 1115--1115
[]\TU/lmtt/m/n/10 ##                                0                          
      0[] 
 []


Overfull \hbox (12.0pt too wide) in paragraph at lines 1115--1115
[]\TU/lmtt/m/n/10 ##                      Class:Sd-NA                      Clas
s:Sd-NA[] 
 []


Overfull \hbox (12.0pt too wide) in paragraph at lines 1115--1115
[]\TU/lmtt/m/n/10 ##                                0                          
      0[] 
 []


Overfull \hbox (12.0pt too wide) in paragraph at lines 1115--1115
[]\TU/lmtt/m/n/10 ##                      Order:NRP-J                      Orde
r:NRP-J[] 
 []


Overfull \hbox (12.0pt too wide) in paragraph at lines 1115--1115
[]\TU/lmtt/m/n/10 ##                                1                          
      0[] 
 []


Overfull \hbox (12.0pt too wide) in paragraph at lines 1115--1115
[]\TU/lmtt/m/n/10 ##                      Order:NRP-J                      Orde
r:NRP-J[] 
 []


Overfull \hbox (12.0pt too wide) in paragraph at lines 1115--1115
[]\TU/lmtt/m/n/10 ##                              194                          
      5[] 
 []


Underfull \vbox (badness 1484) has occurred while \output is active []

[28]
Overfull \hbox (85.5pt too wide) in paragraph at lines 1132--1132
[]\TU/lmtt/m/n/10 ##     CL3     CC1     SV1 M31Fcsw M11Fcsw M31Plmr M11Plmr F2
1Plmr M31Tong M11Tong[] 
 []


Overfull \hbox (85.5pt too wide) in paragraph at lines 1132--1132
[]\TU/lmtt/m/n/10 ##       2      18       2       0       0       0       0   
    1       0       0[] 
 []


Overfull \hbox (43.5pt too wide) in paragraph at lines 1208--1208
[]\TU/lmtt/m/n/10 [1] LC_COLLATE=English_Netherlands.1252  LC_CTYPE=English_Net
herlands.1252[] 
 []


Overfull \hbox (33.0pt too wide) in paragraph at lines 1208--1208
[]\TU/lmtt/m/n/10 [1] parallel  stats4    stats     graphics  grDevices utils  
   datasets[] 
 []


Overfull \hbox (12.0pt too wide) in paragraph at lines 1208--1208
[] \TU/lmtt/m/n/10 [1] mia_0.98.31                     TreeSummarizedExperiment
_1.99.9[] 
 []

[29] [30]
Chapter 4.

Overfull \hbox (43.5pt too wide) in paragraph at lines 1263--1263
[]\TU/lmtt/m/n/10 ##            Kingdom         Phylum               Class     
        Order[] 
 []


Overfull \hbox (43.5pt too wide) in paragraph at lines 1263--1263
[]\TU/lmtt/m/n/10 ##        <character>    <character>         <character>     
  <character>[] 
 []


Overfull \hbox (43.5pt too wide) in paragraph at lines 1263--1263
[]\TU/lmtt/m/n/10 ## 549656    Bacteria  Cyanobacteria         Chloroplast     
Stramenopiles[] 
 []


Overfull \hbox (43.5pt too wide) in paragraph at lines 1263--1263
[]\TU/lmtt/m/n/10 ## 331820    Bacteria  Bacteroidetes         Bacteroidia     
Bacteroidales[] 
 []


Overfull \hbox (43.5pt too wide) in paragraph at lines 1263--1263
[]\TU/lmtt/m/n/10 ## 317182    Bacteria  Cyanobacteria         Chloroplast     
Stramenopiles[] 
 []


Overfull \hbox (43.5pt too wide) in paragraph at lines 1263--1263
[]\TU/lmtt/m/n/10 ## 94166     Bacteria Proteobacteria Gammaproteobacteria    P
asteurellales[] 
 []


Overfull \hbox (43.5pt too wide) in paragraph at lines 1263--1263
[]\TU/lmtt/m/n/10 ## 279599    Bacteria  Cyanobacteria    Nostocophycideae     
   Nostocales[] 
 []


Overfull \hbox (43.5pt too wide) in paragraph at lines 1263--1263
[]\TU/lmtt/m/n/10 ## 158660    Bacteria  Bacteroidetes         Bacteroidia     
Bacteroidales[] 
 []


Overfull \hbox (43.5pt too wide) in paragraph at lines 1263--1263
[]\TU/lmtt/m/n/10 ## 329744    Bacteria Actinobacteria      Actinobacteria   Ac
tinomycetales[] 
 []


Overfull \hbox (43.5pt too wide) in paragraph at lines 1263--1263
[]\TU/lmtt/m/n/10 ## 326977    Bacteria Actinobacteria      Actinobacteria Bifi
dobacteriales[] 
 []


Overfull \hbox (43.5pt too wide) in paragraph at lines 1263--1263
[]\TU/lmtt/m/n/10 ## 248140    Bacteria  Bacteroidetes         Bacteroidia     
Bacteroidales[] 
 []


Overfull \hbox (43.5pt too wide) in paragraph at lines 1263--1263
[]\TU/lmtt/m/n/10 ## 550960    Bacteria Proteobacteria Gammaproteobacteria Ente
robacteriales[] 
 []


Overfull \hbox (6.75pt too wide) in paragraph at lines 1263--1263
[]\TU/lmtt/m/n/10 ##                    Family           Genus                S
pecies[] 
 []


Overfull \hbox (6.75pt too wide) in paragraph at lines 1263--1263
[]\TU/lmtt/m/n/10 ##               <character>     <character>            <char
acter>[] 
 []


Overfull \hbox (6.75pt too wide) in paragraph at lines 1263--1263
[]\TU/lmtt/m/n/10 ## 549656                 NA              NA                 
    NA[] 
 []

[31

]
Overfull \hbox (6.75pt too wide) in paragraph at lines 1263--1263
[]\TU/lmtt/m/n/10 ## 331820     Bacteroidaceae     Bacteroides                 
    NA[] 
 []


Overfull \hbox (6.75pt too wide) in paragraph at lines 1263--1263
[]\TU/lmtt/m/n/10 ## 317182                 NA              NA                 
    NA[] 
 []


Overfull \hbox (6.75pt too wide) in paragraph at lines 1263--1263
[]\TU/lmtt/m/n/10 ## 94166     Pasteurellaceae     Haemophilus Haemophilusparai
nflu..[] 
 []


Overfull \hbox (6.75pt too wide) in paragraph at lines 1263--1263
[]\TU/lmtt/m/n/10 ## 279599        Nostocaceae  Dolichospermum                 
    NA[] 
 []


Overfull \hbox (6.75pt too wide) in paragraph at lines 1263--1263
[]\TU/lmtt/m/n/10 ## 158660     Bacteroidaceae     Bacteroides                 
    NA[] 
 []


Overfull \hbox (6.75pt too wide) in paragraph at lines 1263--1263
[]\TU/lmtt/m/n/10 ## 329744             ACK-M1              NA                 
    NA[] 
 []


Overfull \hbox (6.75pt too wide) in paragraph at lines 1263--1263
[]\TU/lmtt/m/n/10 ## 326977 Bifidobacteriaceae Bifidobacterium Bifidobacteriuma
dole..[] 
 []


Overfull \hbox (6.75pt too wide) in paragraph at lines 1263--1263
[]\TU/lmtt/m/n/10 ## 248140     Bacteroidaceae     Bacteroides      Bacteroides
caccae[] 
 []


Overfull \hbox (6.75pt too wide) in paragraph at lines 1263--1263
[]\TU/lmtt/m/n/10 ## 550960 Enterobacteriaceae     Providencia                 
    NA[] 
 []


Overfull \hbox (31.24pt too wide) in paragraph at lines 1268--1272
\TU/lmr/m/n/10 The total counts/sample can be calculated using the \TU/lmtt/m/n
/10 perCellQCMetrics\TU/lmr/m/n/10 /\TU/lmtt/m/n/10 addPerCellQC
 []


Overfull \hbox (17.25pt too wide) in paragraph at lines 1358--1358
[]\TU/lmtt/m/n/10 ##         X.SampleID   Primer Final_Barcode Barcode_truncate
d_plus_T[] 
 []


Overfull \hbox (17.25pt too wide) in paragraph at lines 1358--1358
[]\TU/lmtt/m/n/10 ##           <factor> <factor>      <factor>                 
<factor>[] 
 []


Overfull \hbox (17.25pt too wide) in paragraph at lines 1358--1358
[]\TU/lmtt/m/n/10 ## CL3        CL3      ILBC_01        AACGCA                 
  TGCGTT[] 
 []


Overfull \hbox (17.25pt too wide) in paragraph at lines 1358--1358
[]\TU/lmtt/m/n/10 ## CC1        CC1      ILBC_02        AACTCG                 
  CGAGTT[] 
 []


Overfull \hbox (17.25pt too wide) in paragraph at lines 1358--1358
[]\TU/lmtt/m/n/10 ## SV1        SV1      ILBC_03        AACTGT                 
  ACAGTT[] 
 []


Overfull \hbox (17.25pt too wide) in paragraph at lines 1358--1358
[]\TU/lmtt/m/n/10 ## M31Fcsw    M31Fcsw  ILBC_04        AAGAGA                 
  TCTCTT[] 
 []


Overfull \hbox (17.25pt too wide) in paragraph at lines 1358--1358
[]\TU/lmtt/m/n/10 ## M11Fcsw    M11Fcsw  ILBC_05        AAGCTG                 
  CAGCTT[] 
 []


Overfull \hbox (17.25pt too wide) in paragraph at lines 1358--1358
[]\TU/lmtt/m/n/10 ## ...            ...      ...           ...                 
     ...[] 
 []


Overfull \hbox (17.25pt too wide) in paragraph at lines 1358--1358
[]\TU/lmtt/m/n/10 ## TS28         TS28   ILBC_25        ACCAGA                 
  TCTGGT[] 
 []

[32]
Overfull \hbox (17.25pt too wide) in paragraph at lines 1358--1358
[]\TU/lmtt/m/n/10 ## TS29         TS29   ILBC_26        ACCAGC                 
  GCTGGT[] 
 []


Overfull \hbox (17.25pt too wide) in paragraph at lines 1358--1358
[]\TU/lmtt/m/n/10 ## Even1        Even1  ILBC_27        ACCGCA                 
  TGCGGT[] 
 []


Overfull \hbox (17.25pt too wide) in paragraph at lines 1358--1358
[]\TU/lmtt/m/n/10 ## Even2        Even2  ILBC_28        ACCTCG                 
  CGAGGT[] 
 []


Overfull \hbox (17.25pt too wide) in paragraph at lines 1358--1358
[]\TU/lmtt/m/n/10 ## Even3        Even3  ILBC_29        ACCTGT                 
  ACAGGT[] 
 []


Overfull \hbox (38.25pt too wide) in paragraph at lines 1358--1358
[]\TU/lmtt/m/n/10 ##                                        Description       s
um  detected[] 
 []


Overfull \hbox (38.25pt too wide) in paragraph at lines 1358--1358
[]\TU/lmtt/m/n/10 ##                                           <factor> <numeri
c> <numeric>[] 
 []


Overfull \hbox (38.25pt too wide) in paragraph at lines 1358--1358
[]\TU/lmtt/m/n/10 ## CL3     Calhoun South Carolina Pine soil, pH 4.9      8640
77      6964[] 
 []


Overfull \hbox (38.25pt too wide) in paragraph at lines 1358--1358
[]\TU/lmtt/m/n/10 ## CC1     Cedar Creek Minnesota, grassland, pH 6.1     11354
57      7679[] 
 []


Overfull \hbox (38.25pt too wide) in paragraph at lines 1358--1358
[]\TU/lmtt/m/n/10 ## SV1     Sevilleta new Mexico, desert scrub, pH 8.3    6975
09      5729[] 
 []


Overfull \hbox (38.25pt too wide) in paragraph at lines 1358--1358
[]\TU/lmtt/m/n/10 ## M31Fcsw M3, Day 1, fecal swab, whole body study      15434
51      2667[] 
 []


Overfull \hbox (38.25pt too wide) in paragraph at lines 1358--1358
[]\TU/lmtt/m/n/10 ## M11Fcsw M1, Day 1, fecal swab, whole body study      20764
76      2574[] 
 []


Overfull \hbox (38.25pt too wide) in paragraph at lines 1358--1358
[]\TU/lmtt/m/n/10 ## ...                                            ...       .
..       ...[] 
 []


Overfull \hbox (38.25pt too wide) in paragraph at lines 1358--1358
[]\TU/lmtt/m/n/10 ## TS28                                       Twin #1    9374
66      2679[] 
 []


Overfull \hbox (38.25pt too wide) in paragraph at lines 1358--1358
[]\TU/lmtt/m/n/10 ## TS29                                       Twin #2   12110
71      2629[] 
 []


Overfull \hbox (38.25pt too wide) in paragraph at lines 1358--1358
[]\TU/lmtt/m/n/10 ## Even1                                      Even1     12161
37      4213[] 
 []


Overfull \hbox (38.25pt too wide) in paragraph at lines 1358--1358
[]\TU/lmtt/m/n/10 ## Even2                                      Even2      9710
73      3130[] 
 []


Overfull \hbox (38.25pt too wide) in paragraph at lines 1358--1358
[]\TU/lmtt/m/n/10 ## Even3                                      Even3     10782
41      2776[] 
 []

[33]
File: 12-quality-control_files/figure-latex/plot-viz-lib-size-1-1.pdf Graphic f
ile (type pdf)
<use 12-quality-control_files/figure-latex/plot-viz-lib-size-1-1.pdf>
File: 12-quality-control_files/figure-latex/plot-viz-lib-size-2-1.pdf Graphic f
ile (type pdf)
<use 12-quality-control_files/figure-latex/plot-viz-lib-size-2-1.pdf>

Underfull \vbox (badness 10000) has occurred while \output is active []

[34]
Overfull \hbox (43.5pt too wide) in paragraph at lines 1466--1466
[]\TU/lmtt/m/n/10 [1] LC_COLLATE=English_Netherlands.1252  LC_CTYPE=English_Net
herlands.1252[] 
 []


Overfull \hbox (33.0pt too wide) in paragraph at lines 1466--1466
[]\TU/lmtt/m/n/10 [1] parallel  stats4    stats     graphics  grDevices utils  
   datasets[] 
 []


Overfull \hbox (12.0pt too wide) in paragraph at lines 1466--1466
[] \TU/lmtt/m/n/10 [3] mia_0.98.31                     TreeSummarizedExperiment
_1.99.9[] 
 []


Underfull \vbox (badness 2181) has occurred while \output is active []

[35] [36]
Chapter 5.
[37

]
Overfull \hbox (27.75pt too wide) in paragraph at lines 1558--1558
[]\TU/lmtt/m/n/10 ##   Phylum:Bacteroidetes  Phylum:Proteobacteria  Phylum:Acti
nobacteria[] 
 []


Overfull \hbox (27.75pt too wide) in paragraph at lines 1558--1558
[]\TU/lmtt/m/n/10 ##                 1.0000                 0.9231             
    0.8462[] 
 []


Overfull \hbox (27.75pt too wide) in paragraph at lines 1558--1558
[]\TU/lmtt/m/n/10 ##   Phylum:Cyanobacteria      Phylum:Firmicutes Phylum:Verru
comicrobia[] 
 []


Overfull \hbox (27.75pt too wide) in paragraph at lines 1558--1558
[]\TU/lmtt/m/n/10 ##                 0.6154                 0.5769             
    0.4615[] 
 []


Overfull \hbox (27.75pt too wide) in paragraph at lines 1576--1576
[]\TU/lmtt/m/n/10 ##   Phylum:Bacteroidetes  Phylum:Proteobacteria  Phylum:Acti
nobacteria[] 
 []


Overfull \hbox (27.75pt too wide) in paragraph at lines 1576--1576
[]\TU/lmtt/m/n/10 ##                 1.0000                 0.9231             
    0.8462[] 
 []


Overfull \hbox (27.75pt too wide) in paragraph at lines 1576--1576
[]\TU/lmtt/m/n/10 ##   Phylum:Cyanobacteria      Phylum:Firmicutes Phylum:Verru
comicrobia[] 
 []


Overfull \hbox (27.75pt too wide) in paragraph at lines 1576--1576
[]\TU/lmtt/m/n/10 ##                 0.6154                 0.5769             
    0.4615[] 
 []

[38]
File: 13-microbiome-exploration_files/figure-latex/unnamed-chunk-5-1.pdf Graphi
c file (type pdf)
<use 13-microbiome-exploration_files/figure-latex/unnamed-chunk-5-1.pdf>
[39]
Underfull \hbox (badness 1406) in paragraph at lines 1654--1656
[]\TU/lmr/m/n/10 After some preparation the data is assembled and can be plotte
d via
 []

File: 13-microbiome-exploration_files/figure-latex/plot-prev-prev-1.pdf Graphic
 file (type pdf)
<use 13-microbiome-exploration_files/figure-latex/plot-prev-prev-1.pdf>
File: 13-microbiome-exploration_files/figure-latex/plot-prev-mean-1.pdf Graphic
 file (type pdf)
<use 13-microbiome-exploration_files/figure-latex/plot-prev-mean-1.pdf>
[40] [41]
Overfull \hbox (43.5pt too wide) in paragraph at lines 1774--1774
[]\TU/lmtt/m/n/10 [1] LC_COLLATE=English_Netherlands.1252  LC_CTYPE=English_Net
herlands.1252[] 
 []


Overfull \hbox (33.0pt too wide) in paragraph at lines 1774--1774
[]\TU/lmtt/m/n/10 [1] parallel  stats4    stats     graphics  grDevices utils  
   datasets[] 
 []


Overfull \hbox (12.0pt too wide) in paragraph at lines 1774--1774
[] \TU/lmtt/m/n/10 [5] mia_0.98.31                     TreeSummarizedExperiment
_1.99.9[] 
 []

[42] [43] [44

]
Chapter 6.

Package natbib Warning: Citation `reference' on page 45 undefined on input line
 1817.


Package natbib Warning: Citation `reference' on page 45 undefined on input line
 1817.

[45]
File: 14-microbiome-diversity_files/figure-latex/plot-div-shannon-1.pdf Graphic
 file (type pdf)
<use 14-microbiome-diversity_files/figure-latex/plot-div-shannon-1.pdf>
[46] [47]
File: 14-microbiome-diversity_files/figure-latex/plot-all-diversities-1.pdf Gra
phic file (type pdf)
<use 14-microbiome-diversity_files/figure-latex/plot-all-diversities-1.pdf>

Underfull \vbox (badness 10000) has occurred while \output is active []

[48]
File: 14-microbiome-diversity_files/figure-latex/plot-mds-bray-curtis-1.pdf Gra
phic file (type pdf)
<use 14-microbiome-diversity_files/figure-latex/plot-mds-bray-curtis-1.pdf>
[49]
File: 14-microbiome-diversity_files/figure-latex/plot-mds-nmds-comparison-1.pdf
 Graphic file (type pdf)
<use 14-microbiome-diversity_files/figure-latex/plot-mds-nmds-comparison-1.pdf>

File: 14-microbiome-diversity_files/figure-latex/plot-unifrac-1.pdf Graphic fil
e (type pdf)
<use 14-microbiome-diversity_files/figure-latex/plot-unifrac-1.pdf>
[50] [51]
File: 14-microbiome-diversity_files/figure-latex/plot-pca-1.pdf Graphic file (t
ype pdf)
<use 14-microbiome-diversity_files/figure-latex/plot-pca-1.pdf>
File: 14-microbiome-diversity_files/figure-latex/plot-tsne-1.pdf Graphic file (
type pdf)
<use 14-microbiome-diversity_files/figure-latex/plot-tsne-1.pdf>
[52]
File: 14-microbiome-diversity_files/figure-latex/unnamed-chunk-3-1.pdf Graphic 
file (type pdf)
<use 14-microbiome-diversity_files/figure-latex/unnamed-chunk-3-1.pdf>

Underfull \vbox (badness 10000) has occurred while \output is active []


Overfull \hbox (161.45012pt too wide) has occurred while \output is active
\TU/lmr/m/sl/10 6.3.  COMMUNITY COMPARISONS [TODO COMBINE WITH THE MATERIAL ABO
VE FOR SIMPLICITY?] \TU/lmr/m/n/10 53
 []

[53] [54]
File: 14-microbiome-diversity_files/figure-latex/plot-top-coef-anova-1.pdf Grap
hic file (type pdf)
<use 14-microbiome-diversity_files/figure-latex/plot-top-coef-anova-1.pdf>

Overfull \hbox (161.45012pt too wide) has occurred while \output is active
\TU/lmr/m/sl/10 6.3.  COMMUNITY COMPARISONS [TODO COMBINE WITH THE MATERIAL ABO
VE FOR SIMPLICITY?] \TU/lmr/m/n/10 55
 []

[55]
Overfull \hbox (43.5pt too wide) in paragraph at lines 2358--2358
[]\TU/lmtt/m/n/10 [1] LC_COLLATE=English_Netherlands.1252  LC_CTYPE=English_Net
herlands.1252[] 
 []


Overfull \hbox (33.0pt too wide) in paragraph at lines 2358--2358
[]\TU/lmtt/m/n/10 [1] parallel  stats4    stats     graphics  grDevices utils  
   datasets[] 
 []

[56] [57] [58]
Chapter 7.

Overfull \hbox (43.5pt too wide) in paragraph at lines 2413--2413
[]\TU/lmtt/m/n/10 [1] LC_COLLATE=English_Netherlands.1252  LC_CTYPE=English_Net
herlands.1252[] 
 []


Overfull \hbox (12.0pt too wide) in paragraph at lines 2413--2413
[]\TU/lmtt/m/n/10 [1] stats     graphics  grDevices utils     datasets  methods
   base[] 
 []

[59

] [60]
Chapter 8.

Overfull \hbox (43.5pt too wide) in paragraph at lines 2455--2455
[]\TU/lmtt/m/n/10 [1] LC_COLLATE=English_Netherlands.1252  LC_CTYPE=English_Net
herlands.1252[] 
 []


Overfull \hbox (12.0pt too wide) in paragraph at lines 2455--2455
[]\TU/lmtt/m/n/10 [1] stats     graphics  grDevices utils     datasets  methods
   base[] 
 []

[61

] [62]
Chapter 9.

Overfull \hbox (43.5pt too wide) in paragraph at lines 2502--2502
[]\TU/lmtt/m/n/10 [1] LC_COLLATE=English_Netherlands.1252  LC_CTYPE=English_Net
herlands.1252[] 
 []


Overfull \hbox (12.0pt too wide) in paragraph at lines 2502--2502
[]\TU/lmtt/m/n/10 [1] stats     graphics  grDevices utils     datasets  methods
   base[] 
 []

[63

] [64]
Chapter 10.
[65

]
Underfull \hbox (badness 1147) in paragraph at lines 2579--2582
[]\TU/lmr/m/n/10 data in the \TU/lmr/m/it/10 altExp \TU/lmr/m/n/10 slot of the 
\TU/lmtt/m/n/10 TreeSummarizedExperiment\TU/lmr/m/n/10 , if the
 []


Underfull \hbox (badness 1577) in paragraph at lines 2579--2582
\TU/lmr/m/n/10 feature dimensions differ. Each element of the \TU/lmr/m/it/10 a
ltExp \TU/lmr/m/n/10 slot is a
 []

[66]
Underfull \hbox (badness 1622) in paragraph at lines 2658--2660
[]\TU/lmr/m/n/10 For more details of altExp have a look at the []Intro vignette
[] of the
 []


Underfull \hbox (badness 1509) in paragraph at lines 2677--2682
\TU/lmr/m/n/10 sample are defined through a \TU/lmtt/m/n/10 sampleMap\TU/lmr/m/
n/10 . Each element on the
 []

[67]
Overfull \hbox (43.5pt too wide) in paragraph at lines 2782--2782
[]\TU/lmtt/m/n/10 [1] LC_COLLATE=English_Netherlands.1252  LC_CTYPE=English_Net
herlands.1252[] 
 []


Overfull \hbox (33.0pt too wide) in paragraph at lines 2782--2782
[]\TU/lmtt/m/n/10 [1] parallel  stats4    stats     graphics  grDevices utils  
   datasets[] 
 []


Overfull \hbox (12.0pt too wide) in paragraph at lines 2782--2782
[] \TU/lmtt/m/n/10 [1] mia_0.98.31                     TreeSummarizedExperiment
_1.99.9[] 
 []

[68] [69] [70] [71

] [72]
Chapter 11.

Underfull \vbox (badness 1460) has occurred while \output is active []

[73

]
Overfull \hbox (43.5pt too wide) in paragraph at lines 2909--2909
[]\TU/lmtt/m/n/10 [1] LC_COLLATE=English_Netherlands.1252  LC_CTYPE=English_Net
herlands.1252[] 
 []


Overfull \hbox (33.0pt too wide) in paragraph at lines 2909--2909
[]\TU/lmtt/m/n/10 [1] parallel  stats4    stats     graphics  grDevices utils  
   datasets[] 
 []


Overfull \hbox (12.0pt too wide) in paragraph at lines 2909--2909
[] \TU/lmtt/m/n/10 [1] mia_0.98.31                     TreeSummarizedExperiment
_1.99.9[] 
 []

[74] (MiaBook.bbl [75] [76

] [77])

Package natbib Warning: There were undefined citations.

[78] (MiaBook.aux) ) 
Here is how much of TeX's memory you used:
 18821 strings out of 412094
 327122 string characters out of 2851350
 830256 words of memory out of 3000000
 38173 multiletter control sequences out of 15000+200000
 409913 words of font info for 84 fonts, out of 3000000 for 9000
 1348 hyphenation exceptions out of 8191
 94i,6n,118p,1281b,480s stack positions out of 5000i,500n,10000p,200000b,50000s

Output written on MiaBook.pdf (78 pages).
