2021-09-08 20:32:42 INFO::Writing function arguments to log file
2021-09-08 20:32:42 DEBUG::Function arguments
2021-09-08 20:32:42 DEBUG::Output folder: DAA example
2021-09-08 20:32:42 DEBUG::Min Abundance: 0.000000
2021-09-08 20:32:42 DEBUG::Min Prevalence: 0.000000
2021-09-08 20:32:42 DEBUG::Normalization: TSS
2021-09-08 20:32:42 DEBUG::Transform: AST
2021-09-08 20:32:42 DEBUG::Analysis method: LM
2021-09-08 20:32:42 DEBUG::Max significance: 0.250000
2021-09-08 20:32:42 DEBUG::Random effects:
2021-09-08 20:32:42 DEBUG::Fixed effects: pheno
2021-09-08 20:32:42 DEBUG::Correction method: BH
2021-09-08 20:32:42 DEBUG::Standardize: FALSE
2021-09-08 20:32:42 DEBUG::Cores: 1
2021-09-08 20:32:42 INFO::Verifying options selected are valid
2021-09-08 20:32:42 INFO::Determining format of input files
2021-09-08 20:32:42 INFO::Input format is data samples as rows and metadata samples as rows
2021-09-08 20:32:42 DEBUG::A total of 254 samples were found in both the data and metadata
2021-09-08 20:32:42 DEBUG::Reordering data/metadata to use same sample ordering
2021-09-08 20:32:42 INFO::Formula for fixed effects: expr ~  pheno
2021-09-08 20:32:42 INFO::Filter data based on min abundance and min prevalence
2021-09-08 20:32:42 INFO::Total samples in data: 254
2021-09-08 20:32:42 INFO::Min samples required with min abundance for a feature not to be filtered: 0.000000
2021-09-08 20:32:42 INFO::Total filtered features: 0
2021-09-08 20:32:42 INFO::Filtered feature names from abundance and prevalence filtering:
2021-09-08 20:32:42 INFO::Total filtered features with variance filtering: 0
2021-09-08 20:32:42 INFO::Filtered feature names from variance filtering:
2021-09-08 20:32:42 INFO::Running selected normalization method: TSS
2021-09-08 20:32:42 INFO::Bypass z-score application to metadata
2021-09-08 20:32:42 INFO::Running selected transform method: AST
2021-09-08 20:32:42 INFO::Running selected analysis method: LM
2021-09-08 20:32:42 INFO::Fitting model to feature number 1, Acetanaerobacterium
2021-09-08 20:32:42 INFO::Fitting model to feature number 2, Acetivibrio
2021-09-08 20:32:42 INFO::Fitting model to feature number 3, Acidaminococcus
2021-09-08 20:32:42 INFO::Fitting model to feature number 4, Akkermansia
2021-09-08 20:32:42 INFO::Fitting model to feature number 5, Alistipes
2021-09-08 20:32:42 INFO::Fitting model to feature number 6, Allisonella
2021-09-08 20:32:42 INFO::Fitting model to feature number 7, Anaerostipes
2021-09-08 20:32:42 INFO::Fitting model to feature number 8, Anaerotruncus
2021-09-08 20:32:42 INFO::Fitting model to feature number 9, Asaccharobacter
2021-09-08 20:32:42 INFO::Fitting model to feature number 10, Bacteroides
2021-09-08 20:32:42 INFO::Fitting model to feature number 11, Barnesiella
2021-09-08 20:32:42 INFO::Fitting model to feature number 12, Bifidobacterium
2021-09-08 20:32:42 INFO::Fitting model to feature number 13, Butyricicoccus
2021-09-08 20:32:42 INFO::Fitting model to feature number 14, Butyricimonas
2021-09-08 20:32:42 INFO::Fitting model to feature number 15, Catenibacterium
2021-09-08 20:32:42 INFO::Fitting model to feature number 16, Clostridium
2021-09-08 20:32:42 INFO::Fitting model to feature number 17, Collinsella
2021-09-08 20:32:42 INFO::Fitting model to feature number 18, Coprobacillus
2021-09-08 20:32:42 INFO::Fitting model to feature number 19, Coprococcus
2021-09-08 20:32:42 INFO::Fitting model to feature number 20, Desulfovibrio
2021-09-08 20:32:42 INFO::Fitting model to feature number 21, Dialister
2021-09-08 20:32:42 INFO::Fitting model to feature number 22, Dorea
2021-09-08 20:32:42 INFO::Fitting model to feature number 23, Eggerthella
2021-09-08 20:32:42 INFO::Fitting model to feature number 24, Eubacterium
2021-09-08 20:32:42 INFO::Fitting model to feature number 25, Faecalibacterium
2021-09-08 20:32:42 INFO::Fitting model to feature number 26, Gordonibacter
2021-09-08 20:32:42 INFO::Fitting model to feature number 27, Hespellia
2021-09-08 20:32:42 INFO::Fitting model to feature number 28, Holdemania
2021-09-08 20:32:42 INFO::Fitting model to feature number 29, Lachnobacterium
2021-09-08 20:32:42 INFO::Fitting model to feature number 30, Lactobacillus
2021-09-08 20:32:42 INFO::Fitting model to feature number 31, Lactococcus
2021-09-08 20:32:42 INFO::Fitting model to feature number 32, Lactonifactor
2021-09-08 20:32:42 INFO::Fitting model to feature number 33, Marvinbryantia
2021-09-08 20:32:42 INFO::Fitting model to feature number 34, Megasphaera
2021-09-08 20:32:42 INFO::Fitting model to feature number 35, Odoribacter
2021-09-08 20:32:42 INFO::Fitting model to feature number 36, Oribacterium
2021-09-08 20:32:42 INFO::Fitting model to feature number 37, Oscillibacter
2021-09-08 20:32:42 INFO::Fitting model to feature number 38, Parabacteroides
2021-09-08 20:32:42 INFO::Fitting model to feature number 39, Paraprevotella
2021-09-08 20:32:42 INFO::Fitting model to feature number 40, Parasutterella
2021-09-08 20:32:43 INFO::Fitting model to feature number 41, Phascolarctobacterium
2021-09-08 20:32:43 INFO::Fitting model to feature number 42, Prevotella
2021-09-08 20:32:43 INFO::Fitting model to feature number 43, Pseudobutyrivibrio
2021-09-08 20:32:43 INFO::Fitting model to feature number 44, Roseburia
2021-09-08 20:32:43 INFO::Fitting model to feature number 45, Ruminococcus
2021-09-08 20:32:43 INFO::Fitting model to feature number 46, Slackia
2021-09-08 20:32:43 INFO::Fitting model to feature number 47, Sporacetigenium
2021-09-08 20:32:43 INFO::Fitting model to feature number 48, Sporobacter
2021-09-08 20:32:43 INFO::Fitting model to feature number 49, Streptococcus
2021-09-08 20:32:43 INFO::Fitting model to feature number 50, Subdoligranulum
2021-09-08 20:32:43 INFO::Fitting model to feature number 51, Sutterella
2021-09-08 20:32:43 INFO::Fitting model to feature number 52, Tepidibacter
2021-09-08 20:32:43 INFO::Fitting model to feature number 53, Turicibacter
2021-09-08 20:32:43 INFO::Fitting model to feature number 54, Uknown
2021-09-08 20:32:43 INFO::Fitting model to feature number 55, Veillonella
2021-09-08 20:32:43 INFO::Counting total values for each feature
2021-09-08 20:32:43 INFO::Writing residuals to file DAA example/residuals.rds
2021-09-08 20:32:43 INFO::Writing fitted values to file DAA example/fitted.rds
2021-09-08 20:32:43 INFO::Writing all results to file (ordered by increasing q-values): DAA example/all_results.tsv
2021-09-08 20:32:43 INFO::Writing the significant results (those which are less than or equal to the threshold of 0.250000 ) to file (ordered by increasing q-values): DAA example/significant_results.tsv
2021-09-08 20:32:43 INFO::Writing heatmap of significant results to file: DAA example/heatmap.pdf
2021-09-08 20:32:43 INFO::Writing association plots (one for each significant association) to output folder: DAA example
2021-09-08 20:32:43 INFO::Plotting associations from most to least significant, grouped by metadata
2021-09-08 20:32:43 INFO::Plotting data for metadata number 1, pheno
2021-09-08 20:32:43 INFO::Creating boxplot for categorical data, pheno vs Megasphaera
2021-09-08 20:32:43 INFO::Creating boxplot for categorical data, pheno vs Barnesiella
2021-09-08 20:32:43 INFO::Creating boxplot for categorical data, pheno vs Parabacteroides
2021-09-08 20:32:43 INFO::Creating boxplot for categorical data, pheno vs Phascolarctobacterium
2021-09-08 20:32:43 INFO::Creating boxplot for categorical data, pheno vs Alistipes
2021-09-08 20:32:43 INFO::Creating boxplot for categorical data, pheno vs Desulfovibrio
2021-09-08 20:32:43 INFO::Creating boxplot for categorical data, pheno vs Holdemania
2021-09-08 20:32:43 INFO::Creating boxplot for categorical data, pheno vs Acidaminococcus
2021-09-08 20:32:43 INFO::Creating boxplot for categorical data, pheno vs Lactobacillus
2021-09-08 20:32:43 INFO::Creating boxplot for categorical data, pheno vs Oscillibacter
2021-09-08 20:32:43 INFO::Creating boxplot for categorical data, pheno vs Dorea
2021-09-08 20:32:43 INFO::Creating boxplot for categorical data, pheno vs Acetanaerobacterium
2021-09-08 20:32:44 INFO::Creating boxplot for categorical data, pheno vs Catenibacterium
2021-09-08 20:32:44 INFO::Creating boxplot for categorical data, pheno vs Dialister
2021-09-08 20:32:44 INFO::Creating boxplot for categorical data, pheno vs Turicibacter
2021-09-08 20:32:44 INFO::Creating boxplot for categorical data, pheno vs Veillonella
2021-09-08 20:32:44 INFO::Creating boxplot for categorical data, pheno vs Bifidobacterium
2021-09-08 20:32:44 INFO::Creating boxplot for categorical data, pheno vs Coprobacillus
2021-09-08 20:32:44 INFO::Creating boxplot for categorical data, pheno vs Clostridium
2021-09-08 20:32:44 INFO::Creating boxplot for categorical data, pheno vs Eggerthella
2021-09-08 20:32:44 INFO::Creating boxplot for categorical data, pheno vs Allisonella
2021-09-08 20:32:44 INFO::Creating boxplot for categorical data, pheno vs Lachnobacterium
2021-09-08 20:32:44 INFO::Creating boxplot for categorical data, pheno vs Roseburia
2021-09-08 20:32:44 INFO::Creating boxplot for categorical data, pheno vs Collinsella
2021-09-08 20:32:44 INFO::Creating boxplot for categorical data, pheno vs Eubacterium
2021-09-08 20:32:44 INFO::Creating boxplot for categorical data, pheno vs Lactonifactor
2021-09-08 20:32:45 INFO::Creating boxplot for categorical data, pheno vs Ruminococcus
2021-09-08 20:32:45 INFO::Creating boxplot for categorical data, pheno vs Gordonibacter
2021-09-08 20:32:45 INFO::Creating boxplot for categorical data, pheno vs Prevotella
2021-09-08 20:32:45 INFO::Creating boxplot for categorical data, pheno vs Streptococcus
2021-09-08 20:32:45 INFO::Creating boxplot for categorical data, pheno vs Asaccharobacter
2021-09-08 20:32:45 INFO::Creating boxplot for categorical data, pheno vs Paraprevotella
2021-09-08 20:32:45 INFO::Creating boxplot for categorical data, pheno vs Sporobacter
2021-09-08 20:32:45 INFO::Creating boxplot for categorical data, pheno vs Odoribacter
2021-09-08 20:32:45 INFO::Creating boxplot for categorical data, pheno vs Sutterella
